total_num_list [200352380, 139348088]
===============================================
round: 0
Participants: [33 86 19 64 10 95 81 39  2 44]
Accuracy before training:
[tensor(50.5618), tensor(42.5287), tensor(57.7778), tensor(54.9451), tensor(45.4545), tensor(53.3333), tensor(46.5909), tensor(52.8090), tensor(57.3034), tensor(51.6854)]
Accuracy After finetune:
[tensor(41.5730), tensor(33.3333), tensor(43.3333), tensor(41.7582), tensor(48.8636), tensor(48.8889), tensor(37.5000), tensor(39.3258), tensor(34.8315), tensor(37.0787)]
Accuracy After distillation:
[tensor(55.0562), tensor(52.8736), tensor(64.4444), tensor(48.3517), tensor(51.1364), tensor(61.1111), tensor(50.), tensor(51.6854), tensor(52.8090), tensor(55.0562)]
=============================================
accuracy [array(67.77778, dtype=float32), array(58.88889, dtype=float32), array(52.80899, dtype=float32), array(50.54945, dtype=float32), array(57.142857, dtype=float32), array(71.59091, dtype=float32), array(51.685394, dtype=float32), array(51.136364, dtype=float32), array(57.30337, dtype=float32), array(67.77778, dtype=float32), array(51.136364, dtype=float32), array(49.4382, dtype=float32), array(46.590908, dtype=float32), array(68.13187, dtype=float32), array(62.637363, dtype=float32), array(53.932583, dtype=float32), array(56.32184, dtype=float32), array(62.22222, dtype=float32), array(57.30337, dtype=float32), array(64.44444, dtype=float32), array(51.685394, dtype=float32), array(61.11111, dtype=float32), array(45.977013, dtype=float32), array(63.333332, dtype=float32), array(56.179775, dtype=float32), array(59.090908, dtype=float32), array(57.30337, dtype=float32), array(52.747253, dtype=float32), array(54.444443, dtype=float32), array(48.863636, dtype=float32), array(53.488373, dtype=float32), array(53.932583, dtype=float32), array(59.770115, dtype=float32), array(55.05618, dtype=float32), array(56.989246, dtype=float32), array(58.241756, dtype=float32), array(66.666664, dtype=float32), array(42.69663, dtype=float32), array(58.62069, dtype=float32), array(51.685394, dtype=float32), array(51.136364, dtype=float32), array(59.34066, dtype=float32), array(56.043957, dtype=float32), array(54.444443, dtype=float32), array(55.05618, dtype=float32), array(51.685394, dtype=float32), array(50.5618, dtype=float32), array(60., dtype=float32), array(47.727272, dtype=float32), array(52.173912, dtype=float32), array(51.64835, dtype=float32), array(62.22222, dtype=float32), array(67.03297, dtype=float32), array(55.555557, dtype=float32), array(58.241756, dtype=float32), array(53.932583, dtype=float32), array(53.932583, dtype=float32), array(46.153847, dtype=float32), array(57.30337, dtype=float32), array(64.77273, dtype=float32), array(61.11111, dtype=float32), array(64.44444, dtype=float32), array(64.77273, dtype=float32), array(58.241756, dtype=float32), array(48.35165, dtype=float32), array(64.83517, dtype=float32), array(55.05618, dtype=float32), array(50.537636, dtype=float32), array(52.80899, dtype=float32), array(62.637363, dtype=float32), array(51.685394, dtype=float32), array(58.426968, dtype=float32), array(58.695652, dtype=float32), array(62.365593, dtype=float32), array(58.241756, dtype=float32), array(57.608696, dtype=float32), array(56.666668, dtype=float32), array(59.55056, dtype=float32), array(54.945053, dtype=float32), array(58.88889, dtype=float32), array(50., dtype=float32), array(50., dtype=float32), array(58.426968, dtype=float32), array(54.444443, dtype=float32), array(57.77778, dtype=float32), array(55.05618, dtype=float32), array(52.87356, dtype=float32), array(53.932583, dtype=float32), array(67.391304, dtype=float32), array(62.637363, dtype=float32), array(54.444443, dtype=float32), array(57.954544, dtype=float32), array(53.409092, dtype=float32), array(56.81818, dtype=float32), array(59.139786, dtype=float32), array(61.11111, dtype=float32), array(56.179775, dtype=float32), array(61.797752, dtype=float32), array(58.88889, dtype=float32), array(60., dtype=float32)]
average accuracy 56.77826759338379
average accuracy list [56.77826759338379]
-------------------------------------------
total_num_list [200352380, 139348088, 133733826]
===============================================
round: 0
Participants: [55 45 57 44 49 72 52 40 80 92]
Accuracy before training:
[tensor(57.3034), tensor(56.1798), tensor(52.7473), tensor(59.5506), tensor(56.5217), tensor(50.), tensor(62.6374), tensor(56.8182), tensor(60.), tensor(51.1364)]
Accuracy After finetune:
[tensor(33.7079), tensor(34.8315), tensor(28.5714), tensor(49.4382), tensor(35.8696), tensor(42.3913), tensor(48.3517), tensor(36.3636), tensor(34.4444), tensor(36.3636)]
Accuracy After distillation:
[tensor(62.9213), tensor(48.3146), tensor(52.7473), tensor(34.8315), tensor(59.7826), tensor(54.3478), tensor(58.2418), tensor(59.0909), tensor(57.7778), tensor(54.5455)]
=============================================
accuracy [array(67.77778, dtype=float32), array(58.88889, dtype=float32), array(52.80899, dtype=float32), array(50.54945, dtype=float32), array(57.142857, dtype=float32), array(71.59091, dtype=float32), array(51.685394, dtype=float32), array(51.136364, dtype=float32), array(57.30337, dtype=float32), array(67.77778, dtype=float32), array(51.136364, dtype=float32), array(49.4382, dtype=float32), array(46.590908, dtype=float32), array(68.13187, dtype=float32), array(62.637363, dtype=float32), array(53.932583, dtype=float32), array(56.32184, dtype=float32), array(62.22222, dtype=float32), array(57.30337, dtype=float32), array(64.44444, dtype=float32), array(51.685394, dtype=float32), array(61.11111, dtype=float32), array(45.977013, dtype=float32), array(63.333332, dtype=float32), array(56.179775, dtype=float32), array(59.090908, dtype=float32), array(57.30337, dtype=float32), array(52.747253, dtype=float32), array(54.444443, dtype=float32), array(48.863636, dtype=float32), array(53.488373, dtype=float32), array(53.932583, dtype=float32), array(59.770115, dtype=float32), array(55.05618, dtype=float32), array(56.989246, dtype=float32), array(58.241756, dtype=float32), array(66.666664, dtype=float32), array(42.69663, dtype=float32), array(58.62069, dtype=float32), array(51.685394, dtype=float32), array(59.090908, dtype=float32), array(59.34066, dtype=float32), array(56.043957, dtype=float32), array(54.444443, dtype=float32), array(34.83146, dtype=float32), array(48.314606, dtype=float32), array(50.5618, dtype=float32), array(60., dtype=float32), array(47.727272, dtype=float32), array(59.782608, dtype=float32), array(51.64835, dtype=float32), array(62.22222, dtype=float32), array(58.241756, dtype=float32), array(55.555557, dtype=float32), array(58.241756, dtype=float32), array(62.92135, dtype=float32), array(53.932583, dtype=float32), array(52.747253, dtype=float32), array(57.30337, dtype=float32), array(64.77273, dtype=float32), array(61.11111, dtype=float32), array(64.44444, dtype=float32), array(64.77273, dtype=float32), array(58.241756, dtype=float32), array(48.35165, dtype=float32), array(64.83517, dtype=float32), array(55.05618, dtype=float32), array(50.537636, dtype=float32), array(52.80899, dtype=float32), array(62.637363, dtype=float32), array(51.685394, dtype=float32), array(58.426968, dtype=float32), array(54.347828, dtype=float32), array(62.365593, dtype=float32), array(58.241756, dtype=float32), array(57.608696, dtype=float32), array(56.666668, dtype=float32), array(59.55056, dtype=float32), array(54.945053, dtype=float32), array(58.88889, dtype=float32), array(57.77778, dtype=float32), array(50., dtype=float32), array(58.426968, dtype=float32), array(54.444443, dtype=float32), array(57.77778, dtype=float32), array(55.05618, dtype=float32), array(52.87356, dtype=float32), array(53.932583, dtype=float32), array(67.391304, dtype=float32), array(62.637363, dtype=float32), array(54.444443, dtype=float32), array(57.954544, dtype=float32), array(54.545456, dtype=float32), array(56.81818, dtype=float32), array(59.139786, dtype=float32), array(61.11111, dtype=float32), array(56.179775, dtype=float32), array(61.797752, dtype=float32), array(58.88889, dtype=float32), array(60., dtype=float32)]
average accuracy 56.8115177154541
average accuracy list [56.77826759338379, 56.8115177154541]
-------------------------------------------
total_num_list [200352380, 139348088, 133733826, 123045662]
===============================================
round: 0
Participants: [24 52 57 60  0 90 38  7 72 25]
Accuracy before training:
[tensor(59.5506), tensor(62.6374), tensor(53.8462), tensor(56.6667), tensor(58.8889), tensor(60.), tensor(57.4713), tensor(53.4091), tensor(54.3478), tensor(56.8182)]
Accuracy After finetune:
[tensor(33.7079), tensor(46.1538), tensor(47.2527), tensor(40.), tensor(45.5556), tensor(48.8889), tensor(32.1839), tensor(36.3636), tensor(46.7391), tensor(44.3182)]
Accuracy After distillation:
[tensor(57.3034), tensor(32.9670), tensor(38.4615), tensor(63.3333), tensor(55.5556), tensor(64.4444), tensor(59.7701), tensor(51.1364), tensor(25.), tensor(46.5909)]
=============================================
accuracy [array(55.555557, dtype=float32), array(58.88889, dtype=float32), array(52.80899, dtype=float32), array(50.54945, dtype=float32), array(57.142857, dtype=float32), array(71.59091, dtype=float32), array(51.685394, dtype=float32), array(51.136364, dtype=float32), array(57.30337, dtype=float32), array(67.77778, dtype=float32), array(51.136364, dtype=float32), array(49.4382, dtype=float32), array(46.590908, dtype=float32), array(68.13187, dtype=float32), array(62.637363, dtype=float32), array(53.932583, dtype=float32), array(56.32184, dtype=float32), array(62.22222, dtype=float32), array(57.30337, dtype=float32), array(64.44444, dtype=float32), array(51.685394, dtype=float32), array(61.11111, dtype=float32), array(45.977013, dtype=float32), array(63.333332, dtype=float32), array(57.30337, dtype=float32), array(46.590908, dtype=float32), array(57.30337, dtype=float32), array(52.747253, dtype=float32), array(54.444443, dtype=float32), array(48.863636, dtype=float32), array(53.488373, dtype=float32), array(53.932583, dtype=float32), array(59.770115, dtype=float32), array(55.05618, dtype=float32), array(56.989246, dtype=float32), array(58.241756, dtype=float32), array(66.666664, dtype=float32), array(42.69663, dtype=float32), array(59.770115, dtype=float32), array(51.685394, dtype=float32), array(59.090908, dtype=float32), array(59.34066, dtype=float32), array(56.043957, dtype=float32), array(54.444443, dtype=float32), array(34.83146, dtype=float32), array(48.314606, dtype=float32), array(50.5618, dtype=float32), array(60., dtype=float32), array(47.727272, dtype=float32), array(59.782608, dtype=float32), array(51.64835, dtype=float32), array(62.22222, dtype=float32), array(32.967033, dtype=float32), array(55.555557, dtype=float32), array(58.241756, dtype=float32), array(62.92135, dtype=float32), array(53.932583, dtype=float32), array(38.46154, dtype=float32), array(57.30337, dtype=float32), array(64.77273, dtype=float32), array(63.333332, dtype=float32), array(64.44444, dtype=float32), array(64.77273, dtype=float32), array(58.241756, dtype=float32), array(48.35165, dtype=float32), array(64.83517, dtype=float32), array(55.05618, dtype=float32), array(50.537636, dtype=float32), array(52.80899, dtype=float32), array(62.637363, dtype=float32), array(51.685394, dtype=float32), array(58.426968, dtype=float32), array(25., dtype=float32), array(62.365593, dtype=float32), array(58.241756, dtype=float32), array(57.608696, dtype=float32), array(56.666668, dtype=float32), array(59.55056, dtype=float32), array(54.945053, dtype=float32), array(58.88889, dtype=float32), array(57.77778, dtype=float32), array(50., dtype=float32), array(58.426968, dtype=float32), array(54.444443, dtype=float32), array(57.77778, dtype=float32), array(55.05618, dtype=float32), array(52.87356, dtype=float32), array(53.932583, dtype=float32), array(67.391304, dtype=float32), array(62.637363, dtype=float32), array(64.44444, dtype=float32), array(57.954544, dtype=float32), array(54.545456, dtype=float32), array(56.81818, dtype=float32), array(59.139786, dtype=float32), array(61.11111, dtype=float32), array(56.179775, dtype=float32), array(61.797752, dtype=float32), array(58.88889, dtype=float32), array(60., dtype=float32)]
average accuracy 56.02016529083252
average accuracy list [56.77826759338379, 56.8115177154541, 56.02016529083252]
-------------------------------------------
total_num_list [200352380, 139348088, 133733826, 123045662, 128318230]
===============================================
round: 0
Participants: [53 76 86 13 41 40 65 78  4  5]
Accuracy before training:
[tensor(61.1111), tensor(62.2222), tensor(50.5747), tensor(64.8352), tensor(53.8462), tensor(57.9545), tensor(57.1429), tensor(58.2418), tensor(53.8462), tensor(64.7727)]
Accuracy After finetune:
[tensor(41.1111), tensor(37.7778), tensor(43.6782), tensor(46.1538), tensor(37.3626), tensor(50.), tensor(45.0549), tensor(36.2637), tensor(40.6593), tensor(39.7727)]
Accuracy After distillation:
[tensor(52.2222), tensor(58.8889), tensor(33.3333), tensor(64.8352), tensor(64.8352), tensor(28.4091), tensor(51.6483), tensor(62.6374), tensor(47.2527), tensor(53.4091)]
=============================================
accuracy [array(55.555557, dtype=float32), array(58.88889, dtype=float32), array(52.80899, dtype=float32), array(50.54945, dtype=float32), array(47.252747, dtype=float32), array(53.409092, dtype=float32), array(51.685394, dtype=float32), array(51.136364, dtype=float32), array(57.30337, dtype=float32), array(67.77778, dtype=float32), array(51.136364, dtype=float32), array(49.4382, dtype=float32), array(46.590908, dtype=float32), array(64.83517, dtype=float32), array(62.637363, dtype=float32), array(53.932583, dtype=float32), array(56.32184, dtype=float32), array(62.22222, dtype=float32), array(57.30337, dtype=float32), array(64.44444, dtype=float32), array(51.685394, dtype=float32), array(61.11111, dtype=float32), array(45.977013, dtype=float32), array(63.333332, dtype=float32), array(57.30337, dtype=float32), array(46.590908, dtype=float32), array(57.30337, dtype=float32), array(52.747253, dtype=float32), array(54.444443, dtype=float32), array(48.863636, dtype=float32), array(53.488373, dtype=float32), array(53.932583, dtype=float32), array(59.770115, dtype=float32), array(55.05618, dtype=float32), array(56.989246, dtype=float32), array(58.241756, dtype=float32), array(66.666664, dtype=float32), array(42.69663, dtype=float32), array(59.770115, dtype=float32), array(51.685394, dtype=float32), array(28.40909, dtype=float32), array(64.83517, dtype=float32), array(56.043957, dtype=float32), array(54.444443, dtype=float32), array(34.83146, dtype=float32), array(48.314606, dtype=float32), array(50.5618, dtype=float32), array(60., dtype=float32), array(47.727272, dtype=float32), array(59.782608, dtype=float32), array(51.64835, dtype=float32), array(62.22222, dtype=float32), array(32.967033, dtype=float32), array(52.22222, dtype=float32), array(58.241756, dtype=float32), array(62.92135, dtype=float32), array(53.932583, dtype=float32), array(38.46154, dtype=float32), array(57.30337, dtype=float32), array(64.77273, dtype=float32), array(63.333332, dtype=float32), array(64.44444, dtype=float32), array(64.77273, dtype=float32), array(58.241756, dtype=float32), array(48.35165, dtype=float32), array(51.64835, dtype=float32), array(55.05618, dtype=float32), array(50.537636, dtype=float32), array(52.80899, dtype=float32), array(62.637363, dtype=float32), array(51.685394, dtype=float32), array(58.426968, dtype=float32), array(25., dtype=float32), array(62.365593, dtype=float32), array(58.241756, dtype=float32), array(57.608696, dtype=float32), array(58.88889, dtype=float32), array(59.55056, dtype=float32), array(62.637363, dtype=float32), array(58.88889, dtype=float32), array(57.77778, dtype=float32), array(50., dtype=float32), array(58.426968, dtype=float32), array(54.444443, dtype=float32), array(57.77778, dtype=float32), array(55.05618, dtype=float32), array(33.333332, dtype=float32), array(53.932583, dtype=float32), array(67.391304, dtype=float32), array(62.637363, dtype=float32), array(64.44444, dtype=float32), array(57.954544, dtype=float32), array(54.545456, dtype=float32), array(56.81818, dtype=float32), array(59.139786, dtype=float32), array(61.11111, dtype=float32), array(56.179775, dtype=float32), array(61.797752, dtype=float32), array(58.88889, dtype=float32), array(60., dtype=float32)]
average accuracy 55.193147373199466
average accuracy list [56.77826759338379, 56.8115177154541, 56.02016529083252, 55.193147373199466]
-------------------------------------------
total_num_list [200352380, 139348088, 133733826, 123045662, 128318230, 123292227]
===============================================
round: 0
Participants: [27 84  1 64 12 60 94 10  3 82]
Accuracy before training:
[tensor(52.7473), tensor(60.), tensor(54.4444), tensor(50.5494), tensor(55.6818), tensor(60.), tensor(62.3656), tensor(53.4091), tensor(49.4506), tensor(58.4270)]
Accuracy After finetune:
[tensor(41.7582), tensor(43.3333), tensor(35.5556), tensor(45.0549), tensor(42.0455), tensor(43.3333), tensor(38.7097), tensor(36.3636), tensor(38.4615), tensor(41.5730)]
Accuracy After distillation:
[tensor(57.1429), tensor(53.3333), tensor(57.7778), tensor(38.4615), tensor(45.4545), tensor(31.1111), tensor(49.4624), tensor(32.9545), tensor(53.8462), tensor(62.9213)]
=============================================
accuracy [array(55.555557, dtype=float32), array(57.77778, dtype=float32), array(52.80899, dtype=float32), array(53.846153, dtype=float32), array(47.252747, dtype=float32), array(53.409092, dtype=float32), array(51.685394, dtype=float32), array(51.136364, dtype=float32), array(57.30337, dtype=float32), array(67.77778, dtype=float32), array(32.954544, dtype=float32), array(49.4382, dtype=float32), array(45.454544, dtype=float32), array(64.83517, dtype=float32), array(62.637363, dtype=float32), array(53.932583, dtype=float32), array(56.32184, dtype=float32), array(62.22222, dtype=float32), array(57.30337, dtype=float32), array(64.44444, dtype=float32), array(51.685394, dtype=float32), array(61.11111, dtype=float32), array(45.977013, dtype=float32), array(63.333332, dtype=float32), array(57.30337, dtype=float32), array(46.590908, dtype=float32), array(57.30337, dtype=float32), array(57.142857, dtype=float32), array(54.444443, dtype=float32), array(48.863636, dtype=float32), array(53.488373, dtype=float32), array(53.932583, dtype=float32), array(59.770115, dtype=float32), array(55.05618, dtype=float32), array(56.989246, dtype=float32), array(58.241756, dtype=float32), array(66.666664, dtype=float32), array(42.69663, dtype=float32), array(59.770115, dtype=float32), array(51.685394, dtype=float32), array(28.40909, dtype=float32), array(64.83517, dtype=float32), array(56.043957, dtype=float32), array(54.444443, dtype=float32), array(34.83146, dtype=float32), array(48.314606, dtype=float32), array(50.5618, dtype=float32), array(60., dtype=float32), array(47.727272, dtype=float32), array(59.782608, dtype=float32), array(51.64835, dtype=float32), array(62.22222, dtype=float32), array(32.967033, dtype=float32), array(52.22222, dtype=float32), array(58.241756, dtype=float32), array(62.92135, dtype=float32), array(53.932583, dtype=float32), array(38.46154, dtype=float32), array(57.30337, dtype=float32), array(64.77273, dtype=float32), array(31.11111, dtype=float32), array(64.44444, dtype=float32), array(64.77273, dtype=float32), array(58.241756, dtype=float32), array(38.46154, dtype=float32), array(51.64835, dtype=float32), array(55.05618, dtype=float32), array(50.537636, dtype=float32), array(52.80899, dtype=float32), array(62.637363, dtype=float32), array(51.685394, dtype=float32), array(58.426968, dtype=float32), array(25., dtype=float32), array(62.365593, dtype=float32), array(58.241756, dtype=float32), array(57.608696, dtype=float32), array(58.88889, dtype=float32), array(59.55056, dtype=float32), array(62.637363, dtype=float32), array(58.88889, dtype=float32), array(57.77778, dtype=float32), array(50., dtype=float32), array(62.92135, dtype=float32), array(54.444443, dtype=float32), array(53.333332, dtype=float32), array(55.05618, dtype=float32), array(33.333332, dtype=float32), array(53.932583, dtype=float32), array(67.391304, dtype=float32), array(62.637363, dtype=float32), array(64.44444, dtype=float32), array(57.954544, dtype=float32), array(54.545456, dtype=float32), array(56.81818, dtype=float32), array(49.462364, dtype=float32), array(61.11111, dtype=float32), array(56.179775, dtype=float32), array(61.797752, dtype=float32), array(58.88889, dtype=float32), array(60., dtype=float32)]
average accuracy 54.548379306793215
average accuracy list [56.77826759338379, 56.8115177154541, 56.02016529083252, 55.193147373199466, 54.548379306793215]
-------------------------------------------
total_num_list [200352380, 139348088, 133733826, 123045662, 128318230, 123292227, 116377891]
===============================================
round: 0
Participants: [17 50  0 25 53 16 57 96 11 62]
Accuracy before training:
[tensor(62.2222), tensor(46.1538), tensor(50.), tensor(46.5909), tensor(58.8889), tensor(65.5172), tensor(34.0659), tensor(65.1685), tensor(47.1910), tensor(60.2273)]
Accuracy After finetune:
[tensor(48.8889), tensor(37.3626), tensor(45.5556), tensor(37.5000), tensor(40.), tensor(43.6782), tensor(26.3736), tensor(34.8315), tensor(39.3258), tensor(45.4545)]
Accuracy After distillation:
[tensor(56.6667), tensor(49.4506), tensor(36.6667), tensor(20.4545), tensor(33.3333), tensor(55.1724), tensor(27.4725), tensor(56.1798), tensor(49.4382), tensor(46.5909)]
=============================================
accuracy [array(36.666668, dtype=float32), array(57.77778, dtype=float32), array(52.80899, dtype=float32), array(53.846153, dtype=float32), array(47.252747, dtype=float32), array(53.409092, dtype=float32), array(51.685394, dtype=float32), array(51.136364, dtype=float32), array(57.30337, dtype=float32), array(67.77778, dtype=float32), array(32.954544, dtype=float32), array(49.4382, dtype=float32), array(45.454544, dtype=float32), array(64.83517, dtype=float32), array(62.637363, dtype=float32), array(53.932583, dtype=float32), array(55.172413, dtype=float32), array(56.666668, dtype=float32), array(57.30337, dtype=float32), array(64.44444, dtype=float32), array(51.685394, dtype=float32), array(61.11111, dtype=float32), array(45.977013, dtype=float32), array(63.333332, dtype=float32), array(57.30337, dtype=float32), array(20.454546, dtype=float32), array(57.30337, dtype=float32), array(57.142857, dtype=float32), array(54.444443, dtype=float32), array(48.863636, dtype=float32), array(53.488373, dtype=float32), array(53.932583, dtype=float32), array(59.770115, dtype=float32), array(55.05618, dtype=float32), array(56.989246, dtype=float32), array(58.241756, dtype=float32), array(66.666664, dtype=float32), array(42.69663, dtype=float32), array(59.770115, dtype=float32), array(51.685394, dtype=float32), array(28.40909, dtype=float32), array(64.83517, dtype=float32), array(56.043957, dtype=float32), array(54.444443, dtype=float32), array(34.83146, dtype=float32), array(48.314606, dtype=float32), array(50.5618, dtype=float32), array(60., dtype=float32), array(47.727272, dtype=float32), array(59.782608, dtype=float32), array(49.45055, dtype=float32), array(62.22222, dtype=float32), array(32.967033, dtype=float32), array(33.333332, dtype=float32), array(58.241756, dtype=float32), array(62.92135, dtype=float32), array(53.932583, dtype=float32), array(27.472527, dtype=float32), array(57.30337, dtype=float32), array(64.77273, dtype=float32), array(31.11111, dtype=float32), array(64.44444, dtype=float32), array(46.590908, dtype=float32), array(58.241756, dtype=float32), array(38.46154, dtype=float32), array(51.64835, dtype=float32), array(55.05618, dtype=float32), array(50.537636, dtype=float32), array(52.80899, dtype=float32), array(62.637363, dtype=float32), array(51.685394, dtype=float32), array(58.426968, dtype=float32), array(25., dtype=float32), array(62.365593, dtype=float32), array(58.241756, dtype=float32), array(57.608696, dtype=float32), array(58.88889, dtype=float32), array(59.55056, dtype=float32), array(62.637363, dtype=float32), array(58.88889, dtype=float32), array(57.77778, dtype=float32), array(50., dtype=float32), array(62.92135, dtype=float32), array(54.444443, dtype=float32), array(53.333332, dtype=float32), array(55.05618, dtype=float32), array(33.333332, dtype=float32), array(53.932583, dtype=float32), array(67.391304, dtype=float32), array(62.637363, dtype=float32), array(64.44444, dtype=float32), array(57.954544, dtype=float32), array(54.545456, dtype=float32), array(56.81818, dtype=float32), array(49.462364, dtype=float32), array(61.11111, dtype=float32), array(56.179775, dtype=float32), array(61.797752, dtype=float32), array(58.88889, dtype=float32), array(60., dtype=float32)]
average accuracy 53.52850177764893
average accuracy list [56.77826759338379, 56.8115177154541, 56.02016529083252, 55.193147373199466, 54.548379306793215, 53.52850177764893]
-------------------------------------------
total_num_list [200352380, 139348088, 133733826, 123045662, 128318230, 123292227, 116377891, 107386472]
===============================================
round: 0
Participants: [82 56 10 54 26 39 95 37 20 40]
Accuracy before training:
[tensor(56.1798), tensor(51.6854), tensor(31.8182), tensor(59.3407), tensor(53.9326), tensor(51.6854), tensor(62.2222), tensor(50.5618), tensor(53.9326), tensor(30.6818)]
Accuracy After finetune:
[tensor(25.8427), tensor(46.0674), tensor(14.7727), tensor(38.4615), tensor(42.6966), tensor(49.4382), tensor(50.), tensor(31.4607), tensor(37.0787), tensor(25.)]
Accuracy After distillation:
[tensor(29.2135), tensor(43.8202), tensor(18.1818), tensor(50.5494), tensor(37.0787), tensor(20.2247), tensor(44.4444), tensor(29.2135), tensor(33.7079), tensor(19.3182)]
=============================================
accuracy [array(36.666668, dtype=float32), array(57.77778, dtype=float32), array(52.80899, dtype=float32), array(53.846153, dtype=float32), array(47.252747, dtype=float32), array(53.409092, dtype=float32), array(51.685394, dtype=float32), array(51.136364, dtype=float32), array(57.30337, dtype=float32), array(67.77778, dtype=float32), array(18.181818, dtype=float32), array(49.4382, dtype=float32), array(45.454544, dtype=float32), array(64.83517, dtype=float32), array(62.637363, dtype=float32), array(53.932583, dtype=float32), array(55.172413, dtype=float32), array(56.666668, dtype=float32), array(57.30337, dtype=float32), array(64.44444, dtype=float32), array(33.707867, dtype=float32), array(61.11111, dtype=float32), array(45.977013, dtype=float32), array(63.333332, dtype=float32), array(57.30337, dtype=float32), array(20.454546, dtype=float32), array(37.07865, dtype=float32), array(57.142857, dtype=float32), array(54.444443, dtype=float32), array(48.863636, dtype=float32), array(53.488373, dtype=float32), array(53.932583, dtype=float32), array(59.770115, dtype=float32), array(55.05618, dtype=float32), array(56.989246, dtype=float32), array(58.241756, dtype=float32), array(66.666664, dtype=float32), array(29.213484, dtype=float32), array(59.770115, dtype=float32), array(20.22472, dtype=float32), array(19.318182, dtype=float32), array(64.83517, dtype=float32), array(56.043957, dtype=float32), array(54.444443, dtype=float32), array(34.83146, dtype=float32), array(48.314606, dtype=float32), array(50.5618, dtype=float32), array(60., dtype=float32), array(47.727272, dtype=float32), array(59.782608, dtype=float32), array(49.45055, dtype=float32), array(62.22222, dtype=float32), array(32.967033, dtype=float32), array(33.333332, dtype=float32), array(50.54945, dtype=float32), array(62.92135, dtype=float32), array(43.820225, dtype=float32), array(27.472527, dtype=float32), array(57.30337, dtype=float32), array(64.77273, dtype=float32), array(31.11111, dtype=float32), array(64.44444, dtype=float32), array(46.590908, dtype=float32), array(58.241756, dtype=float32), array(38.46154, dtype=float32), array(51.64835, dtype=float32), array(55.05618, dtype=float32), array(50.537636, dtype=float32), array(52.80899, dtype=float32), array(62.637363, dtype=float32), array(51.685394, dtype=float32), array(58.426968, dtype=float32), array(25., dtype=float32), array(62.365593, dtype=float32), array(58.241756, dtype=float32), array(57.608696, dtype=float32), array(58.88889, dtype=float32), array(59.55056, dtype=float32), array(62.637363, dtype=float32), array(58.88889, dtype=float32), array(57.77778, dtype=float32), array(50., dtype=float32), array(29.213484, dtype=float32), array(54.444443, dtype=float32), array(53.333332, dtype=float32), array(55.05618, dtype=float32), array(33.333332, dtype=float32), array(53.932583, dtype=float32), array(67.391304, dtype=float32), array(62.637363, dtype=float32), array(64.44444, dtype=float32), array(57.954544, dtype=float32), array(54.545456, dtype=float32), array(56.81818, dtype=float32), array(49.462364, dtype=float32), array(44.444443, dtype=float32), array(56.179775, dtype=float32), array(61.797752, dtype=float32), array(58.88889, dtype=float32), array(60., dtype=float32)]
average accuracy 51.776612796783446
average accuracy list [56.77826759338379, 56.8115177154541, 56.02016529083252, 55.193147373199466, 54.548379306793215, 53.52850177764893, 51.776612796783446]
-------------------------------------------
total_num_list [200352380, 139348088, 133733826, 123045662, 128318230, 123292227, 116377891, 107386472, 106346836]
===============================================
round: 0
Participants: [36 22 53  7 79 51 56 24 80 92]
Accuracy before training:
[tensor(56.6667), tensor(54.0230), tensor(23.3333), tensor(52.2727), tensor(61.1111), tensor(53.3333), tensor(55.0562), tensor(59.5506), tensor(61.1111), tensor(57.9545)]
Accuracy After finetune:
[tensor(46.6667), tensor(40.2299), tensor(26.6667), tensor(38.6364), tensor(44.4444), tensor(41.1111), tensor(33.7079), tensor(49.4382), tensor(51.1111), tensor(39.7727)]
Accuracy After distillation:
[tensor(51.1111), tensor(42.5287), tensor(26.6667), tensor(28.4091), tensor(42.2222), tensor(43.3333), tensor(30.3371), tensor(22.4719), tensor(33.3333), tensor(30.6818)]
=============================================
accuracy [array(36.666668, dtype=float32), array(57.77778, dtype=float32), array(52.80899, dtype=float32), array(53.846153, dtype=float32), array(47.252747, dtype=float32), array(53.409092, dtype=float32), array(51.685394, dtype=float32), array(28.40909, dtype=float32), array(57.30337, dtype=float32), array(67.77778, dtype=float32), array(18.181818, dtype=float32), array(49.4382, dtype=float32), array(45.454544, dtype=float32), array(64.83517, dtype=float32), array(62.637363, dtype=float32), array(53.932583, dtype=float32), array(55.172413, dtype=float32), array(56.666668, dtype=float32), array(57.30337, dtype=float32), array(64.44444, dtype=float32), array(33.707867, dtype=float32), array(61.11111, dtype=float32), array(42.528736, dtype=float32), array(63.333332, dtype=float32), array(22.47191, dtype=float32), array(20.454546, dtype=float32), array(37.07865, dtype=float32), array(57.142857, dtype=float32), array(54.444443, dtype=float32), array(48.863636, dtype=float32), array(53.488373, dtype=float32), array(53.932583, dtype=float32), array(59.770115, dtype=float32), array(55.05618, dtype=float32), array(56.989246, dtype=float32), array(58.241756, dtype=float32), array(51.11111, dtype=float32), array(29.213484, dtype=float32), array(59.770115, dtype=float32), array(20.22472, dtype=float32), array(19.318182, dtype=float32), array(64.83517, dtype=float32), array(56.043957, dtype=float32), array(54.444443, dtype=float32), array(34.83146, dtype=float32), array(48.314606, dtype=float32), array(50.5618, dtype=float32), array(60., dtype=float32), array(47.727272, dtype=float32), array(59.782608, dtype=float32), array(49.45055, dtype=float32), array(43.333332, dtype=float32), array(32.967033, dtype=float32), array(26.666666, dtype=float32), array(50.54945, dtype=float32), array(62.92135, dtype=float32), array(30.337078, dtype=float32), array(27.472527, dtype=float32), array(57.30337, dtype=float32), array(64.77273, dtype=float32), array(31.11111, dtype=float32), array(64.44444, dtype=float32), array(46.590908, dtype=float32), array(58.241756, dtype=float32), array(38.46154, dtype=float32), array(51.64835, dtype=float32), array(55.05618, dtype=float32), array(50.537636, dtype=float32), array(52.80899, dtype=float32), array(62.637363, dtype=float32), array(51.685394, dtype=float32), array(58.426968, dtype=float32), array(25., dtype=float32), array(62.365593, dtype=float32), array(58.241756, dtype=float32), array(57.608696, dtype=float32), array(58.88889, dtype=float32), array(59.55056, dtype=float32), array(62.637363, dtype=float32), array(42.22222, dtype=float32), array(33.333332, dtype=float32), array(50., dtype=float32), array(29.213484, dtype=float32), array(54.444443, dtype=float32), array(53.333332, dtype=float32), array(55.05618, dtype=float32), array(33.333332, dtype=float32), array(53.932583, dtype=float32), array(67.391304, dtype=float32), array(62.637363, dtype=float32), array(64.44444, dtype=float32), array(57.954544, dtype=float32), array(30.681818, dtype=float32), array(56.81818, dtype=float32), array(49.462364, dtype=float32), array(44.444443, dtype=float32), array(56.179775, dtype=float32), array(61.797752, dtype=float32), array(58.88889, dtype=float32), array(60., dtype=float32)]
average accuracy 49.970852603912356
average accuracy list [56.77826759338379, 56.8115177154541, 56.02016529083252, 55.193147373199466, 54.548379306793215, 53.52850177764893, 51.776612796783446, 49.970852603912356]
-------------------------------------------
total_num_list [200352380, 139348088, 133733826, 123045662, 128318230, 123292227, 116377891, 107386472, 106346836, 134168464]
===============================================
round: 0
Participants: [74 35 69 99 16 93 59 43 18 68]
Accuracy before training:
[tensor(61.5385), tensor(56.0440), tensor(60.4396), tensor(57.7778), tensor(55.1724), tensor(48.8636), tensor(59.0909), tensor(57.7778), tensor(52.8090), tensor(56.1798)]
Accuracy After finetune:
[tensor(41.7582), tensor(35.1648), tensor(51.6483), tensor(38.8889), tensor(54.0230), tensor(40.9091), tensor(47.7273), tensor(43.3333), tensor(35.9551), tensor(46.0674)]
Accuracy After distillation:
[tensor(64.8352), tensor(61.5385), tensor(60.4396), tensor(62.2222), tensor(27.5862), tensor(53.4091), tensor(52.2727), tensor(56.6667), tensor(49.4382), tensor(55.0562)]
=============================================
accuracy [array(36.666668, dtype=float32), array(57.77778, dtype=float32), array(52.80899, dtype=float32), array(53.846153, dtype=float32), array(47.252747, dtype=float32), array(53.409092, dtype=float32), array(51.685394, dtype=float32), array(28.40909, dtype=float32), array(57.30337, dtype=float32), array(67.77778, dtype=float32), array(18.181818, dtype=float32), array(49.4382, dtype=float32), array(45.454544, dtype=float32), array(64.83517, dtype=float32), array(62.637363, dtype=float32), array(53.932583, dtype=float32), array(27.586206, dtype=float32), array(56.666668, dtype=float32), array(49.4382, dtype=float32), array(64.44444, dtype=float32), array(33.707867, dtype=float32), array(61.11111, dtype=float32), array(42.528736, dtype=float32), array(63.333332, dtype=float32), array(22.47191, dtype=float32), array(20.454546, dtype=float32), array(37.07865, dtype=float32), array(57.142857, dtype=float32), array(54.444443, dtype=float32), array(48.863636, dtype=float32), array(53.488373, dtype=float32), array(53.932583, dtype=float32), array(59.770115, dtype=float32), array(55.05618, dtype=float32), array(56.989246, dtype=float32), array(61.53846, dtype=float32), array(51.11111, dtype=float32), array(29.213484, dtype=float32), array(59.770115, dtype=float32), array(20.22472, dtype=float32), array(19.318182, dtype=float32), array(64.83517, dtype=float32), array(56.043957, dtype=float32), array(56.666668, dtype=float32), array(34.83146, dtype=float32), array(48.314606, dtype=float32), array(50.5618, dtype=float32), array(60., dtype=float32), array(47.727272, dtype=float32), array(59.782608, dtype=float32), array(49.45055, dtype=float32), array(43.333332, dtype=float32), array(32.967033, dtype=float32), array(26.666666, dtype=float32), array(50.54945, dtype=float32), array(62.92135, dtype=float32), array(30.337078, dtype=float32), array(27.472527, dtype=float32), array(57.30337, dtype=float32), array(52.272728, dtype=float32), array(31.11111, dtype=float32), array(64.44444, dtype=float32), array(46.590908, dtype=float32), array(58.241756, dtype=float32), array(38.46154, dtype=float32), array(51.64835, dtype=float32), array(55.05618, dtype=float32), array(50.537636, dtype=float32), array(55.05618, dtype=float32), array(60.43956, dtype=float32), array(51.685394, dtype=float32), array(58.426968, dtype=float32), array(25., dtype=float32), array(62.365593, dtype=float32), array(64.83517, dtype=float32), array(57.608696, dtype=float32), array(58.88889, dtype=float32), array(59.55056, dtype=float32), array(62.637363, dtype=float32), array(42.22222, dtype=float32), array(33.333332, dtype=float32), array(50., dtype=float32), array(29.213484, dtype=float32), array(54.444443, dtype=float32), array(53.333332, dtype=float32), array(55.05618, dtype=float32), array(33.333332, dtype=float32), array(53.932583, dtype=float32), array(67.391304, dtype=float32), array(62.637363, dtype=float32), array(64.44444, dtype=float32), array(57.954544, dtype=float32), array(30.681818, dtype=float32), array(53.409092, dtype=float32), array(49.462364, dtype=float32), array(44.444443, dtype=float32), array(56.179775, dtype=float32), array(61.797752, dtype=float32), array(58.88889, dtype=float32), array(62.22222, dtype=float32)]
average accuracy 49.60108741760254
average accuracy list [56.77826759338379, 56.8115177154541, 56.02016529083252, 55.193147373199466, 54.548379306793215, 53.52850177764893, 51.776612796783446, 49.970852603912356, 49.60108741760254]
-------------------------------------------
total_num_list [200352380, 139348088, 133733826, 123045662, 128318230, 123292227, 116377891, 107386472, 106346836, 134168464, 90526520]
===============================================
round: 0
Participants: [26 29 37 38 43 60 50 86 89 72]
Accuracy before training:
[tensor(38.2022), tensor(46.5909), tensor(33.7079), tensor(52.8736), tensor(61.1111), tensor(28.8889), tensor(50.5494), tensor(35.6322), tensor(53.8462), tensor(22.8261)]
Accuracy After finetune:
[tensor(14.6067), tensor(40.9091), tensor(21.3483), tensor(43.6782), tensor(47.7778), tensor(25.5556), tensor(38.4615), tensor(29.8851), tensor(40.6593), tensor(18.4783)]
Accuracy After distillation:
[tensor(17.9775), tensor(17.0455), tensor(26.9663), tensor(24.1379), tensor(17.7778), tensor(23.3333), tensor(20.8791), tensor(20.6897), tensor(26.3736), tensor(25.)]
=============================================
accuracy [array(36.666668, dtype=float32), array(57.77778, dtype=float32), array(52.80899, dtype=float32), array(53.846153, dtype=float32), array(47.252747, dtype=float32), array(53.409092, dtype=float32), array(51.685394, dtype=float32), array(28.40909, dtype=float32), array(57.30337, dtype=float32), array(67.77778, dtype=float32), array(18.181818, dtype=float32), array(49.4382, dtype=float32), array(45.454544, dtype=float32), array(64.83517, dtype=float32), array(62.637363, dtype=float32), array(53.932583, dtype=float32), array(27.586206, dtype=float32), array(56.666668, dtype=float32), array(49.4382, dtype=float32), array(64.44444, dtype=float32), array(33.707867, dtype=float32), array(61.11111, dtype=float32), array(42.528736, dtype=float32), array(63.333332, dtype=float32), array(22.47191, dtype=float32), array(20.454546, dtype=float32), array(17.977528, dtype=float32), array(57.142857, dtype=float32), array(54.444443, dtype=float32), array(17.045454, dtype=float32), array(53.488373, dtype=float32), array(53.932583, dtype=float32), array(59.770115, dtype=float32), array(55.05618, dtype=float32), array(56.989246, dtype=float32), array(61.53846, dtype=float32), array(51.11111, dtype=float32), array(26.966291, dtype=float32), array(24.137932, dtype=float32), array(20.22472, dtype=float32), array(19.318182, dtype=float32), array(64.83517, dtype=float32), array(56.043957, dtype=float32), array(17.777779, dtype=float32), array(34.83146, dtype=float32), array(48.314606, dtype=float32), array(50.5618, dtype=float32), array(60., dtype=float32), array(47.727272, dtype=float32), array(59.782608, dtype=float32), array(20.879122, dtype=float32), array(43.333332, dtype=float32), array(32.967033, dtype=float32), array(26.666666, dtype=float32), array(50.54945, dtype=float32), array(62.92135, dtype=float32), array(30.337078, dtype=float32), array(27.472527, dtype=float32), array(57.30337, dtype=float32), array(52.272728, dtype=float32), array(23.333334, dtype=float32), array(64.44444, dtype=float32), array(46.590908, dtype=float32), array(58.241756, dtype=float32), array(38.46154, dtype=float32), array(51.64835, dtype=float32), array(55.05618, dtype=float32), array(50.537636, dtype=float32), array(55.05618, dtype=float32), array(60.43956, dtype=float32), array(51.685394, dtype=float32), array(58.426968, dtype=float32), array(25., dtype=float32), array(62.365593, dtype=float32), array(64.83517, dtype=float32), array(57.608696, dtype=float32), array(58.88889, dtype=float32), array(59.55056, dtype=float32), array(62.637363, dtype=float32), array(42.22222, dtype=float32), array(33.333332, dtype=float32), array(50., dtype=float32), array(29.213484, dtype=float32), array(54.444443, dtype=float32), array(53.333332, dtype=float32), array(55.05618, dtype=float32), array(20.689655, dtype=float32), array(53.932583, dtype=float32), array(67.391304, dtype=float32), array(26.373627, dtype=float32), array(64.44444, dtype=float32), array(57.954544, dtype=float32), array(30.681818, dtype=float32), array(53.409092, dtype=float32), array(49.462364, dtype=float32), array(44.444443, dtype=float32), array(56.179775, dtype=float32), array(61.797752, dtype=float32), array(58.88889, dtype=float32), array(62.22222, dtype=float32)]
average accuracy 47.471645526885986
average accuracy list [56.77826759338379, 56.8115177154541, 56.02016529083252, 55.193147373199466, 54.548379306793215, 53.52850177764893, 51.776612796783446, 49.970852603912356, 49.60108741760254, 47.471645526885986]
-------------------------------------------
total_num_list [200352380, 139348088, 133733826, 123045662, 128318230, 123292227, 116377891, 107386472, 106346836, 134168464, 90526520, 106175208]
===============================================
round: 0
Participants: [21 98 62 67 82 65 45 66 90 89]
Accuracy before training:
[tensor(64.4444), tensor(62.2222), tensor(47.7273), tensor(53.7634), tensor(32.5843), tensor(42.8571), tensor(53.9326), tensor(53.9326), tensor(62.2222), tensor(27.4725)]
Accuracy After finetune:
[tensor(42.2222), tensor(45.5556), tensor(46.5909), tensor(48.3871), tensor(22.4719), tensor(42.8571), tensor(37.0787), tensor(30.3371), tensor(45.5556), tensor(25.2747)]
Accuracy After distillation:
[tensor(35.5556), tensor(38.8889), tensor(34.0909), tensor(40.8602), tensor(15.7303), tensor(32.9670), tensor(22.4719), tensor(34.8315), tensor(34.4444), tensor(31.8681)]
=============================================
accuracy [array(36.666668, dtype=float32), array(57.77778, dtype=float32), array(52.80899, dtype=float32), array(53.846153, dtype=float32), array(47.252747, dtype=float32), array(53.409092, dtype=float32), array(51.685394, dtype=float32), array(28.40909, dtype=float32), array(57.30337, dtype=float32), array(67.77778, dtype=float32), array(18.181818, dtype=float32), array(49.4382, dtype=float32), array(45.454544, dtype=float32), array(64.83517, dtype=float32), array(62.637363, dtype=float32), array(53.932583, dtype=float32), array(27.586206, dtype=float32), array(56.666668, dtype=float32), array(49.4382, dtype=float32), array(64.44444, dtype=float32), array(33.707867, dtype=float32), array(35.555557, dtype=float32), array(42.528736, dtype=float32), array(63.333332, dtype=float32), array(22.47191, dtype=float32), array(20.454546, dtype=float32), array(17.977528, dtype=float32), array(57.142857, dtype=float32), array(54.444443, dtype=float32), array(17.045454, dtype=float32), array(53.488373, dtype=float32), array(53.932583, dtype=float32), array(59.770115, dtype=float32), array(55.05618, dtype=float32), array(56.989246, dtype=float32), array(61.53846, dtype=float32), array(51.11111, dtype=float32), array(26.966291, dtype=float32), array(24.137932, dtype=float32), array(20.22472, dtype=float32), array(19.318182, dtype=float32), array(64.83517, dtype=float32), array(56.043957, dtype=float32), array(17.777779, dtype=float32), array(34.83146, dtype=float32), array(22.47191, dtype=float32), array(50.5618, dtype=float32), array(60., dtype=float32), array(47.727272, dtype=float32), array(59.782608, dtype=float32), array(20.879122, dtype=float32), array(43.333332, dtype=float32), array(32.967033, dtype=float32), array(26.666666, dtype=float32), array(50.54945, dtype=float32), array(62.92135, dtype=float32), array(30.337078, dtype=float32), array(27.472527, dtype=float32), array(57.30337, dtype=float32), array(52.272728, dtype=float32), array(23.333334, dtype=float32), array(64.44444, dtype=float32), array(34.090908, dtype=float32), array(58.241756, dtype=float32), array(38.46154, dtype=float32), array(32.967033, dtype=float32), array(34.83146, dtype=float32), array(40.860214, dtype=float32), array(55.05618, dtype=float32), array(60.43956, dtype=float32), array(51.685394, dtype=float32), array(58.426968, dtype=float32), array(25., dtype=float32), array(62.365593, dtype=float32), array(64.83517, dtype=float32), array(57.608696, dtype=float32), array(58.88889, dtype=float32), array(59.55056, dtype=float32), array(62.637363, dtype=float32), array(42.22222, dtype=float32), array(33.333332, dtype=float32), array(50., dtype=float32), array(15.730337, dtype=float32), array(54.444443, dtype=float32), array(53.333332, dtype=float32), array(55.05618, dtype=float32), array(20.689655, dtype=float32), array(53.932583, dtype=float32), array(67.391304, dtype=float32), array(31.868132, dtype=float32), array(34.444443, dtype=float32), array(57.954544, dtype=float32), array(30.681818, dtype=float32), array(53.409092, dtype=float32), array(49.462364, dtype=float32), array(44.444443, dtype=float32), array(56.179775, dtype=float32), array(61.797752, dtype=float32), array(38.88889, dtype=float32), array(62.22222, dtype=float32)]
average accuracy 45.76694204330445
average accuracy list [56.77826759338379, 56.8115177154541, 56.02016529083252, 55.193147373199466, 54.548379306793215, 53.52850177764893, 51.776612796783446, 49.970852603912356, 49.60108741760254, 47.471645526885986, 45.76694204330445]
-------------------------------------------
total_num_list [200352380, 139348088, 133733826, 123045662, 128318230, 123292227, 116377891, 107386472, 106346836, 134168464, 90526520, 106175208, 95657107]
===============================================
round: 0
Participants: [15 17 32 76 55 92 98 60 85 59]
Accuracy before training:
[tensor(52.8090), tensor(52.2222), tensor(57.4713), tensor(58.8889), tensor(55.0562), tensor(35.2273), tensor(34.4444), tensor(21.1111), tensor(55.0562), tensor(61.3636)]
Accuracy After finetune:
[tensor(43.8202), tensor(51.1111), tensor(39.0805), tensor(40.), tensor(50.5618), tensor(26.1364), tensor(30.), tensor(24.4444), tensor(43.8202), tensor(42.0455)]
Accuracy After distillation:
[tensor(42.6966), tensor(34.4444), tensor(36.7816), tensor(26.6667), tensor(28.0899), tensor(29.5455), tensor(25.5556), tensor(11.1111), tensor(19.1011), tensor(27.2727)]
=============================================
accuracy [array(36.666668, dtype=float32), array(57.77778, dtype=float32), array(52.80899, dtype=float32), array(53.846153, dtype=float32), array(47.252747, dtype=float32), array(53.409092, dtype=float32), array(51.685394, dtype=float32), array(28.40909, dtype=float32), array(57.30337, dtype=float32), array(67.77778, dtype=float32), array(18.181818, dtype=float32), array(49.4382, dtype=float32), array(45.454544, dtype=float32), array(64.83517, dtype=float32), array(62.637363, dtype=float32), array(42.69663, dtype=float32), array(27.586206, dtype=float32), array(34.444443, dtype=float32), array(49.4382, dtype=float32), array(64.44444, dtype=float32), array(33.707867, dtype=float32), array(35.555557, dtype=float32), array(42.528736, dtype=float32), array(63.333332, dtype=float32), array(22.47191, dtype=float32), array(20.454546, dtype=float32), array(17.977528, dtype=float32), array(57.142857, dtype=float32), array(54.444443, dtype=float32), array(17.045454, dtype=float32), array(53.488373, dtype=float32), array(53.932583, dtype=float32), array(36.78161, dtype=float32), array(55.05618, dtype=float32), array(56.989246, dtype=float32), array(61.53846, dtype=float32), array(51.11111, dtype=float32), array(26.966291, dtype=float32), array(24.137932, dtype=float32), array(20.22472, dtype=float32), array(19.318182, dtype=float32), array(64.83517, dtype=float32), array(56.043957, dtype=float32), array(17.777779, dtype=float32), array(34.83146, dtype=float32), array(22.47191, dtype=float32), array(50.5618, dtype=float32), array(60., dtype=float32), array(47.727272, dtype=float32), array(59.782608, dtype=float32), array(20.879122, dtype=float32), array(43.333332, dtype=float32), array(32.967033, dtype=float32), array(26.666666, dtype=float32), array(50.54945, dtype=float32), array(28.089888, dtype=float32), array(30.337078, dtype=float32), array(27.472527, dtype=float32), array(57.30337, dtype=float32), array(27.272728, dtype=float32), array(11.111111, dtype=float32), array(64.44444, dtype=float32), array(34.090908, dtype=float32), array(58.241756, dtype=float32), array(38.46154, dtype=float32), array(32.967033, dtype=float32), array(34.83146, dtype=float32), array(40.860214, dtype=float32), array(55.05618, dtype=float32), array(60.43956, dtype=float32), array(51.685394, dtype=float32), array(58.426968, dtype=float32), array(25., dtype=float32), array(62.365593, dtype=float32), array(64.83517, dtype=float32), array(57.608696, dtype=float32), array(26.666666, dtype=float32), array(59.55056, dtype=float32), array(62.637363, dtype=float32), array(42.22222, dtype=float32), array(33.333332, dtype=float32), array(50., dtype=float32), array(15.730337, dtype=float32), array(54.444443, dtype=float32), array(53.333332, dtype=float32), array(19.101124, dtype=float32), array(20.689655, dtype=float32), array(53.932583, dtype=float32), array(67.391304, dtype=float32), array(31.868132, dtype=float32), array(34.444443, dtype=float32), array(57.954544, dtype=float32), array(29.545454, dtype=float32), array(53.409092, dtype=float32), array(49.462364, dtype=float32), array(44.444443, dtype=float32), array(56.179775, dtype=float32), array(61.797752, dtype=float32), array(25.555555, dtype=float32), array(62.22222, dtype=float32)]
average accuracy 43.65546857833862
average accuracy list [56.77826759338379, 56.8115177154541, 56.02016529083252, 55.193147373199466, 54.548379306793215, 53.52850177764893, 51.776612796783446, 49.970852603912356, 49.60108741760254, 47.471645526885986, 45.76694204330445, 43.65546857833862]
-------------------------------------------
total_num_list [200352380, 139348088, 133733826, 123045662, 128318230, 123292227, 116377891, 107386472, 106346836, 134168464, 90526520, 106175208, 95657107, 92911350]
===============================================
round: 0
Participants: [24  6 13 56 39 95 23 88 66 29]
Accuracy before training:
[tensor(25.8427), tensor(48.3146), tensor(61.5385), tensor(31.4607), tensor(21.3483), tensor(37.7778), tensor(63.3333), tensor(61.9565), tensor(37.0787), tensor(19.3182)]
Accuracy After finetune:
[tensor(28.0899), tensor(32.5843), tensor(48.3517), tensor(19.1011), tensor(19.1011), tensor(31.1111), tensor(43.3333), tensor(46.7391), tensor(35.9551), tensor(17.0455)]
Accuracy After distillation:
[tensor(24.7191), tensor(21.3483), tensor(24.1758), tensor(28.0899), tensor(23.5955), tensor(15.5556), tensor(24.4444), tensor(41.3043), tensor(26.9663), tensor(23.8636)]
=============================================
accuracy [array(36.666668, dtype=float32), array(57.77778, dtype=float32), array(52.80899, dtype=float32), array(53.846153, dtype=float32), array(47.252747, dtype=float32), array(53.409092, dtype=float32), array(21.348314, dtype=float32), array(28.40909, dtype=float32), array(57.30337, dtype=float32), array(67.77778, dtype=float32), array(18.181818, dtype=float32), array(49.4382, dtype=float32), array(45.454544, dtype=float32), array(24.175825, dtype=float32), array(62.637363, dtype=float32), array(42.69663, dtype=float32), array(27.586206, dtype=float32), array(34.444443, dtype=float32), array(49.4382, dtype=float32), array(64.44444, dtype=float32), array(33.707867, dtype=float32), array(35.555557, dtype=float32), array(42.528736, dtype=float32), array(24.444445, dtype=float32), array(24.7191, dtype=float32), array(20.454546, dtype=float32), array(17.977528, dtype=float32), array(57.142857, dtype=float32), array(54.444443, dtype=float32), array(23.863636, dtype=float32), array(53.488373, dtype=float32), array(53.932583, dtype=float32), array(36.78161, dtype=float32), array(55.05618, dtype=float32), array(56.989246, dtype=float32), array(61.53846, dtype=float32), array(51.11111, dtype=float32), array(26.966291, dtype=float32), array(24.137932, dtype=float32), array(23.595505, dtype=float32), array(19.318182, dtype=float32), array(64.83517, dtype=float32), array(56.043957, dtype=float32), array(17.777779, dtype=float32), array(34.83146, dtype=float32), array(22.47191, dtype=float32), array(50.5618, dtype=float32), array(60., dtype=float32), array(47.727272, dtype=float32), array(59.782608, dtype=float32), array(20.879122, dtype=float32), array(43.333332, dtype=float32), array(32.967033, dtype=float32), array(26.666666, dtype=float32), array(50.54945, dtype=float32), array(28.089888, dtype=float32), array(28.089888, dtype=float32), array(27.472527, dtype=float32), array(57.30337, dtype=float32), array(27.272728, dtype=float32), array(11.111111, dtype=float32), array(64.44444, dtype=float32), array(34.090908, dtype=float32), array(58.241756, dtype=float32), array(38.46154, dtype=float32), array(32.967033, dtype=float32), array(26.966291, dtype=float32), array(40.860214, dtype=float32), array(55.05618, dtype=float32), array(60.43956, dtype=float32), array(51.685394, dtype=float32), array(58.426968, dtype=float32), array(25., dtype=float32), array(62.365593, dtype=float32), array(64.83517, dtype=float32), array(57.608696, dtype=float32), array(26.666666, dtype=float32), array(59.55056, dtype=float32), array(62.637363, dtype=float32), array(42.22222, dtype=float32), array(33.333332, dtype=float32), array(50., dtype=float32), array(15.730337, dtype=float32), array(54.444443, dtype=float32), array(53.333332, dtype=float32), array(19.101124, dtype=float32), array(20.689655, dtype=float32), array(53.932583, dtype=float32), array(41.304348, dtype=float32), array(31.868132, dtype=float32), array(34.444443, dtype=float32), array(57.954544, dtype=float32), array(29.545454, dtype=float32), array(53.409092, dtype=float32), array(49.462364, dtype=float32), array(15.555555, dtype=float32), array(56.179775, dtype=float32), array(61.797752, dtype=float32), array(25.555555, dtype=float32), array(62.22222, dtype=float32)]
average accuracy 42.03009504318237
average accuracy list [56.77826759338379, 56.8115177154541, 56.02016529083252, 55.193147373199466, 54.548379306793215, 53.52850177764893, 51.776612796783446, 49.970852603912356, 49.60108741760254, 47.471645526885986, 45.76694204330445, 43.65546857833862, 42.03009504318237]
-------------------------------------------
total_num_list [200352380, 139348088, 133733826, 123045662, 128318230, 123292227, 116377891, 107386472, 106346836, 134168464, 90526520, 106175208, 95657107, 92911350, 96836924]
===============================================
round: 0
Participants: [74  0 79  8 50 32 78 97 89 75]
Accuracy before training:
[tensor(63.7363), tensor(32.2222), tensor(41.1111), tensor(53.9326), tensor(20.8791), tensor(41.3793), tensor(64.8352), tensor(59.5506), tensor(31.8681), tensor(60.8696)]
Accuracy After finetune:
[tensor(48.3517), tensor(28.8889), tensor(34.4444), tensor(43.8202), tensor(17.5824), tensor(33.3333), tensor(51.6483), tensor(44.9438), tensor(27.4725), tensor(39.1304)]
Accuracy After distillation:
[tensor(28.5714), tensor(25.5556), tensor(25.5556), tensor(35.9551), tensor(24.1758), tensor(27.5862), tensor(30.7692), tensor(30.3371), tensor(20.8791), tensor(23.9130)]
=============================================
accuracy [array(25.555555, dtype=float32), array(57.77778, dtype=float32), array(52.80899, dtype=float32), array(53.846153, dtype=float32), array(47.252747, dtype=float32), array(53.409092, dtype=float32), array(21.348314, dtype=float32), array(28.40909, dtype=float32), array(35.955055, dtype=float32), array(67.77778, dtype=float32), array(18.181818, dtype=float32), array(49.4382, dtype=float32), array(45.454544, dtype=float32), array(24.175825, dtype=float32), array(62.637363, dtype=float32), array(42.69663, dtype=float32), array(27.586206, dtype=float32), array(34.444443, dtype=float32), array(49.4382, dtype=float32), array(64.44444, dtype=float32), array(33.707867, dtype=float32), array(35.555557, dtype=float32), array(42.528736, dtype=float32), array(24.444445, dtype=float32), array(24.7191, dtype=float32), array(20.454546, dtype=float32), array(17.977528, dtype=float32), array(57.142857, dtype=float32), array(54.444443, dtype=float32), array(23.863636, dtype=float32), array(53.488373, dtype=float32), array(53.932583, dtype=float32), array(27.586206, dtype=float32), array(55.05618, dtype=float32), array(56.989246, dtype=float32), array(61.53846, dtype=float32), array(51.11111, dtype=float32), array(26.966291, dtype=float32), array(24.137932, dtype=float32), array(23.595505, dtype=float32), array(19.318182, dtype=float32), array(64.83517, dtype=float32), array(56.043957, dtype=float32), array(17.777779, dtype=float32), array(34.83146, dtype=float32), array(22.47191, dtype=float32), array(50.5618, dtype=float32), array(60., dtype=float32), array(47.727272, dtype=float32), array(59.782608, dtype=float32), array(24.175825, dtype=float32), array(43.333332, dtype=float32), array(32.967033, dtype=float32), array(26.666666, dtype=float32), array(50.54945, dtype=float32), array(28.089888, dtype=float32), array(28.089888, dtype=float32), array(27.472527, dtype=float32), array(57.30337, dtype=float32), array(27.272728, dtype=float32), array(11.111111, dtype=float32), array(64.44444, dtype=float32), array(34.090908, dtype=float32), array(58.241756, dtype=float32), array(38.46154, dtype=float32), array(32.967033, dtype=float32), array(26.966291, dtype=float32), array(40.860214, dtype=float32), array(55.05618, dtype=float32), array(60.43956, dtype=float32), array(51.685394, dtype=float32), array(58.426968, dtype=float32), array(25., dtype=float32), array(62.365593, dtype=float32), array(28.571428, dtype=float32), array(23.913044, dtype=float32), array(26.666666, dtype=float32), array(59.55056, dtype=float32), array(30.76923, dtype=float32), array(25.555555, dtype=float32), array(33.333332, dtype=float32), array(50., dtype=float32), array(15.730337, dtype=float32), array(54.444443, dtype=float32), array(53.333332, dtype=float32), array(19.101124, dtype=float32), array(20.689655, dtype=float32), array(53.932583, dtype=float32), array(41.304348, dtype=float32), array(20.879122, dtype=float32), array(34.444443, dtype=float32), array(57.954544, dtype=float32), array(29.545454, dtype=float32), array(53.409092, dtype=float32), array(49.462364, dtype=float32), array(15.555555, dtype=float32), array(56.179775, dtype=float32), array(30.337078, dtype=float32), array(25.555555, dtype=float32), array(62.22222, dtype=float32)]
average accuracy 40.03707502365112
average accuracy list [56.77826759338379, 56.8115177154541, 56.02016529083252, 55.193147373199466, 54.548379306793215, 53.52850177764893, 51.776612796783446, 49.970852603912356, 49.60108741760254, 47.471645526885986, 45.76694204330445, 43.65546857833862, 42.03009504318237, 40.03707502365112]
-------------------------------------------
total_num_list [200352380, 139348088, 133733826, 123045662, 128318230, 123292227, 116377891, 107386472, 106346836, 134168464, 90526520, 106175208, 95657107, 92911350, 96836924, 83015518]
===============================================
round: 0
Participants: [33 13 15 35 17 67 23 81 48 86]
Accuracy before training:
[tensor(49.4382), tensor(19.7802), tensor(32.5843), tensor(52.7473), tensor(36.6667), tensor(36.5591), tensor(35.5556), tensor(43.1818), tensor(50.), tensor(24.1379)]
Accuracy After finetune:
[tensor(53.9326), tensor(17.5824), tensor(25.8427), tensor(47.2527), tensor(26.6667), tensor(33.3333), tensor(26.6667), tensor(40.9091), tensor(40.9091), tensor(20.6897)]
Accuracy After distillation:
[tensor(26.9663), tensor(25.2747), tensor(20.2247), tensor(14.2857), tensor(13.3333), tensor(34.4086), tensor(32.2222), tensor(29.5455), tensor(20.4545), tensor(20.6897)]
=============================================
accuracy [array(25.555555, dtype=float32), array(57.77778, dtype=float32), array(52.80899, dtype=float32), array(53.846153, dtype=float32), array(47.252747, dtype=float32), array(53.409092, dtype=float32), array(21.348314, dtype=float32), array(28.40909, dtype=float32), array(35.955055, dtype=float32), array(67.77778, dtype=float32), array(18.181818, dtype=float32), array(49.4382, dtype=float32), array(45.454544, dtype=float32), array(25.274725, dtype=float32), array(62.637363, dtype=float32), array(20.22472, dtype=float32), array(27.586206, dtype=float32), array(13.333333, dtype=float32), array(49.4382, dtype=float32), array(64.44444, dtype=float32), array(33.707867, dtype=float32), array(35.555557, dtype=float32), array(42.528736, dtype=float32), array(32.22222, dtype=float32), array(24.7191, dtype=float32), array(20.454546, dtype=float32), array(17.977528, dtype=float32), array(57.142857, dtype=float32), array(54.444443, dtype=float32), array(23.863636, dtype=float32), array(53.488373, dtype=float32), array(53.932583, dtype=float32), array(27.586206, dtype=float32), array(26.966291, dtype=float32), array(56.989246, dtype=float32), array(14.285714, dtype=float32), array(51.11111, dtype=float32), array(26.966291, dtype=float32), array(24.137932, dtype=float32), array(23.595505, dtype=float32), array(19.318182, dtype=float32), array(64.83517, dtype=float32), array(56.043957, dtype=float32), array(17.777779, dtype=float32), array(34.83146, dtype=float32), array(22.47191, dtype=float32), array(50.5618, dtype=float32), array(60., dtype=float32), array(20.454546, dtype=float32), array(59.782608, dtype=float32), array(24.175825, dtype=float32), array(43.333332, dtype=float32), array(32.967033, dtype=float32), array(26.666666, dtype=float32), array(50.54945, dtype=float32), array(28.089888, dtype=float32), array(28.089888, dtype=float32), array(27.472527, dtype=float32), array(57.30337, dtype=float32), array(27.272728, dtype=float32), array(11.111111, dtype=float32), array(64.44444, dtype=float32), array(34.090908, dtype=float32), array(58.241756, dtype=float32), array(38.46154, dtype=float32), array(32.967033, dtype=float32), array(26.966291, dtype=float32), array(34.408604, dtype=float32), array(55.05618, dtype=float32), array(60.43956, dtype=float32), array(51.685394, dtype=float32), array(58.426968, dtype=float32), array(25., dtype=float32), array(62.365593, dtype=float32), array(28.571428, dtype=float32), array(23.913044, dtype=float32), array(26.666666, dtype=float32), array(59.55056, dtype=float32), array(30.76923, dtype=float32), array(25.555555, dtype=float32), array(33.333332, dtype=float32), array(29.545454, dtype=float32), array(15.730337, dtype=float32), array(54.444443, dtype=float32), array(53.333332, dtype=float32), array(19.101124, dtype=float32), array(20.689655, dtype=float32), array(53.932583, dtype=float32), array(41.304348, dtype=float32), array(20.879122, dtype=float32), array(34.444443, dtype=float32), array(57.954544, dtype=float32), array(29.545454, dtype=float32), array(53.409092, dtype=float32), array(49.462364, dtype=float32), array(15.555555, dtype=float32), array(56.179775, dtype=float32), array(30.337078, dtype=float32), array(25.555555, dtype=float32), array(62.22222, dtype=float32)]
average accuracy 38.394796447753905
average accuracy list [56.77826759338379, 56.8115177154541, 56.02016529083252, 55.193147373199466, 54.548379306793215, 53.52850177764893, 51.776612796783446, 49.970852603912356, 49.60108741760254, 47.471645526885986, 45.76694204330445, 43.65546857833862, 42.03009504318237, 40.03707502365112, 38.394796447753905]
-------------------------------------------
total_num_list [200352380, 139348088, 133733826, 123045662, 128318230, 123292227, 116377891, 107386472, 106346836, 134168464, 90526520, 106175208, 95657107, 92911350, 96836924, 83015518, 73176259]
===============================================
round: 0
Participants: [72 79 63 99 44  0 53 80 34 67]
Accuracy before training:
[tensor(23.9130), tensor(31.1111), tensor(61.5385), tensor(67.7778), tensor(33.7079), tensor(21.1111), tensor(23.3333), tensor(26.6667), tensor(58.0645), tensor(34.4086)]
Accuracy After finetune:
[tensor(21.7391), tensor(18.8889), tensor(45.0549), tensor(52.2222), tensor(23.5955), tensor(22.2222), tensor(26.6667), tensor(23.3333), tensor(48.3871), tensor(16.1290)]
Accuracy After distillation:
[tensor(23.9130), tensor(27.7778), tensor(27.4725), tensor(25.5556), tensor(21.3483), tensor(23.3333), tensor(23.3333), tensor(24.4444), tensor(21.5054), tensor(13.9785)]
=============================================
accuracy [array(23.333334, dtype=float32), array(57.77778, dtype=float32), array(52.80899, dtype=float32), array(53.846153, dtype=float32), array(47.252747, dtype=float32), array(53.409092, dtype=float32), array(21.348314, dtype=float32), array(28.40909, dtype=float32), array(35.955055, dtype=float32), array(67.77778, dtype=float32), array(18.181818, dtype=float32), array(49.4382, dtype=float32), array(45.454544, dtype=float32), array(25.274725, dtype=float32), array(62.637363, dtype=float32), array(20.22472, dtype=float32), array(27.586206, dtype=float32), array(13.333333, dtype=float32), array(49.4382, dtype=float32), array(64.44444, dtype=float32), array(33.707867, dtype=float32), array(35.555557, dtype=float32), array(42.528736, dtype=float32), array(32.22222, dtype=float32), array(24.7191, dtype=float32), array(20.454546, dtype=float32), array(17.977528, dtype=float32), array(57.142857, dtype=float32), array(54.444443, dtype=float32), array(23.863636, dtype=float32), array(53.488373, dtype=float32), array(53.932583, dtype=float32), array(27.586206, dtype=float32), array(26.966291, dtype=float32), array(21.505377, dtype=float32), array(14.285714, dtype=float32), array(51.11111, dtype=float32), array(26.966291, dtype=float32), array(24.137932, dtype=float32), array(23.595505, dtype=float32), array(19.318182, dtype=float32), array(64.83517, dtype=float32), array(56.043957, dtype=float32), array(17.777779, dtype=float32), array(21.348314, dtype=float32), array(22.47191, dtype=float32), array(50.5618, dtype=float32), array(60., dtype=float32), array(20.454546, dtype=float32), array(59.782608, dtype=float32), array(24.175825, dtype=float32), array(43.333332, dtype=float32), array(32.967033, dtype=float32), array(23.333334, dtype=float32), array(50.54945, dtype=float32), array(28.089888, dtype=float32), array(28.089888, dtype=float32), array(27.472527, dtype=float32), array(57.30337, dtype=float32), array(27.272728, dtype=float32), array(11.111111, dtype=float32), array(64.44444, dtype=float32), array(34.090908, dtype=float32), array(27.472527, dtype=float32), array(38.46154, dtype=float32), array(32.967033, dtype=float32), array(26.966291, dtype=float32), array(13.978495, dtype=float32), array(55.05618, dtype=float32), array(60.43956, dtype=float32), array(51.685394, dtype=float32), array(58.426968, dtype=float32), array(23.913044, dtype=float32), array(62.365593, dtype=float32), array(28.571428, dtype=float32), array(23.913044, dtype=float32), array(26.666666, dtype=float32), array(59.55056, dtype=float32), array(30.76923, dtype=float32), array(27.777779, dtype=float32), array(24.444445, dtype=float32), array(29.545454, dtype=float32), array(15.730337, dtype=float32), array(54.444443, dtype=float32), array(53.333332, dtype=float32), array(19.101124, dtype=float32), array(20.689655, dtype=float32), array(53.932583, dtype=float32), array(41.304348, dtype=float32), array(20.879122, dtype=float32), array(34.444443, dtype=float32), array(57.954544, dtype=float32), array(29.545454, dtype=float32), array(53.409092, dtype=float32), array(49.462364, dtype=float32), array(15.555555, dtype=float32), array(56.179775, dtype=float32), array(30.337078, dtype=float32), array(25.555555, dtype=float32), array(25.555555, dtype=float32)]
average accuracy 36.89337451934814
average accuracy list [56.77826759338379, 56.8115177154541, 56.02016529083252, 55.193147373199466, 54.548379306793215, 53.52850177764893, 51.776612796783446, 49.970852603912356, 49.60108741760254, 47.471645526885986, 45.76694204330445, 43.65546857833862, 42.03009504318237, 40.03707502365112, 38.394796447753905, 36.89337451934814]
-------------------------------------------
total_num_list [200352380, 139348088, 133733826, 123045662, 128318230, 123292227, 116377891, 107386472, 106346836, 134168464, 90526520, 106175208, 95657107, 92911350, 96836924, 83015518, 73176259, 94469034]
===============================================
round: 0
Participants: [ 6  5 76 20 14 54 77  8 41 15]
Accuracy before training:
[tensor(21.3483), tensor(53.4091), tensor(28.8889), tensor(35.9551), tensor(50.5494), tensor(51.6483), tensor(57.3034), tensor(37.0787), tensor(58.2418), tensor(21.3483)]
Accuracy After finetune:
[tensor(14.6067), tensor(43.1818), tensor(17.7778), tensor(22.4719), tensor(36.2637), tensor(40.6593), tensor(40.4494), tensor(29.2135), tensor(42.8571), tensor(22.4719)]
Accuracy After distillation:
[tensor(28.0899), tensor(23.8636), tensor(28.8889), tensor(25.8427), tensor(31.8681), tensor(37.3626), tensor(16.8539), tensor(22.4719), tensor(23.0769), tensor(21.3483)]
=============================================
accuracy [array(23.333334, dtype=float32), array(57.77778, dtype=float32), array(52.80899, dtype=float32), array(53.846153, dtype=float32), array(47.252747, dtype=float32), array(23.863636, dtype=float32), array(28.089888, dtype=float32), array(28.40909, dtype=float32), array(22.47191, dtype=float32), array(67.77778, dtype=float32), array(18.181818, dtype=float32), array(49.4382, dtype=float32), array(45.454544, dtype=float32), array(25.274725, dtype=float32), array(31.868132, dtype=float32), array(21.348314, dtype=float32), array(27.586206, dtype=float32), array(13.333333, dtype=float32), array(49.4382, dtype=float32), array(64.44444, dtype=float32), array(25.842697, dtype=float32), array(35.555557, dtype=float32), array(42.528736, dtype=float32), array(32.22222, dtype=float32), array(24.7191, dtype=float32), array(20.454546, dtype=float32), array(17.977528, dtype=float32), array(57.142857, dtype=float32), array(54.444443, dtype=float32), array(23.863636, dtype=float32), array(53.488373, dtype=float32), array(53.932583, dtype=float32), array(27.586206, dtype=float32), array(26.966291, dtype=float32), array(21.505377, dtype=float32), array(14.285714, dtype=float32), array(51.11111, dtype=float32), array(26.966291, dtype=float32), array(24.137932, dtype=float32), array(23.595505, dtype=float32), array(19.318182, dtype=float32), array(23.076923, dtype=float32), array(56.043957, dtype=float32), array(17.777779, dtype=float32), array(21.348314, dtype=float32), array(22.47191, dtype=float32), array(50.5618, dtype=float32), array(60., dtype=float32), array(20.454546, dtype=float32), array(59.782608, dtype=float32), array(24.175825, dtype=float32), array(43.333332, dtype=float32), array(32.967033, dtype=float32), array(23.333334, dtype=float32), array(37.362637, dtype=float32), array(28.089888, dtype=float32), array(28.089888, dtype=float32), array(27.472527, dtype=float32), array(57.30337, dtype=float32), array(27.272728, dtype=float32), array(11.111111, dtype=float32), array(64.44444, dtype=float32), array(34.090908, dtype=float32), array(27.472527, dtype=float32), array(38.46154, dtype=float32), array(32.967033, dtype=float32), array(26.966291, dtype=float32), array(13.978495, dtype=float32), array(55.05618, dtype=float32), array(60.43956, dtype=float32), array(51.685394, dtype=float32), array(58.426968, dtype=float32), array(23.913044, dtype=float32), array(62.365593, dtype=float32), array(28.571428, dtype=float32), array(23.913044, dtype=float32), array(28.88889, dtype=float32), array(16.853933, dtype=float32), array(30.76923, dtype=float32), array(27.777779, dtype=float32), array(24.444445, dtype=float32), array(29.545454, dtype=float32), array(15.730337, dtype=float32), array(54.444443, dtype=float32), array(53.333332, dtype=float32), array(19.101124, dtype=float32), array(20.689655, dtype=float32), array(53.932583, dtype=float32), array(41.304348, dtype=float32), array(20.879122, dtype=float32), array(34.444443, dtype=float32), array(57.954544, dtype=float32), array(29.545454, dtype=float32), array(53.409092, dtype=float32), array(49.462364, dtype=float32), array(15.555555, dtype=float32), array(56.179775, dtype=float32), array(30.337078, dtype=float32), array(25.555555, dtype=float32), array(25.555555, dtype=float32)]
average accuracy 35.20120157241821
average accuracy list [56.77826759338379, 56.8115177154541, 56.02016529083252, 55.193147373199466, 54.548379306793215, 53.52850177764893, 51.776612796783446, 49.970852603912356, 49.60108741760254, 47.471645526885986, 45.76694204330445, 43.65546857833862, 42.03009504318237, 40.03707502365112, 38.394796447753905, 36.89337451934814, 35.20120157241821]
-------------------------------------------
total_num_list [200352380, 139348088, 133733826, 123045662, 128318230, 123292227, 116377891, 107386472, 106346836, 134168464, 90526520, 106175208, 95657107, 92911350, 96836924, 83015518, 73176259, 94469034, 83565077]
===============================================
round: 0
Participants: [97 29  8 90 35 91 62  6 58 27]
Accuracy before training:
[tensor(30.3371), tensor(27.2727), tensor(22.4719), tensor(37.7778), tensor(21.9780), tensor(63.6364), tensor(34.0909), tensor(22.4719), tensor(51.6854), tensor(61.5385)]
Accuracy After finetune:
[tensor(22.4719), tensor(12.5000), tensor(19.1011), tensor(24.4444), tensor(25.2747), tensor(46.5909), tensor(28.4091), tensor(16.8539), tensor(37.0787), tensor(34.0659)]
Accuracy After distillation:
[tensor(15.7303), tensor(23.8636), tensor(21.3483), tensor(27.7778), tensor(18.6813), tensor(23.8636), tensor(17.0455), tensor(29.2135), tensor(23.5955), tensor(25.2747)]
=============================================
accuracy [array(23.333334, dtype=float32), array(57.77778, dtype=float32), array(52.80899, dtype=float32), array(53.846153, dtype=float32), array(47.252747, dtype=float32), array(23.863636, dtype=float32), array(29.213484, dtype=float32), array(28.40909, dtype=float32), array(21.348314, dtype=float32), array(67.77778, dtype=float32), array(18.181818, dtype=float32), array(49.4382, dtype=float32), array(45.454544, dtype=float32), array(25.274725, dtype=float32), array(31.868132, dtype=float32), array(21.348314, dtype=float32), array(27.586206, dtype=float32), array(13.333333, dtype=float32), array(49.4382, dtype=float32), array(64.44444, dtype=float32), array(25.842697, dtype=float32), array(35.555557, dtype=float32), array(42.528736, dtype=float32), array(32.22222, dtype=float32), array(24.7191, dtype=float32), array(20.454546, dtype=float32), array(17.977528, dtype=float32), array(25.274725, dtype=float32), array(54.444443, dtype=float32), array(23.863636, dtype=float32), array(53.488373, dtype=float32), array(53.932583, dtype=float32), array(27.586206, dtype=float32), array(26.966291, dtype=float32), array(21.505377, dtype=float32), array(18.681318, dtype=float32), array(51.11111, dtype=float32), array(26.966291, dtype=float32), array(24.137932, dtype=float32), array(23.595505, dtype=float32), array(19.318182, dtype=float32), array(23.076923, dtype=float32), array(56.043957, dtype=float32), array(17.777779, dtype=float32), array(21.348314, dtype=float32), array(22.47191, dtype=float32), array(50.5618, dtype=float32), array(60., dtype=float32), array(20.454546, dtype=float32), array(59.782608, dtype=float32), array(24.175825, dtype=float32), array(43.333332, dtype=float32), array(32.967033, dtype=float32), array(23.333334, dtype=float32), array(37.362637, dtype=float32), array(28.089888, dtype=float32), array(28.089888, dtype=float32), array(27.472527, dtype=float32), array(23.595505, dtype=float32), array(27.272728, dtype=float32), array(11.111111, dtype=float32), array(64.44444, dtype=float32), array(17.045454, dtype=float32), array(27.472527, dtype=float32), array(38.46154, dtype=float32), array(32.967033, dtype=float32), array(26.966291, dtype=float32), array(13.978495, dtype=float32), array(55.05618, dtype=float32), array(60.43956, dtype=float32), array(51.685394, dtype=float32), array(58.426968, dtype=float32), array(23.913044, dtype=float32), array(62.365593, dtype=float32), array(28.571428, dtype=float32), array(23.913044, dtype=float32), array(28.88889, dtype=float32), array(16.853933, dtype=float32), array(30.76923, dtype=float32), array(27.777779, dtype=float32), array(24.444445, dtype=float32), array(29.545454, dtype=float32), array(15.730337, dtype=float32), array(54.444443, dtype=float32), array(53.333332, dtype=float32), array(19.101124, dtype=float32), array(20.689655, dtype=float32), array(53.932583, dtype=float32), array(41.304348, dtype=float32), array(20.879122, dtype=float32), array(27.777779, dtype=float32), array(23.863636, dtype=float32), array(29.545454, dtype=float32), array(53.409092, dtype=float32), array(49.462364, dtype=float32), array(15.555555, dtype=float32), array(56.179775, dtype=float32), array(15.730337, dtype=float32), array(25.555555, dtype=float32), array(25.555555, dtype=float32)]
average accuracy 33.86529995918274
average accuracy list [56.77826759338379, 56.8115177154541, 56.02016529083252, 55.193147373199466, 54.548379306793215, 53.52850177764893, 51.776612796783446, 49.970852603912356, 49.60108741760254, 47.471645526885986, 45.76694204330445, 43.65546857833862, 42.03009504318237, 40.03707502365112, 38.394796447753905, 36.89337451934814, 35.20120157241821, 33.86529995918274]
-------------------------------------------
