total_num_list [200352380, 139341824]
===============================================
round: 4
Participants: [33 86 19 64 10 95 81 39  2 44]
Accuracy before training:
[tensor(50.5618), tensor(40.2299), tensor(53.3333), tensor(58.2418), tensor(47.7273), tensor(51.1111), tensor(43.1818), tensor(52.8090), tensor(52.8090), tensor(50.5618)]
Accuracy After finetune:
[tensor(35.9551), tensor(29.8851), tensor(38.8889), tensor(41.7582), tensor(42.0455), tensor(44.4444), tensor(42.0455), tensor(34.8315), tensor(35.9551), tensor(41.5730)]
Accuracy After distillation:
[tensor(56.1798), tensor(54.0230), tensor(70.), tensor(69.2308), tensor(56.8182), tensor(68.8889), tensor(53.4091), tensor(56.1798), tensor(55.0562), tensor(61.7978)]
=============================================
accuracy [array(67.77778, dtype=float32), array(58.88889, dtype=float32), array(55.05618, dtype=float32), array(50.54945, dtype=float32), array(57.142857, dtype=float32), array(71.59091, dtype=float32), array(51.685394, dtype=float32), array(51.136364, dtype=float32), array(57.30337, dtype=float32), array(67.77778, dtype=float32), array(56.81818, dtype=float32), array(49.4382, dtype=float32), array(46.590908, dtype=float32), array(68.13187, dtype=float32), array(62.637363, dtype=float32), array(53.932583, dtype=float32), array(56.32184, dtype=float32), array(62.22222, dtype=float32), array(57.30337, dtype=float32), array(70., dtype=float32), array(51.685394, dtype=float32), array(61.11111, dtype=float32), array(45.977013, dtype=float32), array(63.333332, dtype=float32), array(56.179775, dtype=float32), array(59.090908, dtype=float32), array(57.30337, dtype=float32), array(52.747253, dtype=float32), array(54.444443, dtype=float32), array(48.863636, dtype=float32), array(53.488373, dtype=float32), array(53.932583, dtype=float32), array(59.770115, dtype=float32), array(56.179775, dtype=float32), array(56.989246, dtype=float32), array(58.241756, dtype=float32), array(66.666664, dtype=float32), array(42.69663, dtype=float32), array(58.62069, dtype=float32), array(56.179775, dtype=float32), array(51.136364, dtype=float32), array(59.34066, dtype=float32), array(56.043957, dtype=float32), array(54.444443, dtype=float32), array(61.797752, dtype=float32), array(51.685394, dtype=float32), array(50.5618, dtype=float32), array(60., dtype=float32), array(47.727272, dtype=float32), array(52.173912, dtype=float32), array(51.64835, dtype=float32), array(62.22222, dtype=float32), array(67.03297, dtype=float32), array(55.555557, dtype=float32), array(58.241756, dtype=float32), array(53.932583, dtype=float32), array(53.932583, dtype=float32), array(46.153847, dtype=float32), array(57.30337, dtype=float32), array(64.77273, dtype=float32), array(61.11111, dtype=float32), array(64.44444, dtype=float32), array(64.77273, dtype=float32), array(58.241756, dtype=float32), array(69.23077, dtype=float32), array(64.83517, dtype=float32), array(55.05618, dtype=float32), array(50.537636, dtype=float32), array(52.80899, dtype=float32), array(62.637363, dtype=float32), array(51.685394, dtype=float32), array(58.426968, dtype=float32), array(58.695652, dtype=float32), array(62.365593, dtype=float32), array(58.241756, dtype=float32), array(57.608696, dtype=float32), array(56.666668, dtype=float32), array(59.55056, dtype=float32), array(54.945053, dtype=float32), array(58.88889, dtype=float32), array(50., dtype=float32), array(53.409092, dtype=float32), array(58.426968, dtype=float32), array(54.444443, dtype=float32), array(57.77778, dtype=float32), array(55.05618, dtype=float32), array(54.022987, dtype=float32), array(53.932583, dtype=float32), array(67.391304, dtype=float32), array(62.637363, dtype=float32), array(54.444443, dtype=float32), array(57.954544, dtype=float32), array(53.409092, dtype=float32), array(56.81818, dtype=float32), array(59.139786, dtype=float32), array(68.888885, dtype=float32), array(56.179775, dtype=float32), array(61.797752, dtype=float32), array(58.88889, dtype=float32), array(60., dtype=float32)]
average accuracy 57.368862800598144
average accuracy list [57.368862800598144]
-------------------------------------------
total_num_list [200352380, 139341824, 139309001]
===============================================
round: 4
Participants: [25 97  4 57  0 77  5 58 16 24]
Accuracy before training:
[tensor(55.6818), tensor(59.5506), tensor(57.1429), tensor(48.3517), tensor(56.6667), tensor(62.9213), tensor(60.2273), tensor(57.3034), tensor(58.6207), tensor(59.5506)]
Accuracy After finetune:
[tensor(40.9091), tensor(46.0674), tensor(39.5604), tensor(41.7582), tensor(47.7778), tensor(47.1910), tensor(34.0909), tensor(39.3258), tensor(43.6782), tensor(43.8202)]
Accuracy After distillation:
[tensor(55.6818), tensor(57.3034), tensor(61.5385), tensor(59.3407), tensor(61.1111), tensor(56.1798), tensor(61.3636), tensor(62.9213), tensor(59.7701), tensor(64.0449)]
=============================================
accuracy [array(61.11111, dtype=float32), array(58.88889, dtype=float32), array(55.05618, dtype=float32), array(50.54945, dtype=float32), array(61.53846, dtype=float32), array(61.363636, dtype=float32), array(51.685394, dtype=float32), array(51.136364, dtype=float32), array(57.30337, dtype=float32), array(67.77778, dtype=float32), array(56.81818, dtype=float32), array(49.4382, dtype=float32), array(46.590908, dtype=float32), array(68.13187, dtype=float32), array(62.637363, dtype=float32), array(53.932583, dtype=float32), array(59.770115, dtype=float32), array(62.22222, dtype=float32), array(57.30337, dtype=float32), array(70., dtype=float32), array(51.685394, dtype=float32), array(61.11111, dtype=float32), array(45.977013, dtype=float32), array(63.333332, dtype=float32), array(64.044945, dtype=float32), array(55.68182, dtype=float32), array(57.30337, dtype=float32), array(52.747253, dtype=float32), array(54.444443, dtype=float32), array(48.863636, dtype=float32), array(53.488373, dtype=float32), array(53.932583, dtype=float32), array(59.770115, dtype=float32), array(56.179775, dtype=float32), array(56.989246, dtype=float32), array(58.241756, dtype=float32), array(66.666664, dtype=float32), array(42.69663, dtype=float32), array(58.62069, dtype=float32), array(56.179775, dtype=float32), array(51.136364, dtype=float32), array(59.34066, dtype=float32), array(56.043957, dtype=float32), array(54.444443, dtype=float32), array(61.797752, dtype=float32), array(51.685394, dtype=float32), array(50.5618, dtype=float32), array(60., dtype=float32), array(47.727272, dtype=float32), array(52.173912, dtype=float32), array(51.64835, dtype=float32), array(62.22222, dtype=float32), array(67.03297, dtype=float32), array(55.555557, dtype=float32), array(58.241756, dtype=float32), array(53.932583, dtype=float32), array(53.932583, dtype=float32), array(59.34066, dtype=float32), array(62.92135, dtype=float32), array(64.77273, dtype=float32), array(61.11111, dtype=float32), array(64.44444, dtype=float32), array(64.77273, dtype=float32), array(58.241756, dtype=float32), array(69.23077, dtype=float32), array(64.83517, dtype=float32), array(55.05618, dtype=float32), array(50.537636, dtype=float32), array(52.80899, dtype=float32), array(62.637363, dtype=float32), array(51.685394, dtype=float32), array(58.426968, dtype=float32), array(58.695652, dtype=float32), array(62.365593, dtype=float32), array(58.241756, dtype=float32), array(57.608696, dtype=float32), array(56.666668, dtype=float32), array(56.179775, dtype=float32), array(54.945053, dtype=float32), array(58.88889, dtype=float32), array(50., dtype=float32), array(53.409092, dtype=float32), array(58.426968, dtype=float32), array(54.444443, dtype=float32), array(57.77778, dtype=float32), array(55.05618, dtype=float32), array(54.022987, dtype=float32), array(53.932583, dtype=float32), array(67.391304, dtype=float32), array(62.637363, dtype=float32), array(54.444443, dtype=float32), array(57.954544, dtype=float32), array(53.409092, dtype=float32), array(56.81818, dtype=float32), array(59.139786, dtype=float32), array(68.888885, dtype=float32), array(56.179775, dtype=float32), array(57.30337, dtype=float32), array(58.88889, dtype=float32), array(60., dtype=float32)]
average accuracy 57.432319221496584
average accuracy list [57.368862800598144, 57.432319221496584]
-------------------------------------------
total_num_list [200352380, 139341824, 139309001, 128700091]
===============================================
round: 4
Participants: [54 16 45 67 42 36 37 68 33 60]
Accuracy before training:
[tensor(61.5385), tensor(59.7701), tensor(49.4382), tensor(54.8387), tensor(53.8462), tensor(61.1111), tensor(51.6854), tensor(58.4270), tensor(53.9326), tensor(60.)]
Accuracy After finetune:
[tensor(41.7582), tensor(56.3218), tensor(31.4607), tensor(47.3118), tensor(34.0659), tensor(48.8889), tensor(38.2022), tensor(53.9326), tensor(50.5618), tensor(31.1111)]
Accuracy After distillation:
[tensor(57.1429), tensor(52.8736), tensor(50.5618), tensor(54.8387), tensor(54.9451), tensor(63.3333), tensor(58.4270), tensor(58.4270), tensor(47.1910), tensor(71.1111)]
=============================================
accuracy [array(61.11111, dtype=float32), array(58.88889, dtype=float32), array(55.05618, dtype=float32), array(50.54945, dtype=float32), array(61.53846, dtype=float32), array(61.363636, dtype=float32), array(51.685394, dtype=float32), array(51.136364, dtype=float32), array(57.30337, dtype=float32), array(67.77778, dtype=float32), array(56.81818, dtype=float32), array(49.4382, dtype=float32), array(46.590908, dtype=float32), array(68.13187, dtype=float32), array(62.637363, dtype=float32), array(53.932583, dtype=float32), array(52.87356, dtype=float32), array(62.22222, dtype=float32), array(57.30337, dtype=float32), array(70., dtype=float32), array(51.685394, dtype=float32), array(61.11111, dtype=float32), array(45.977013, dtype=float32), array(63.333332, dtype=float32), array(64.044945, dtype=float32), array(55.68182, dtype=float32), array(57.30337, dtype=float32), array(52.747253, dtype=float32), array(54.444443, dtype=float32), array(48.863636, dtype=float32), array(53.488373, dtype=float32), array(53.932583, dtype=float32), array(59.770115, dtype=float32), array(47.19101, dtype=float32), array(56.989246, dtype=float32), array(58.241756, dtype=float32), array(63.333332, dtype=float32), array(58.426968, dtype=float32), array(58.62069, dtype=float32), array(56.179775, dtype=float32), array(51.136364, dtype=float32), array(59.34066, dtype=float32), array(54.945053, dtype=float32), array(54.444443, dtype=float32), array(61.797752, dtype=float32), array(50.5618, dtype=float32), array(50.5618, dtype=float32), array(60., dtype=float32), array(47.727272, dtype=float32), array(52.173912, dtype=float32), array(51.64835, dtype=float32), array(62.22222, dtype=float32), array(67.03297, dtype=float32), array(55.555557, dtype=float32), array(57.142857, dtype=float32), array(53.932583, dtype=float32), array(53.932583, dtype=float32), array(59.34066, dtype=float32), array(62.92135, dtype=float32), array(64.77273, dtype=float32), array(71.111115, dtype=float32), array(64.44444, dtype=float32), array(64.77273, dtype=float32), array(58.241756, dtype=float32), array(69.23077, dtype=float32), array(64.83517, dtype=float32), array(55.05618, dtype=float32), array(54.83871, dtype=float32), array(58.426968, dtype=float32), array(62.637363, dtype=float32), array(51.685394, dtype=float32), array(58.426968, dtype=float32), array(58.695652, dtype=float32), array(62.365593, dtype=float32), array(58.241756, dtype=float32), array(57.608696, dtype=float32), array(56.666668, dtype=float32), array(56.179775, dtype=float32), array(54.945053, dtype=float32), array(58.88889, dtype=float32), array(50., dtype=float32), array(53.409092, dtype=float32), array(58.426968, dtype=float32), array(54.444443, dtype=float32), array(57.77778, dtype=float32), array(55.05618, dtype=float32), array(54.022987, dtype=float32), array(53.932583, dtype=float32), array(67.391304, dtype=float32), array(62.637363, dtype=float32), array(54.444443, dtype=float32), array(57.954544, dtype=float32), array(53.409092, dtype=float32), array(56.81818, dtype=float32), array(59.139786, dtype=float32), array(68.888885, dtype=float32), array(56.179775, dtype=float32), array(57.30337, dtype=float32), array(58.88889, dtype=float32), array(60., dtype=float32)]
average accuracy 57.5634126663208
average accuracy list [57.368862800598144, 57.432319221496584, 57.5634126663208]
-------------------------------------------
total_num_list [200352380, 139341824, 139309001, 128700091, 118306316]
===============================================
round: 4
Participants: [73 45 92  5 46 11 64 60 84 51]
Accuracy before training:
[tensor(62.3656), tensor(43.8202), tensor(47.7273), tensor(57.9545), tensor(51.6854), tensor(49.4382), tensor(64.8352), tensor(66.6667), tensor(65.5556), tensor(58.8889)]
Accuracy After finetune:
[tensor(39.7849), tensor(39.3258), tensor(36.3636), tensor(47.7273), tensor(34.8315), tensor(30.3371), tensor(49.4506), tensor(57.7778), tensor(47.7778), tensor(44.4444)]
Accuracy After distillation:
[tensor(65.5914), tensor(50.5618), tensor(61.3636), tensor(45.4545), tensor(47.1910), tensor(51.6854), tensor(53.8462), tensor(45.5556), tensor(58.8889), tensor(57.7778)]
=============================================
accuracy [array(61.11111, dtype=float32), array(58.88889, dtype=float32), array(55.05618, dtype=float32), array(50.54945, dtype=float32), array(61.53846, dtype=float32), array(45.454544, dtype=float32), array(51.685394, dtype=float32), array(51.136364, dtype=float32), array(57.30337, dtype=float32), array(67.77778, dtype=float32), array(56.81818, dtype=float32), array(51.685394, dtype=float32), array(46.590908, dtype=float32), array(68.13187, dtype=float32), array(62.637363, dtype=float32), array(53.932583, dtype=float32), array(52.87356, dtype=float32), array(62.22222, dtype=float32), array(57.30337, dtype=float32), array(70., dtype=float32), array(51.685394, dtype=float32), array(61.11111, dtype=float32), array(45.977013, dtype=float32), array(63.333332, dtype=float32), array(64.044945, dtype=float32), array(55.68182, dtype=float32), array(57.30337, dtype=float32), array(52.747253, dtype=float32), array(54.444443, dtype=float32), array(48.863636, dtype=float32), array(53.488373, dtype=float32), array(53.932583, dtype=float32), array(59.770115, dtype=float32), array(47.19101, dtype=float32), array(56.989246, dtype=float32), array(58.241756, dtype=float32), array(63.333332, dtype=float32), array(58.426968, dtype=float32), array(58.62069, dtype=float32), array(56.179775, dtype=float32), array(51.136364, dtype=float32), array(59.34066, dtype=float32), array(54.945053, dtype=float32), array(54.444443, dtype=float32), array(61.797752, dtype=float32), array(50.5618, dtype=float32), array(47.19101, dtype=float32), array(60., dtype=float32), array(47.727272, dtype=float32), array(52.173912, dtype=float32), array(51.64835, dtype=float32), array(57.77778, dtype=float32), array(67.03297, dtype=float32), array(55.555557, dtype=float32), array(57.142857, dtype=float32), array(53.932583, dtype=float32), array(53.932583, dtype=float32), array(59.34066, dtype=float32), array(62.92135, dtype=float32), array(64.77273, dtype=float32), array(45.555557, dtype=float32), array(64.44444, dtype=float32), array(64.77273, dtype=float32), array(58.241756, dtype=float32), array(53.846153, dtype=float32), array(64.83517, dtype=float32), array(55.05618, dtype=float32), array(54.83871, dtype=float32), array(58.426968, dtype=float32), array(62.637363, dtype=float32), array(51.685394, dtype=float32), array(58.426968, dtype=float32), array(58.695652, dtype=float32), array(65.5914, dtype=float32), array(58.241756, dtype=float32), array(57.608696, dtype=float32), array(56.666668, dtype=float32), array(56.179775, dtype=float32), array(54.945053, dtype=float32), array(58.88889, dtype=float32), array(50., dtype=float32), array(53.409092, dtype=float32), array(58.426968, dtype=float32), array(54.444443, dtype=float32), array(58.88889, dtype=float32), array(55.05618, dtype=float32), array(54.022987, dtype=float32), array(53.932583, dtype=float32), array(67.391304, dtype=float32), array(62.637363, dtype=float32), array(54.444443, dtype=float32), array(57.954544, dtype=float32), array(61.363636, dtype=float32), array(56.81818, dtype=float32), array(59.139786, dtype=float32), array(68.888885, dtype=float32), array(56.179775, dtype=float32), array(57.30337, dtype=float32), array(58.88889, dtype=float32), array(60., dtype=float32)]
average accuracy 57.06215427398681
average accuracy list [57.368862800598144, 57.432319221496584, 57.5634126663208, 57.06215427398681]
-------------------------------------------
total_num_list [200352380, 139341824, 139309001, 128700091, 118306316, 126125867]
===============================================
round: 4
Participants: [97 15 49 43 45 83 20 27 17 69]
Accuracy before training:
[tensor(60.6742), tensor(57.3034), tensor(51.0870), tensor(54.4444), tensor(40.4494), tensor(63.3333), tensor(50.5618), tensor(50.5494), tensor(56.6667), tensor(59.3407)]
Accuracy After finetune:
[tensor(50.5618), tensor(44.9438), tensor(34.7826), tensor(38.8889), tensor(22.4719), tensor(45.5556), tensor(33.7079), tensor(40.6593), tensor(52.2222), tensor(46.1538)]
Accuracy After distillation:
[tensor(39.3258), tensor(57.3034), tensor(67.3913), tensor(70.), tensor(24.7191), tensor(54.4444), tensor(65.1685), tensor(59.3407), tensor(70.), tensor(61.5385)]
=============================================
accuracy [array(61.11111, dtype=float32), array(58.88889, dtype=float32), array(55.05618, dtype=float32), array(50.54945, dtype=float32), array(61.53846, dtype=float32), array(45.454544, dtype=float32), array(51.685394, dtype=float32), array(51.136364, dtype=float32), array(57.30337, dtype=float32), array(67.77778, dtype=float32), array(56.81818, dtype=float32), array(51.685394, dtype=float32), array(46.590908, dtype=float32), array(68.13187, dtype=float32), array(62.637363, dtype=float32), array(57.30337, dtype=float32), array(52.87356, dtype=float32), array(70., dtype=float32), array(57.30337, dtype=float32), array(70., dtype=float32), array(65.16854, dtype=float32), array(61.11111, dtype=float32), array(45.977013, dtype=float32), array(63.333332, dtype=float32), array(64.044945, dtype=float32), array(55.68182, dtype=float32), array(57.30337, dtype=float32), array(59.34066, dtype=float32), array(54.444443, dtype=float32), array(48.863636, dtype=float32), array(53.488373, dtype=float32), array(53.932583, dtype=float32), array(59.770115, dtype=float32), array(47.19101, dtype=float32), array(56.989246, dtype=float32), array(58.241756, dtype=float32), array(63.333332, dtype=float32), array(58.426968, dtype=float32), array(58.62069, dtype=float32), array(56.179775, dtype=float32), array(51.136364, dtype=float32), array(59.34066, dtype=float32), array(54.945053, dtype=float32), array(70., dtype=float32), array(61.797752, dtype=float32), array(24.7191, dtype=float32), array(47.19101, dtype=float32), array(60., dtype=float32), array(47.727272, dtype=float32), array(67.391304, dtype=float32), array(51.64835, dtype=float32), array(57.77778, dtype=float32), array(67.03297, dtype=float32), array(55.555557, dtype=float32), array(57.142857, dtype=float32), array(53.932583, dtype=float32), array(53.932583, dtype=float32), array(59.34066, dtype=float32), array(62.92135, dtype=float32), array(64.77273, dtype=float32), array(45.555557, dtype=float32), array(64.44444, dtype=float32), array(64.77273, dtype=float32), array(58.241756, dtype=float32), array(53.846153, dtype=float32), array(64.83517, dtype=float32), array(55.05618, dtype=float32), array(54.83871, dtype=float32), array(58.426968, dtype=float32), array(61.53846, dtype=float32), array(51.685394, dtype=float32), array(58.426968, dtype=float32), array(58.695652, dtype=float32), array(65.5914, dtype=float32), array(58.241756, dtype=float32), array(57.608696, dtype=float32), array(56.666668, dtype=float32), array(56.179775, dtype=float32), array(54.945053, dtype=float32), array(58.88889, dtype=float32), array(50., dtype=float32), array(53.409092, dtype=float32), array(58.426968, dtype=float32), array(54.444443, dtype=float32), array(58.88889, dtype=float32), array(55.05618, dtype=float32), array(54.022987, dtype=float32), array(53.932583, dtype=float32), array(67.391304, dtype=float32), array(62.637363, dtype=float32), array(54.444443, dtype=float32), array(57.954544, dtype=float32), array(61.363636, dtype=float32), array(56.81818, dtype=float32), array(59.139786, dtype=float32), array(68.888885, dtype=float32), array(56.179775, dtype=float32), array(39.325844, dtype=float32), array(58.88889, dtype=float32), array(60., dtype=float32)]
average accuracy 57.23294368743896
average accuracy list [57.368862800598144, 57.432319221496584, 57.5634126663208, 57.06215427398681, 57.23294368743896]
-------------------------------------------
total_num_list [200352380, 139341824, 139309001, 128700091, 118306316, 126125867, 118617354]
===============================================
round: 4
Participants: [26 75 57 19 89 12 81 53 28 11]
Accuracy before training:
[tensor(57.3034), tensor(58.6957), tensor(63.7363), tensor(64.4444), tensor(64.8352), tensor(55.6818), tensor(56.8182), tensor(64.4444), tensor(58.8889), tensor(58.4270)]
Accuracy After finetune:
[tensor(46.0674), tensor(42.3913), tensor(53.8462), tensor(52.2222), tensor(43.9560), tensor(38.6364), tensor(53.4091), tensor(45.5556), tensor(35.5556), tensor(43.8202)]
Accuracy After distillation:
[tensor(58.4270), tensor(58.6957), tensor(47.2527), tensor(43.3333), tensor(71.4286), tensor(56.8182), tensor(44.3182), tensor(47.7778), tensor(64.4444), tensor(40.4494)]
=============================================
accuracy [array(61.11111, dtype=float32), array(58.88889, dtype=float32), array(55.05618, dtype=float32), array(50.54945, dtype=float32), array(61.53846, dtype=float32), array(45.454544, dtype=float32), array(51.685394, dtype=float32), array(51.136364, dtype=float32), array(57.30337, dtype=float32), array(67.77778, dtype=float32), array(56.81818, dtype=float32), array(40.44944, dtype=float32), array(56.81818, dtype=float32), array(68.13187, dtype=float32), array(62.637363, dtype=float32), array(57.30337, dtype=float32), array(52.87356, dtype=float32), array(70., dtype=float32), array(57.30337, dtype=float32), array(43.333332, dtype=float32), array(65.16854, dtype=float32), array(61.11111, dtype=float32), array(45.977013, dtype=float32), array(63.333332, dtype=float32), array(64.044945, dtype=float32), array(55.68182, dtype=float32), array(58.426968, dtype=float32), array(59.34066, dtype=float32), array(64.44444, dtype=float32), array(48.863636, dtype=float32), array(53.488373, dtype=float32), array(53.932583, dtype=float32), array(59.770115, dtype=float32), array(47.19101, dtype=float32), array(56.989246, dtype=float32), array(58.241756, dtype=float32), array(63.333332, dtype=float32), array(58.426968, dtype=float32), array(58.62069, dtype=float32), array(56.179775, dtype=float32), array(51.136364, dtype=float32), array(59.34066, dtype=float32), array(54.945053, dtype=float32), array(70., dtype=float32), array(61.797752, dtype=float32), array(24.7191, dtype=float32), array(47.19101, dtype=float32), array(60., dtype=float32), array(47.727272, dtype=float32), array(67.391304, dtype=float32), array(51.64835, dtype=float32), array(57.77778, dtype=float32), array(67.03297, dtype=float32), array(47.77778, dtype=float32), array(57.142857, dtype=float32), array(53.932583, dtype=float32), array(53.932583, dtype=float32), array(47.252747, dtype=float32), array(62.92135, dtype=float32), array(64.77273, dtype=float32), array(45.555557, dtype=float32), array(64.44444, dtype=float32), array(64.77273, dtype=float32), array(58.241756, dtype=float32), array(53.846153, dtype=float32), array(64.83517, dtype=float32), array(55.05618, dtype=float32), array(54.83871, dtype=float32), array(58.426968, dtype=float32), array(61.53846, dtype=float32), array(51.685394, dtype=float32), array(58.426968, dtype=float32), array(58.695652, dtype=float32), array(65.5914, dtype=float32), array(58.241756, dtype=float32), array(58.695652, dtype=float32), array(56.666668, dtype=float32), array(56.179775, dtype=float32), array(54.945053, dtype=float32), array(58.88889, dtype=float32), array(50., dtype=float32), array(44.31818, dtype=float32), array(58.426968, dtype=float32), array(54.444443, dtype=float32), array(58.88889, dtype=float32), array(55.05618, dtype=float32), array(54.022987, dtype=float32), array(53.932583, dtype=float32), array(67.391304, dtype=float32), array(71.42857, dtype=float32), array(54.444443, dtype=float32), array(57.954544, dtype=float32), array(61.363636, dtype=float32), array(56.81818, dtype=float32), array(59.139786, dtype=float32), array(68.888885, dtype=float32), array(56.179775, dtype=float32), array(39.325844, dtype=float32), array(58.88889, dtype=float32), array(60., dtype=float32)]
average accuracy 56.87664176940918
average accuracy list [57.368862800598144, 57.432319221496584, 57.5634126663208, 57.06215427398681, 57.23294368743896, 56.87664176940918]
-------------------------------------------
total_num_list [200352380, 139341824, 139309001, 128700091, 118306316, 126125867, 118617354, 105775622]
===============================================
round: 4
Participants: [97 11  7 90 35 86 22 19 94 46]
Accuracy before training:
[tensor(33.7079), tensor(42.6966), tensor(47.7273), tensor(62.2222), tensor(58.2418), tensor(51.7241), tensor(51.7241), tensor(53.3333), tensor(60.2151), tensor(50.5618)]
Accuracy After finetune:
[tensor(33.7079), tensor(30.3371), tensor(38.6364), tensor(51.1111), tensor(38.4615), tensor(48.2759), tensor(28.7356), tensor(28.8889), tensor(41.9355), tensor(33.7079)]
Accuracy After distillation:
[tensor(23.5955), tensor(30.3371), tensor(55.6818), tensor(64.4444), tensor(49.4506), tensor(37.9310), tensor(54.0230), tensor(34.4444), tensor(53.7634), tensor(23.5955)]
=============================================
accuracy [array(61.11111, dtype=float32), array(58.88889, dtype=float32), array(55.05618, dtype=float32), array(50.54945, dtype=float32), array(61.53846, dtype=float32), array(45.454544, dtype=float32), array(51.685394, dtype=float32), array(55.68182, dtype=float32), array(57.30337, dtype=float32), array(67.77778, dtype=float32), array(56.81818, dtype=float32), array(30.337078, dtype=float32), array(56.81818, dtype=float32), array(68.13187, dtype=float32), array(62.637363, dtype=float32), array(57.30337, dtype=float32), array(52.87356, dtype=float32), array(70., dtype=float32), array(57.30337, dtype=float32), array(34.444443, dtype=float32), array(65.16854, dtype=float32), array(61.11111, dtype=float32), array(54.022987, dtype=float32), array(63.333332, dtype=float32), array(64.044945, dtype=float32), array(55.68182, dtype=float32), array(58.426968, dtype=float32), array(59.34066, dtype=float32), array(64.44444, dtype=float32), array(48.863636, dtype=float32), array(53.488373, dtype=float32), array(53.932583, dtype=float32), array(59.770115, dtype=float32), array(47.19101, dtype=float32), array(56.989246, dtype=float32), array(49.45055, dtype=float32), array(63.333332, dtype=float32), array(58.426968, dtype=float32), array(58.62069, dtype=float32), array(56.179775, dtype=float32), array(51.136364, dtype=float32), array(59.34066, dtype=float32), array(54.945053, dtype=float32), array(70., dtype=float32), array(61.797752, dtype=float32), array(24.7191, dtype=float32), array(23.595505, dtype=float32), array(60., dtype=float32), array(47.727272, dtype=float32), array(67.391304, dtype=float32), array(51.64835, dtype=float32), array(57.77778, dtype=float32), array(67.03297, dtype=float32), array(47.77778, dtype=float32), array(57.142857, dtype=float32), array(53.932583, dtype=float32), array(53.932583, dtype=float32), array(47.252747, dtype=float32), array(62.92135, dtype=float32), array(64.77273, dtype=float32), array(45.555557, dtype=float32), array(64.44444, dtype=float32), array(64.77273, dtype=float32), array(58.241756, dtype=float32), array(53.846153, dtype=float32), array(64.83517, dtype=float32), array(55.05618, dtype=float32), array(54.83871, dtype=float32), array(58.426968, dtype=float32), array(61.53846, dtype=float32), array(51.685394, dtype=float32), array(58.426968, dtype=float32), array(58.695652, dtype=float32), array(65.5914, dtype=float32), array(58.241756, dtype=float32), array(58.695652, dtype=float32), array(56.666668, dtype=float32), array(56.179775, dtype=float32), array(54.945053, dtype=float32), array(58.88889, dtype=float32), array(50., dtype=float32), array(44.31818, dtype=float32), array(58.426968, dtype=float32), array(54.444443, dtype=float32), array(58.88889, dtype=float32), array(55.05618, dtype=float32), array(37.931034, dtype=float32), array(53.932583, dtype=float32), array(67.391304, dtype=float32), array(71.42857, dtype=float32), array(64.44444, dtype=float32), array(57.954544, dtype=float32), array(61.363636, dtype=float32), array(56.81818, dtype=float32), array(53.76344, dtype=float32), array(68.888885, dtype=float32), array(56.179775, dtype=float32), array(23.595505, dtype=float32), array(58.88889, dtype=float32), array(60., dtype=float32)]
average accuracy 56.21669006347656
average accuracy list [57.368862800598144, 57.432319221496584, 57.5634126663208, 57.06215427398681, 57.23294368743896, 56.87664176940918, 56.21669006347656]
-------------------------------------------
total_num_list [200352380, 139341824, 139309001, 128700091, 118306316, 126125867, 118617354, 105775622, 134006345]
===============================================
round: 4
Participants: [79 30 47 24 21 88 76 65 78 99]
Accuracy before training:
[tensor(60.), tensor(56.9767), tensor(64.4444), tensor(60.6742), tensor(61.1111), tensor(60.8696), tensor(58.8889), tensor(59.3407), tensor(56.0440), tensor(63.3333)]
Accuracy After finetune:
[tensor(45.5556), tensor(36.0465), tensor(50.), tensor(60.6742), tensor(51.1111), tensor(45.6522), tensor(44.4444), tensor(42.8571), tensor(34.0659), tensor(42.2222)]
Accuracy After distillation:
[tensor(62.2222), tensor(53.4884), tensor(67.7778), tensor(51.6854), tensor(60.), tensor(70.6522), tensor(61.1111), tensor(58.2418), tensor(65.9341), tensor(60.)]
=============================================
accuracy [array(61.11111, dtype=float32), array(58.88889, dtype=float32), array(55.05618, dtype=float32), array(50.54945, dtype=float32), array(61.53846, dtype=float32), array(45.454544, dtype=float32), array(51.685394, dtype=float32), array(55.68182, dtype=float32), array(57.30337, dtype=float32), array(67.77778, dtype=float32), array(56.81818, dtype=float32), array(30.337078, dtype=float32), array(56.81818, dtype=float32), array(68.13187, dtype=float32), array(62.637363, dtype=float32), array(57.30337, dtype=float32), array(52.87356, dtype=float32), array(70., dtype=float32), array(57.30337, dtype=float32), array(34.444443, dtype=float32), array(65.16854, dtype=float32), array(60., dtype=float32), array(54.022987, dtype=float32), array(63.333332, dtype=float32), array(51.685394, dtype=float32), array(55.68182, dtype=float32), array(58.426968, dtype=float32), array(59.34066, dtype=float32), array(64.44444, dtype=float32), array(48.863636, dtype=float32), array(53.488373, dtype=float32), array(53.932583, dtype=float32), array(59.770115, dtype=float32), array(47.19101, dtype=float32), array(56.989246, dtype=float32), array(49.45055, dtype=float32), array(63.333332, dtype=float32), array(58.426968, dtype=float32), array(58.62069, dtype=float32), array(56.179775, dtype=float32), array(51.136364, dtype=float32), array(59.34066, dtype=float32), array(54.945053, dtype=float32), array(70., dtype=float32), array(61.797752, dtype=float32), array(24.7191, dtype=float32), array(23.595505, dtype=float32), array(67.77778, dtype=float32), array(47.727272, dtype=float32), array(67.391304, dtype=float32), array(51.64835, dtype=float32), array(57.77778, dtype=float32), array(67.03297, dtype=float32), array(47.77778, dtype=float32), array(57.142857, dtype=float32), array(53.932583, dtype=float32), array(53.932583, dtype=float32), array(47.252747, dtype=float32), array(62.92135, dtype=float32), array(64.77273, dtype=float32), array(45.555557, dtype=float32), array(64.44444, dtype=float32), array(64.77273, dtype=float32), array(58.241756, dtype=float32), array(53.846153, dtype=float32), array(58.241756, dtype=float32), array(55.05618, dtype=float32), array(54.83871, dtype=float32), array(58.426968, dtype=float32), array(61.53846, dtype=float32), array(51.685394, dtype=float32), array(58.426968, dtype=float32), array(58.695652, dtype=float32), array(65.5914, dtype=float32), array(58.241756, dtype=float32), array(58.695652, dtype=float32), array(61.11111, dtype=float32), array(56.179775, dtype=float32), array(65.93407, dtype=float32), array(62.22222, dtype=float32), array(50., dtype=float32), array(44.31818, dtype=float32), array(58.426968, dtype=float32), array(54.444443, dtype=float32), array(58.88889, dtype=float32), array(55.05618, dtype=float32), array(37.931034, dtype=float32), array(53.932583, dtype=float32), array(70.652176, dtype=float32), array(71.42857, dtype=float32), array(64.44444, dtype=float32), array(57.954544, dtype=float32), array(61.363636, dtype=float32), array(56.81818, dtype=float32), array(53.76344, dtype=float32), array(68.888885, dtype=float32), array(56.179775, dtype=float32), array(23.595505, dtype=float32), array(58.88889, dtype=float32), array(60., dtype=float32)]
average accuracy 56.31410373687744
average accuracy list [57.368862800598144, 57.432319221496584, 57.5634126663208, 57.06215427398681, 57.23294368743896, 56.87664176940918, 56.21669006347656, 56.31410373687744]
-------------------------------------------
total_num_list [200352380, 139341824, 139309001, 128700091, 118306316, 126125867, 118617354, 105775622, 134006345, 93824741]
===============================================
round: 4
Participants: [43 35 21 53 94  5  4  1  3 97]
Accuracy before training:
[tensor(64.4444), tensor(56.0440), tensor(65.5556), tensor(57.7778), tensor(53.7634), tensor(51.1364), tensor(65.9341), tensor(61.1111), tensor(47.2527), tensor(23.5955)]
Accuracy After finetune:
[tensor(57.7778), tensor(37.3626), tensor(51.1111), tensor(47.7778), tensor(49.4624), tensor(45.4545), tensor(52.7473), tensor(37.7778), tensor(39.5604), tensor(32.5843)]
Accuracy After distillation:
[tensor(43.3333), tensor(26.3736), tensor(28.8889), tensor(42.2222), tensor(33.3333), tensor(29.5455), tensor(43.9560), tensor(46.6667), tensor(36.2637), tensor(32.5843)]
=============================================
accuracy [array(61.11111, dtype=float32), array(46.666668, dtype=float32), array(55.05618, dtype=float32), array(36.263737, dtype=float32), array(43.956043, dtype=float32), array(29.545454, dtype=float32), array(51.685394, dtype=float32), array(55.68182, dtype=float32), array(57.30337, dtype=float32), array(67.77778, dtype=float32), array(56.81818, dtype=float32), array(30.337078, dtype=float32), array(56.81818, dtype=float32), array(68.13187, dtype=float32), array(62.637363, dtype=float32), array(57.30337, dtype=float32), array(52.87356, dtype=float32), array(70., dtype=float32), array(57.30337, dtype=float32), array(34.444443, dtype=float32), array(65.16854, dtype=float32), array(28.88889, dtype=float32), array(54.022987, dtype=float32), array(63.333332, dtype=float32), array(51.685394, dtype=float32), array(55.68182, dtype=float32), array(58.426968, dtype=float32), array(59.34066, dtype=float32), array(64.44444, dtype=float32), array(48.863636, dtype=float32), array(53.488373, dtype=float32), array(53.932583, dtype=float32), array(59.770115, dtype=float32), array(47.19101, dtype=float32), array(56.989246, dtype=float32), array(26.373627, dtype=float32), array(63.333332, dtype=float32), array(58.426968, dtype=float32), array(58.62069, dtype=float32), array(56.179775, dtype=float32), array(51.136364, dtype=float32), array(59.34066, dtype=float32), array(54.945053, dtype=float32), array(43.333332, dtype=float32), array(61.797752, dtype=float32), array(24.7191, dtype=float32), array(23.595505, dtype=float32), array(67.77778, dtype=float32), array(47.727272, dtype=float32), array(67.391304, dtype=float32), array(51.64835, dtype=float32), array(57.77778, dtype=float32), array(67.03297, dtype=float32), array(42.22222, dtype=float32), array(57.142857, dtype=float32), array(53.932583, dtype=float32), array(53.932583, dtype=float32), array(47.252747, dtype=float32), array(62.92135, dtype=float32), array(64.77273, dtype=float32), array(45.555557, dtype=float32), array(64.44444, dtype=float32), array(64.77273, dtype=float32), array(58.241756, dtype=float32), array(53.846153, dtype=float32), array(58.241756, dtype=float32), array(55.05618, dtype=float32), array(54.83871, dtype=float32), array(58.426968, dtype=float32), array(61.53846, dtype=float32), array(51.685394, dtype=float32), array(58.426968, dtype=float32), array(58.695652, dtype=float32), array(65.5914, dtype=float32), array(58.241756, dtype=float32), array(58.695652, dtype=float32), array(61.11111, dtype=float32), array(56.179775, dtype=float32), array(65.93407, dtype=float32), array(62.22222, dtype=float32), array(50., dtype=float32), array(44.31818, dtype=float32), array(58.426968, dtype=float32), array(54.444443, dtype=float32), array(58.88889, dtype=float32), array(55.05618, dtype=float32), array(37.931034, dtype=float32), array(53.932583, dtype=float32), array(70.652176, dtype=float32), array(71.42857, dtype=float32), array(64.44444, dtype=float32), array(57.954544, dtype=float32), array(61.363636, dtype=float32), array(56.81818, dtype=float32), array(33.333332, dtype=float32), array(68.888885, dtype=float32), array(56.179775, dtype=float32), array(32.58427, dtype=float32), array(58.88889, dtype=float32), array(60., dtype=float32)]
average accuracy 54.73559331893921
average accuracy list [57.368862800598144, 57.432319221496584, 57.5634126663208, 57.06215427398681, 57.23294368743896, 56.87664176940918, 56.21669006347656, 56.31410373687744, 54.73559331893921]
-------------------------------------------
total_num_list [200352380, 139341824, 139309001, 128700091, 118306316, 126125867, 118617354, 105775622, 134006345, 93824741, 103786956]
===============================================
round: 4
Participants: [13 51 99 37 29 91 75 48 53 21]
Accuracy before training:
[tensor(65.9341), tensor(51.1111), tensor(66.6667), tensor(52.8090), tensor(51.1364), tensor(57.9545), tensor(51.0870), tensor(54.5455), tensor(36.6667), tensor(24.4444)]
Accuracy After finetune:
[tensor(43.9560), tensor(44.4444), tensor(57.7778), tensor(39.3258), tensor(31.8182), tensor(52.2727), tensor(48.9130), tensor(35.2273), tensor(31.1111), tensor(7.7778)]
Accuracy After distillation:
[tensor(60.4396), tensor(43.3333), tensor(47.7778), tensor(38.2022), tensor(55.6818), tensor(48.8636), tensor(32.6087), tensor(53.4091), tensor(24.4444), tensor(28.8889)]
=============================================
accuracy [array(61.11111, dtype=float32), array(46.666668, dtype=float32), array(55.05618, dtype=float32), array(36.263737, dtype=float32), array(43.956043, dtype=float32), array(29.545454, dtype=float32), array(51.685394, dtype=float32), array(55.68182, dtype=float32), array(57.30337, dtype=float32), array(67.77778, dtype=float32), array(56.81818, dtype=float32), array(30.337078, dtype=float32), array(56.81818, dtype=float32), array(60.43956, dtype=float32), array(62.637363, dtype=float32), array(57.30337, dtype=float32), array(52.87356, dtype=float32), array(70., dtype=float32), array(57.30337, dtype=float32), array(34.444443, dtype=float32), array(65.16854, dtype=float32), array(28.88889, dtype=float32), array(54.022987, dtype=float32), array(63.333332, dtype=float32), array(51.685394, dtype=float32), array(55.68182, dtype=float32), array(58.426968, dtype=float32), array(59.34066, dtype=float32), array(64.44444, dtype=float32), array(55.68182, dtype=float32), array(53.488373, dtype=float32), array(53.932583, dtype=float32), array(59.770115, dtype=float32), array(47.19101, dtype=float32), array(56.989246, dtype=float32), array(26.373627, dtype=float32), array(63.333332, dtype=float32), array(38.202248, dtype=float32), array(58.62069, dtype=float32), array(56.179775, dtype=float32), array(51.136364, dtype=float32), array(59.34066, dtype=float32), array(54.945053, dtype=float32), array(43.333332, dtype=float32), array(61.797752, dtype=float32), array(24.7191, dtype=float32), array(23.595505, dtype=float32), array(67.77778, dtype=float32), array(53.409092, dtype=float32), array(67.391304, dtype=float32), array(51.64835, dtype=float32), array(43.333332, dtype=float32), array(67.03297, dtype=float32), array(24.444445, dtype=float32), array(57.142857, dtype=float32), array(53.932583, dtype=float32), array(53.932583, dtype=float32), array(47.252747, dtype=float32), array(62.92135, dtype=float32), array(64.77273, dtype=float32), array(45.555557, dtype=float32), array(64.44444, dtype=float32), array(64.77273, dtype=float32), array(58.241756, dtype=float32), array(53.846153, dtype=float32), array(58.241756, dtype=float32), array(55.05618, dtype=float32), array(54.83871, dtype=float32), array(58.426968, dtype=float32), array(61.53846, dtype=float32), array(51.685394, dtype=float32), array(58.426968, dtype=float32), array(58.695652, dtype=float32), array(65.5914, dtype=float32), array(58.241756, dtype=float32), array(32.608696, dtype=float32), array(61.11111, dtype=float32), array(56.179775, dtype=float32), array(65.93407, dtype=float32), array(62.22222, dtype=float32), array(50., dtype=float32), array(44.31818, dtype=float32), array(58.426968, dtype=float32), array(54.444443, dtype=float32), array(58.88889, dtype=float32), array(55.05618, dtype=float32), array(37.931034, dtype=float32), array(53.932583, dtype=float32), array(70.652176, dtype=float32), array(71.42857, dtype=float32), array(64.44444, dtype=float32), array(48.863636, dtype=float32), array(61.363636, dtype=float32), array(56.81818, dtype=float32), array(33.333332, dtype=float32), array(68.888885, dtype=float32), array(56.179775, dtype=float32), array(32.58427, dtype=float32), array(58.88889, dtype=float32), array(47.77778, dtype=float32)]
average accuracy 53.78520000457764
average accuracy list [57.368862800598144, 57.432319221496584, 57.5634126663208, 57.06215427398681, 57.23294368743896, 56.87664176940918, 56.21669006347656, 56.31410373687744, 54.73559331893921, 53.78520000457764]
-------------------------------------------
total_num_list [200352380, 139341824, 139309001, 128700091, 118306316, 126125867, 118617354, 105775622, 134006345, 93824741, 103786956, 113793693]
