Warm up stage:accuracy: tensor(29.2300)
Warm up stage:accuracy: tensor(34.9500)
Warm up stage:accuracy: tensor(43.3800)
Warm up stage:accuracy: tensor(48.6400)
Warm up stage:accuracy: tensor(50.8300)
Warm up stage:accuracy: tensor(51.2000)
Warm up stage:accuracy: tensor(55.7100)
Warm up stage:accuracy: tensor(55.7100)
Warm up stage:accuracy: tensor(55.7100)
Warm up stage:accuracy: tensor(55.7100)
training iter: 0 of 400
average accuracy 53.26732192993164
average train accuracy: 55.450767822265625
average accuracy ct 55.400001525878906
average accuracy list [53.26732192993164]
averge_train_accuracy_list [55.450767822265625]
averge_ct_accuracy_list [55.400001525878906]
total_num_list [200350180, 140534590]
training iter: 1 of 400
average accuracy 53.290160217285155
average train accuracy: 55.44820293426514
average accuracy ct 55.400001525878906
average accuracy list [53.26732192993164, 53.290160217285155]
averge_train_accuracy_list [55.450767822265625, 55.44820293426514]
averge_ct_accuracy_list [55.400001525878906, 55.400001525878906]
total_num_list [200350180, 140534590, 135520440]
training iter: 2 of 400
average accuracy 53.35595596313477
average train accuracy: 55.49438343048096
average accuracy ct 55.44730152130127
average accuracy list [53.26732192993164, 53.290160217285155, 53.35595596313477]
averge_train_accuracy_list [55.450767822265625, 55.44820293426514, 55.49438343048096]
averge_ct_accuracy_list [55.400001525878906, 55.400001525878906, 55.44730152130127]
total_num_list [200350180, 140534590, 135520440, 130719167]
training iter: 3 of 400
average accuracy 53.41165832519531
average train accuracy: 55.58592910766602
average accuracy ct 55.53580146789551
average accuracy list [53.26732192993164, 53.290160217285155, 53.35595596313477, 53.41165832519531]
averge_train_accuracy_list [55.450767822265625, 55.44820293426514, 55.49438343048096, 55.58592910766602]
averge_ct_accuracy_list [55.400001525878906, 55.400001525878906, 55.44730152130127, 55.53580146789551]
total_num_list [200350180, 140534590, 135520440, 130719167, 125646454]
training iter: 4 of 400
average accuracy 53.43235370635986
average train accuracy: 55.689088363647464
average accuracy ct 55.617001419067385
average accuracy list [53.26732192993164, 53.290160217285155, 53.35595596313477, 53.41165832519531, 53.43235370635986]
averge_train_accuracy_list [55.450767822265625, 55.44820293426514, 55.49438343048096, 55.58592910766602, 55.689088363647464]
averge_ct_accuracy_list [55.400001525878906, 55.400001525878906, 55.44730152130127, 55.53580146789551, 55.617001419067385]
total_num_list [200350180, 140534590, 135520440, 130719167, 125646454, 120684513]
training iter: 5 of 400
average accuracy 53.48938297271729
average train accuracy: 55.89569557189942
average accuracy ct 55.72750133514404
average accuracy list [53.26732192993164, 53.290160217285155, 53.35595596313477, 53.41165832519531, 53.43235370635986, 53.48938297271729]
averge_train_accuracy_list [55.450767822265625, 55.44820293426514, 55.49438343048096, 55.58592910766602, 55.689088363647464, 55.89569557189942]
averge_ct_accuracy_list [55.400001525878906, 55.400001525878906, 55.44730152130127, 55.53580146789551, 55.617001419067385, 55.72750133514404]
total_num_list [200350180, 140534590, 135520440, 130719167, 125646454, 120684513, 125521939]
training iter: 6 of 400
average accuracy 53.44329292297363
average train accuracy: 56.020348434448245
average accuracy ct 55.86300128936767
average accuracy list [53.26732192993164, 53.290160217285155, 53.35595596313477, 53.41165832519531, 53.43235370635986, 53.48938297271729, 53.44329292297363]
averge_train_accuracy_list [55.450767822265625, 55.44820293426514, 55.49438343048096, 55.58592910766602, 55.689088363647464, 55.89569557189942, 56.020348434448245]
averge_ct_accuracy_list [55.400001525878906, 55.400001525878906, 55.44730152130127, 55.53580146789551, 55.617001419067385, 55.72750133514404, 55.86300128936767]
total_num_list [200350180, 140534590, 135520440, 130719167, 125646454, 120684513, 125521939, 135635379]
training iter: 7 of 400
average accuracy 53.46576477050781
average train accuracy: 56.08800857543945
average accuracy ct 55.88840126037598
average accuracy list [53.26732192993164, 53.290160217285155, 53.35595596313477, 53.41165832519531, 53.43235370635986, 53.48938297271729, 53.44329292297363, 53.46576477050781]
averge_train_accuracy_list [55.450767822265625, 55.44820293426514, 55.49438343048096, 55.58592910766602, 55.689088363647464, 55.89569557189942, 56.020348434448245, 56.08800857543945]
averge_ct_accuracy_list [55.400001525878906, 55.400001525878906, 55.44730152130127, 55.53580146789551, 55.617001419067385, 55.72750133514404, 55.86300128936767, 55.88840126037598]
total_num_list [200350180, 140534590, 135520440, 130719167, 125646454, 120684513, 125521939, 135635379, 103689184]
training iter: 8 of 400
average accuracy 53.475520629882816
average train accuracy: 56.17820304870605
average accuracy ct 55.918401222229
average accuracy list [53.26732192993164, 53.290160217285155, 53.35595596313477, 53.41165832519531, 53.43235370635986, 53.48938297271729, 53.44329292297363, 53.46576477050781, 53.475520629882816]
averge_train_accuracy_list [55.450767822265625, 55.44820293426514, 55.49438343048096, 55.58592910766602, 55.689088363647464, 55.89569557189942, 56.020348434448245, 56.08800857543945, 56.17820304870605]
averge_ct_accuracy_list [55.400001525878906, 55.400001525878906, 55.44730152130127, 55.53580146789551, 55.617001419067385, 55.72750133514404, 55.86300128936767, 55.88840126037598, 55.918401222229]
total_num_list [200350180, 140534590, 135520440, 130719167, 125646454, 120684513, 125521939, 135635379, 103689184, 91468659]
training iter: 9 of 400
average accuracy 53.75580299377442
average train accuracy: 56.209733695983886
average accuracy ct 56.00070121765137
average accuracy list [53.26732192993164, 53.290160217285155, 53.35595596313477, 53.41165832519531, 53.43235370635986, 53.48938297271729, 53.44329292297363, 53.46576477050781, 53.475520629882816, 53.75580299377442]
averge_train_accuracy_list [55.450767822265625, 55.44820293426514, 55.49438343048096, 55.58592910766602, 55.689088363647464, 55.89569557189942, 56.020348434448245, 56.08800857543945, 56.17820304870605, 56.209733695983886]
averge_ct_accuracy_list [55.400001525878906, 55.400001525878906, 55.44730152130127, 55.53580146789551, 55.617001419067385, 55.72750133514404, 55.86300128936767, 55.88840126037598, 55.918401222229, 56.00070121765137]
total_num_list [200350180, 140534590, 135520440, 130719167, 125646454, 120684513, 125521939, 135635379, 103689184, 91468659, 103515583]
training iter: 10 of 400
average accuracy 53.77778114318848
average train accuracy: 56.348920021057125
average accuracy ct 56.13120113372803
average accuracy list [53.26732192993164, 53.290160217285155, 53.35595596313477, 53.41165832519531, 53.43235370635986, 53.48938297271729, 53.44329292297363, 53.46576477050781, 53.475520629882816, 53.75580299377442, 53.77778114318848]
averge_train_accuracy_list [55.450767822265625, 55.44820293426514, 55.49438343048096, 55.58592910766602, 55.689088363647464, 55.89569557189942, 56.020348434448245, 56.08800857543945, 56.17820304870605, 56.209733695983886, 56.348920021057125]
averge_ct_accuracy_list [55.400001525878906, 55.400001525878906, 55.44730152130127, 55.53580146789551, 55.617001419067385, 55.72750133514404, 55.86300128936767, 55.88840126037598, 55.918401222229, 56.00070121765137, 56.13120113372803]
total_num_list [200350180, 140534590, 135520440, 130719167, 125646454, 120684513, 125521939, 135635379, 103689184, 91468659, 103515583, 122415367]
training iter: 11 of 400
average accuracy 53.698859519958496
average train accuracy: 56.35472450256348
average accuracy ct 56.121701126098635
average accuracy list [53.26732192993164, 53.290160217285155, 53.35595596313477, 53.41165832519531, 53.43235370635986, 53.48938297271729, 53.44329292297363, 53.46576477050781, 53.475520629882816, 53.75580299377442, 53.77778114318848, 53.698859519958496]
averge_train_accuracy_list [55.450767822265625, 55.44820293426514, 55.49438343048096, 55.58592910766602, 55.689088363647464, 55.89569557189942, 56.020348434448245, 56.08800857543945, 56.17820304870605, 56.209733695983886, 56.348920021057125, 56.35472450256348]
averge_ct_accuracy_list [55.400001525878906, 55.400001525878906, 55.44730152130127, 55.53580146789551, 55.617001419067385, 55.72750133514404, 55.86300128936767, 55.88840126037598, 55.918401222229, 56.00070121765137, 56.13120113372803, 56.121701126098635]
total_num_list [200350180, 140534590, 135520440, 130719167, 125646454, 120684513, 125521939, 135635379, 103689184, 91468659, 103515583, 122415367, 110541643]
training iter: 12 of 400
average accuracy 53.91136695861817
average train accuracy: 56.50385482788086
average accuracy ct 56.251701011657715
average accuracy list [53.26732192993164, 53.290160217285155, 53.35595596313477, 53.41165832519531, 53.43235370635986, 53.48938297271729, 53.44329292297363, 53.46576477050781, 53.475520629882816, 53.75580299377442, 53.77778114318848, 53.698859519958496, 53.91136695861817]
averge_train_accuracy_list [55.450767822265625, 55.44820293426514, 55.49438343048096, 55.58592910766602, 55.689088363647464, 55.89569557189942, 56.020348434448245, 56.08800857543945, 56.17820304870605, 56.209733695983886, 56.348920021057125, 56.35472450256348, 56.50385482788086]
averge_ct_accuracy_list [55.400001525878906, 55.400001525878906, 55.44730152130127, 55.53580146789551, 55.617001419067385, 55.72750133514404, 55.86300128936767, 55.88840126037598, 55.918401222229, 56.00070121765137, 56.13120113372803, 56.121701126098635, 56.251701011657715]
total_num_list [200350180, 140534590, 135520440, 130719167, 125646454, 120684513, 125521939, 135635379, 103689184, 91468659, 103515583, 122415367, 110541643, 93433148]
training iter: 13 of 400
average accuracy 54.00136241912842
average train accuracy: 56.45282085418701
average accuracy ct 56.31620090484619
average accuracy list [53.26732192993164, 53.290160217285155, 53.35595596313477, 53.41165832519531, 53.43235370635986, 53.48938297271729, 53.44329292297363, 53.46576477050781, 53.475520629882816, 53.75580299377442, 53.77778114318848, 53.698859519958496, 53.91136695861817, 54.00136241912842]
averge_train_accuracy_list [55.450767822265625, 55.44820293426514, 55.49438343048096, 55.58592910766602, 55.689088363647464, 55.89569557189942, 56.020348434448245, 56.08800857543945, 56.17820304870605, 56.209733695983886, 56.348920021057125, 56.35472450256348, 56.50385482788086, 56.45282085418701]
averge_ct_accuracy_list [55.400001525878906, 55.400001525878906, 55.44730152130127, 55.53580146789551, 55.617001419067385, 55.72750133514404, 55.86300128936767, 55.88840126037598, 55.918401222229, 56.00070121765137, 56.13120113372803, 56.121701126098635, 56.251701011657715, 56.31620090484619]
total_num_list [200350180, 140534590, 135520440, 130719167, 125646454, 120684513, 125521939, 135635379, 103689184, 91468659, 103515583, 122415367, 110541643, 93433148, 81167443]
training iter: 14 of 400
average accuracy 54.171655349731445
average train accuracy: 56.63060955047607
average accuracy ct 56.33260082244873
average accuracy list [53.26732192993164, 53.290160217285155, 53.35595596313477, 53.41165832519531, 53.43235370635986, 53.48938297271729, 53.44329292297363, 53.46576477050781, 53.475520629882816, 53.75580299377442, 53.77778114318848, 53.698859519958496, 53.91136695861817, 54.00136241912842, 54.171655349731445]
averge_train_accuracy_list [55.450767822265625, 55.44820293426514, 55.49438343048096, 55.58592910766602, 55.689088363647464, 55.89569557189942, 56.020348434448245, 56.08800857543945, 56.17820304870605, 56.209733695983886, 56.348920021057125, 56.35472450256348, 56.50385482788086, 56.45282085418701, 56.63060955047607]
averge_ct_accuracy_list [55.400001525878906, 55.400001525878906, 55.44730152130127, 55.53580146789551, 55.617001419067385, 55.72750133514404, 55.86300128936767, 55.88840126037598, 55.918401222229, 56.00070121765137, 56.13120113372803, 56.121701126098635, 56.251701011657715, 56.31620090484619, 56.33260082244873]
total_num_list [200350180, 140534590, 135520440, 130719167, 125646454, 120684513, 125521939, 135635379, 103689184, 91468659, 103515583, 122415367, 110541643, 93433148, 81167443, 94775013]
training iter: 15 of 400
average accuracy 54.42459354400635
average train accuracy: 56.84307243347168
average accuracy ct 56.48230079650879
average accuracy list [53.26732192993164, 53.290160217285155, 53.35595596313477, 53.41165832519531, 53.43235370635986, 53.48938297271729, 53.44329292297363, 53.46576477050781, 53.475520629882816, 53.75580299377442, 53.77778114318848, 53.698859519958496, 53.91136695861817, 54.00136241912842, 54.171655349731445, 54.42459354400635]
averge_train_accuracy_list [55.450767822265625, 55.44820293426514, 55.49438343048096, 55.58592910766602, 55.689088363647464, 55.89569557189942, 56.020348434448245, 56.08800857543945, 56.17820304870605, 56.209733695983886, 56.348920021057125, 56.35472450256348, 56.50385482788086, 56.45282085418701, 56.63060955047607, 56.84307243347168]
averge_ct_accuracy_list [55.400001525878906, 55.400001525878906, 55.44730152130127, 55.53580146789551, 55.617001419067385, 55.72750133514404, 55.86300128936767, 55.88840126037598, 55.918401222229, 56.00070121765137, 56.13120113372803, 56.121701126098635, 56.251701011657715, 56.31620090484619, 56.33260082244873, 56.48230079650879]
total_num_list [200350180, 140534590, 135520440, 130719167, 125646454, 120684513, 125521939, 135635379, 103689184, 91468659, 103515583, 122415367, 110541643, 93433148, 81167443, 94775013, 83145590]
training iter: 16 of 400
average accuracy 54.35998790740967
average train accuracy: 57.0205224609375
average accuracy ct 56.65350078582764
average accuracy list [53.26732192993164, 53.290160217285155, 53.35595596313477, 53.41165832519531, 53.43235370635986, 53.48938297271729, 53.44329292297363, 53.46576477050781, 53.475520629882816, 53.75580299377442, 53.77778114318848, 53.698859519958496, 53.91136695861817, 54.00136241912842, 54.171655349731445, 54.42459354400635, 54.35998790740967]
averge_train_accuracy_list [55.450767822265625, 55.44820293426514, 55.49438343048096, 55.58592910766602, 55.689088363647464, 55.89569557189942, 56.020348434448245, 56.08800857543945, 56.17820304870605, 56.209733695983886, 56.348920021057125, 56.35472450256348, 56.50385482788086, 56.45282085418701, 56.63060955047607, 56.84307243347168, 57.0205224609375]
averge_ct_accuracy_list [55.400001525878906, 55.400001525878906, 55.44730152130127, 55.53580146789551, 55.617001419067385, 55.72750133514404, 55.86300128936767, 55.88840126037598, 55.918401222229, 56.00070121765137, 56.13120113372803, 56.121701126098635, 56.251701011657715, 56.31620090484619, 56.33260082244873, 56.48230079650879, 56.65350078582764]
total_num_list [200350180, 140534590, 135520440, 130719167, 125646454, 120684513, 125521939, 135635379, 103689184, 91468659, 103515583, 122415367, 110541643, 93433148, 81167443, 94775013, 83145590, 86437868]
training iter: 17 of 400
average accuracy 54.42111877441406
average train accuracy: 57.07143413543701
average accuracy ct 56.81230068206787
average accuracy list [53.26732192993164, 53.290160217285155, 53.35595596313477, 53.41165832519531, 53.43235370635986, 53.48938297271729, 53.44329292297363, 53.46576477050781, 53.475520629882816, 53.75580299377442, 53.77778114318848, 53.698859519958496, 53.91136695861817, 54.00136241912842, 54.171655349731445, 54.42459354400635, 54.35998790740967, 54.42111877441406]
averge_train_accuracy_list [55.450767822265625, 55.44820293426514, 55.49438343048096, 55.58592910766602, 55.689088363647464, 55.89569557189942, 56.020348434448245, 56.08800857543945, 56.17820304870605, 56.209733695983886, 56.348920021057125, 56.35472450256348, 56.50385482788086, 56.45282085418701, 56.63060955047607, 56.84307243347168, 57.0205224609375, 57.07143413543701]
averge_ct_accuracy_list [55.400001525878906, 55.400001525878906, 55.44730152130127, 55.53580146789551, 55.617001419067385, 55.72750133514404, 55.86300128936767, 55.88840126037598, 55.918401222229, 56.00070121765137, 56.13120113372803, 56.121701126098635, 56.251701011657715, 56.31620090484619, 56.33260082244873, 56.48230079650879, 56.65350078582764, 56.81230068206787]
total_num_list [200350180, 140534590, 135520440, 130719167, 125646454, 120684513, 125521939, 135635379, 103689184, 91468659, 103515583, 122415367, 110541643, 93433148, 81167443, 94775013, 83145590, 86437868, 72846687]
training iter: 18 of 400
average accuracy 54.41802089691162
average train accuracy: 57.06872982025146
average accuracy ct 56.94110065460205
average accuracy list [53.26732192993164, 53.290160217285155, 53.35595596313477, 53.41165832519531, 53.43235370635986, 53.48938297271729, 53.44329292297363, 53.46576477050781, 53.475520629882816, 53.75580299377442, 53.77778114318848, 53.698859519958496, 53.91136695861817, 54.00136241912842, 54.171655349731445, 54.42459354400635, 54.35998790740967, 54.42111877441406, 54.41802089691162]
averge_train_accuracy_list [55.450767822265625, 55.44820293426514, 55.49438343048096, 55.58592910766602, 55.689088363647464, 55.89569557189942, 56.020348434448245, 56.08800857543945, 56.17820304870605, 56.209733695983886, 56.348920021057125, 56.35472450256348, 56.50385482788086, 56.45282085418701, 56.63060955047607, 56.84307243347168, 57.0205224609375, 57.07143413543701, 57.06872982025146]
averge_ct_accuracy_list [55.400001525878906, 55.400001525878906, 55.44730152130127, 55.53580146789551, 55.617001419067385, 55.72750133514404, 55.86300128936767, 55.88840126037598, 55.918401222229, 56.00070121765137, 56.13120113372803, 56.121701126098635, 56.251701011657715, 56.31620090484619, 56.33260082244873, 56.48230079650879, 56.65350078582764, 56.81230068206787, 56.94110065460205]
total_num_list [200350180, 140534590, 135520440, 130719167, 125646454, 120684513, 125521939, 135635379, 103689184, 91468659, 103515583, 122415367, 110541643, 93433148, 81167443, 94775013, 83145590, 86437868, 72846687, 78022144]
training iter: 19 of 400
average accuracy 54.6290225982666
average train accuracy: 57.0298445892334
average accuracy ct 57.01940059661865
average accuracy list [53.26732192993164, 53.290160217285155, 53.35595596313477, 53.41165832519531, 53.43235370635986, 53.48938297271729, 53.44329292297363, 53.46576477050781, 53.475520629882816, 53.75580299377442, 53.77778114318848, 53.698859519958496, 53.91136695861817, 54.00136241912842, 54.171655349731445, 54.42459354400635, 54.35998790740967, 54.42111877441406, 54.41802089691162, 54.6290225982666]
averge_train_accuracy_list [55.450767822265625, 55.44820293426514, 55.49438343048096, 55.58592910766602, 55.689088363647464, 55.89569557189942, 56.020348434448245, 56.08800857543945, 56.17820304870605, 56.209733695983886, 56.348920021057125, 56.35472450256348, 56.50385482788086, 56.45282085418701, 56.63060955047607, 56.84307243347168, 57.0205224609375, 57.07143413543701, 57.06872982025146, 57.0298445892334]
averge_ct_accuracy_list [55.400001525878906, 55.400001525878906, 55.44730152130127, 55.53580146789551, 55.617001419067385, 55.72750133514404, 55.86300128936767, 55.88840126037598, 55.918401222229, 56.00070121765137, 56.13120113372803, 56.121701126098635, 56.251701011657715, 56.31620090484619, 56.33260082244873, 56.48230079650879, 56.65350078582764, 56.81230068206787, 56.94110065460205, 57.01940059661865]
total_num_list [200350180, 140534590, 135520440, 130719167, 125646454, 120684513, 125521939, 135635379, 103689184, 91468659, 103515583, 122415367, 110541643, 93433148, 81167443, 94775013, 83145590, 86437868, 72846687, 78022144, 86158445]
training iter: 20 of 400
average accuracy 54.69557289123535
average train accuracy: 57.249563217163086
average accuracy ct 57.24770053863526
average accuracy list [53.26732192993164, 53.290160217285155, 53.35595596313477, 53.41165832519531, 53.43235370635986, 53.48938297271729, 53.44329292297363, 53.46576477050781, 53.475520629882816, 53.75580299377442, 53.77778114318848, 53.698859519958496, 53.91136695861817, 54.00136241912842, 54.171655349731445, 54.42459354400635, 54.35998790740967, 54.42111877441406, 54.41802089691162, 54.6290225982666, 54.69557289123535]
averge_train_accuracy_list [55.450767822265625, 55.44820293426514, 55.49438343048096, 55.58592910766602, 55.689088363647464, 55.89569557189942, 56.020348434448245, 56.08800857543945, 56.17820304870605, 56.209733695983886, 56.348920021057125, 56.35472450256348, 56.50385482788086, 56.45282085418701, 56.63060955047607, 56.84307243347168, 57.0205224609375, 57.07143413543701, 57.06872982025146, 57.0298445892334, 57.249563217163086]
averge_ct_accuracy_list [55.400001525878906, 55.400001525878906, 55.44730152130127, 55.53580146789551, 55.617001419067385, 55.72750133514404, 55.86300128936767, 55.88840126037598, 55.918401222229, 56.00070121765137, 56.13120113372803, 56.121701126098635, 56.251701011657715, 56.31620090484619, 56.33260082244873, 56.48230079650879, 56.65350078582764, 56.81230068206787, 56.94110065460205, 57.01940059661865, 57.24770053863526]
total_num_list [200350180, 140534590, 135520440, 130719167, 125646454, 120684513, 125521939, 135635379, 103689184, 91468659, 103515583, 122415367, 110541643, 93433148, 81167443, 94775013, 83145590, 86437868, 72846687, 78022144, 86158445, 76321256]
training iter: 21 of 400
average accuracy 55.00581802368164
average train accuracy: 57.377973861694336
average accuracy ct 57.336700439453125
average accuracy list [53.26732192993164, 53.290160217285155, 53.35595596313477, 53.41165832519531, 53.43235370635986, 53.48938297271729, 53.44329292297363, 53.46576477050781, 53.475520629882816, 53.75580299377442, 53.77778114318848, 53.698859519958496, 53.91136695861817, 54.00136241912842, 54.171655349731445, 54.42459354400635, 54.35998790740967, 54.42111877441406, 54.41802089691162, 54.6290225982666, 54.69557289123535, 55.00581802368164]
averge_train_accuracy_list [55.450767822265625, 55.44820293426514, 55.49438343048096, 55.58592910766602, 55.689088363647464, 55.89569557189942, 56.020348434448245, 56.08800857543945, 56.17820304870605, 56.209733695983886, 56.348920021057125, 56.35472450256348, 56.50385482788086, 56.45282085418701, 56.63060955047607, 56.84307243347168, 57.0205224609375, 57.07143413543701, 57.06872982025146, 57.0298445892334, 57.249563217163086, 57.377973861694336]
averge_ct_accuracy_list [55.400001525878906, 55.400001525878906, 55.44730152130127, 55.53580146789551, 55.617001419067385, 55.72750133514404, 55.86300128936767, 55.88840126037598, 55.918401222229, 56.00070121765137, 56.13120113372803, 56.121701126098635, 56.251701011657715, 56.31620090484619, 56.33260082244873, 56.48230079650879, 56.65350078582764, 56.81230068206787, 56.94110065460205, 57.01940059661865, 57.24770053863526, 57.336700439453125]
total_num_list [200350180, 140534590, 135520440, 130719167, 125646454, 120684513, 125521939, 135635379, 103689184, 91468659, 103515583, 122415367, 110541643, 93433148, 81167443, 94775013, 83145590, 86437868, 72846687, 78022144, 86158445, 76321256, 74385202]
training iter: 22 of 400
average accuracy 54.82372100830078
average train accuracy: 57.50096244812012
average accuracy ct 57.470800437927245
average accuracy list [53.26732192993164, 53.290160217285155, 53.35595596313477, 53.41165832519531, 53.43235370635986, 53.48938297271729, 53.44329292297363, 53.46576477050781, 53.475520629882816, 53.75580299377442, 53.77778114318848, 53.698859519958496, 53.91136695861817, 54.00136241912842, 54.171655349731445, 54.42459354400635, 54.35998790740967, 54.42111877441406, 54.41802089691162, 54.6290225982666, 54.69557289123535, 55.00581802368164, 54.82372100830078]
averge_train_accuracy_list [55.450767822265625, 55.44820293426514, 55.49438343048096, 55.58592910766602, 55.689088363647464, 55.89569557189942, 56.020348434448245, 56.08800857543945, 56.17820304870605, 56.209733695983886, 56.348920021057125, 56.35472450256348, 56.50385482788086, 56.45282085418701, 56.63060955047607, 56.84307243347168, 57.0205224609375, 57.07143413543701, 57.06872982025146, 57.0298445892334, 57.249563217163086, 57.377973861694336, 57.50096244812012]
averge_ct_accuracy_list [55.400001525878906, 55.400001525878906, 55.44730152130127, 55.53580146789551, 55.617001419067385, 55.72750133514404, 55.86300128936767, 55.88840126037598, 55.918401222229, 56.00070121765137, 56.13120113372803, 56.121701126098635, 56.251701011657715, 56.31620090484619, 56.33260082244873, 56.48230079650879, 56.65350078582764, 56.81230068206787, 56.94110065460205, 57.01940059661865, 57.24770053863526, 57.336700439453125, 57.470800437927245]
total_num_list [200350180, 140534590, 135520440, 130719167, 125646454, 120684513, 125521939, 135635379, 103689184, 91468659, 103515583, 122415367, 110541643, 93433148, 81167443, 94775013, 83145590, 86437868, 72846687, 78022144, 86158445, 76321256, 74385202, 59304390]
training iter: 23 of 400
average accuracy 54.97879337310791
average train accuracy: 57.60492359161377
average accuracy ct 57.48310035705566
average accuracy list [53.26732192993164, 53.290160217285155, 53.35595596313477, 53.41165832519531, 53.43235370635986, 53.48938297271729, 53.44329292297363, 53.46576477050781, 53.475520629882816, 53.75580299377442, 53.77778114318848, 53.698859519958496, 53.91136695861817, 54.00136241912842, 54.171655349731445, 54.42459354400635, 54.35998790740967, 54.42111877441406, 54.41802089691162, 54.6290225982666, 54.69557289123535, 55.00581802368164, 54.82372100830078, 54.97879337310791]
averge_train_accuracy_list [55.450767822265625, 55.44820293426514, 55.49438343048096, 55.58592910766602, 55.689088363647464, 55.89569557189942, 56.020348434448245, 56.08800857543945, 56.17820304870605, 56.209733695983886, 56.348920021057125, 56.35472450256348, 56.50385482788086, 56.45282085418701, 56.63060955047607, 56.84307243347168, 57.0205224609375, 57.07143413543701, 57.06872982025146, 57.0298445892334, 57.249563217163086, 57.377973861694336, 57.50096244812012, 57.60492359161377]
averge_ct_accuracy_list [55.400001525878906, 55.400001525878906, 55.44730152130127, 55.53580146789551, 55.617001419067385, 55.72750133514404, 55.86300128936767, 55.88840126037598, 55.918401222229, 56.00070121765137, 56.13120113372803, 56.121701126098635, 56.251701011657715, 56.31620090484619, 56.33260082244873, 56.48230079650879, 56.65350078582764, 56.81230068206787, 56.94110065460205, 57.01940059661865, 57.24770053863526, 57.336700439453125, 57.470800437927245, 57.48310035705566]
