Warm up stage:accuracy: tensor(10.)
Warm up stage:accuracy: tensor(10.)
Warm up stage:accuracy: tensor(10.)
Warm up stage:accuracy: tensor(10.)
Warm up stage:accuracy: tensor(10.)
Warm up stage:accuracy: tensor(10.)
Warm up stage:accuracy: tensor(10.)
Warm up stage:accuracy: tensor(10.)
Warm up stage:accuracy: tensor(10.)
Warm up stage:accuracy: tensor(10.)
Warm up stage:accuracy: tensor(10.)
Warm up stage:accuracy: tensor(10.)
Warm up stage:accuracy: tensor(10.)
Warm up stage:accuracy: tensor(10.)
Warm up stage:accuracy: tensor(10.)
Warm up stage:accuracy: tensor(10.)
Warm up stage:accuracy: tensor(10.)
Warm up stage:accuracy: tensor(10.)
Warm up stage:accuracy: tensor(10.)
Warm up stage:accuracy: tensor(10.)
Warm up stage:accuracy: tensor(10.)
Warm up stage:accuracy: tensor(10.)
Warm up stage:accuracy: tensor(10.)
Warm up stage:accuracy: tensor(10.)
Warm up stage:accuracy: tensor(10.)
Warm up stage:accuracy: tensor(10.)
Warm up stage:accuracy: tensor(10.)
Warm up stage:accuracy: tensor(10.)
Warm up stage:accuracy: tensor(10.)
Warm up stage:accuracy: tensor(10.)
Warm up stage:accuracy: tensor(10.)
Warm up stage:accuracy: tensor(10.)
Warm up stage:accuracy: tensor(10.0100)
Warm up stage:accuracy: tensor(13.1100)
Warm up stage:accuracy: tensor(16.4300)
Warm up stage:accuracy: tensor(18.4200)
Warm up stage:accuracy: tensor(18.5800)
Warm up stage:accuracy: tensor(19.5300)
Warm up stage:accuracy: tensor(19.5300)
Warm up stage:accuracy: tensor(21.6800)
Warm up stage:accuracy: tensor(21.6800)
Warm up stage:accuracy: tensor(22.5800)
Warm up stage:accuracy: tensor(22.5800)
Warm up stage:accuracy: tensor(22.6700)
Warm up stage:accuracy: tensor(24.9500)
Warm up stage:accuracy: tensor(24.9700)
Warm up stage:accuracy: tensor(25.0800)
Warm up stage:accuracy: tensor(25.9100)
Warm up stage:accuracy: tensor(26.1300)
Warm up stage:accuracy: tensor(28.8300)
Warm up stage:accuracy: tensor(28.8300)
Warm up stage:accuracy: tensor(28.9600)
Warm up stage:accuracy: tensor(28.9600)
Warm up stage:accuracy: tensor(33.1600)
Warm up stage:accuracy: tensor(33.3900)
Warm up stage:accuracy: tensor(33.3900)
Warm up stage:accuracy: tensor(33.3900)
Warm up stage:accuracy: tensor(33.3900)
Warm up stage:accuracy: tensor(33.3900)
Warm up stage:accuracy: tensor(35.2700)
Warm up stage:accuracy: tensor(35.2700)
Warm up stage:accuracy: tensor(35.2700)
Warm up stage:accuracy: tensor(35.2700)
Warm up stage:accuracy: tensor(37.2200)
Warm up stage:accuracy: tensor(37.2200)
Warm up stage:accuracy: tensor(38.1500)
Warm up stage:accuracy: tensor(38.1500)
Warm up stage:accuracy: tensor(38.1500)
Warm up stage:accuracy: tensor(38.1500)
Warm up stage:accuracy: tensor(38.1500)
Warm up stage:accuracy: tensor(38.3600)
Warm up stage:accuracy: tensor(39.3600)
Warm up stage:accuracy: tensor(40.5500)
Warm up stage:accuracy: tensor(42.5300)
Warm up stage:accuracy: tensor(46.6000)
Warm up stage:accuracy: tensor(46.6000)
Warm up stage:accuracy: tensor(48.6100)
Warm up stage:accuracy: tensor(48.6100)
Warm up stage:accuracy: tensor(50.7700)
Warm up stage:accuracy: tensor(50.7800)
Warm up stage:accuracy: tensor(50.7800)
Warm up stage:accuracy: tensor(50.7800)
Warm up stage:accuracy: tensor(51.9000)
Warm up stage:accuracy: tensor(51.9000)
Warm up stage:accuracy: tensor(51.9000)
Warm up stage:accuracy: tensor(51.9000)
Warm up stage:accuracy: tensor(51.9000)
Warm up stage:accuracy: tensor(51.9000)
Warm up stage:accuracy: tensor(51.9000)
Warm up stage:accuracy: tensor(51.9000)
total_num_list [200352380, 137865536]
average accuracy 45.47027303695679
average train accuracy: 46.81238571166992
average accuracy ct 47.42279857635498
average accuracy list [45.47027303695679]
averge_train_accuracy_list [46.81238571166992]
averge_ct_accuracy_list [47.42279857635498]
total_num_list [200352380, 137865536, 132515273]
average accuracy 45.889588069915774
average train accuracy: 47.05403396606445
average accuracy ct 47.644298706054684
average accuracy list [45.47027303695679, 45.889588069915774]
averge_train_accuracy_list [46.81238571166992, 47.05403396606445]
averge_ct_accuracy_list [47.42279857635498, 47.644298706054684]
total_num_list [200352380, 137865536, 132515273, 127180541]
average accuracy 46.566819515228275
average train accuracy: 47.72772190093994
average accuracy ct 48.150298805236815
average accuracy list [45.47027303695679, 45.889588069915774, 46.566819515228275]
averge_train_accuracy_list [46.81238571166992, 47.05403396606445, 47.72772190093994]
averge_ct_accuracy_list [47.42279857635498, 47.644298706054684, 48.150298805236815]
total_num_list [200352380, 137865536, 132515273, 127180541, 122141018]
average accuracy 46.67626146316528
average train accuracy: 48.09216026306152
average accuracy ct 48.453098945617675
average accuracy list [45.47027303695679, 45.889588069915774, 46.566819515228275, 46.67626146316528]
averge_train_accuracy_list [46.81238571166992, 47.05403396606445, 47.72772190093994, 48.09216026306152]
averge_ct_accuracy_list [47.42279857635498, 47.644298706054684, 48.150298805236815, 48.453098945617675]
total_num_list [200352380, 137865536, 132515273, 127180541, 122141018, 117263252]
average accuracy 46.73133657455444
average train accuracy: 48.27985168457031
average accuracy ct 48.70079902648926
average accuracy list [45.47027303695679, 45.889588069915774, 46.566819515228275, 46.67626146316528, 46.73133657455444]
averge_train_accuracy_list [46.81238571166992, 47.05403396606445, 47.72772190093994, 48.09216026306152, 48.27985168457031]
averge_ct_accuracy_list [47.42279857635498, 47.644298706054684, 48.150298805236815, 48.453098945617675, 48.70079902648926]
total_num_list [200352380, 137865536, 132515273, 127180541, 122141018, 117263252, 122197828]
average accuracy 46.81178686141968
average train accuracy: 48.68300071716308
average accuracy ct 49.03729911804199
average accuracy list [45.47027303695679, 45.889588069915774, 46.566819515228275, 46.67626146316528, 46.73133657455444, 46.81178686141968]
averge_train_accuracy_list [46.81238571166992, 47.05403396606445, 47.72772190093994, 48.09216026306152, 48.27985168457031, 48.68300071716308]
averge_ct_accuracy_list [47.42279857635498, 47.644298706054684, 48.150298805236815, 48.453098945617675, 48.70079902648926, 49.03729911804199]
total_num_list [200352380, 137865536, 132515273, 127180541, 122141018, 117263252, 122197828, 132569782]
average accuracy 47.22436029434204
average train accuracy: 49.24331623077393
average accuracy ct 49.592399215698244
average accuracy list [45.47027303695679, 45.889588069915774, 46.566819515228275, 46.67626146316528, 46.73133657455444, 46.81178686141968, 47.22436029434204]
averge_train_accuracy_list [46.81238571166992, 47.05403396606445, 47.72772190093994, 48.09216026306152, 48.27985168457031, 48.68300071716308, 49.24331623077393]
averge_ct_accuracy_list [47.42279857635498, 47.644298706054684, 48.150298805236815, 48.453098945617675, 48.70079902648926, 49.03729911804199, 49.592399215698244]
total_num_list [200352380, 137865536, 132515273, 127180541, 122141018, 117263252, 122197828, 132569782, 99821191]
average accuracy 47.7696736907959
average train accuracy: 49.48601612091065
average accuracy ct 49.93709930419922
average accuracy list [45.47027303695679, 45.889588069915774, 46.566819515228275, 46.67626146316528, 46.73133657455444, 46.81178686141968, 47.22436029434204, 47.7696736907959]
averge_train_accuracy_list [46.81238571166992, 47.05403396606445, 47.72772190093994, 48.09216026306152, 48.27985168457031, 48.68300071716308, 49.24331623077393, 49.48601612091065]
averge_ct_accuracy_list [47.42279857635498, 47.644298706054684, 48.150298805236815, 48.453098945617675, 48.70079902648926, 49.03729911804199, 49.592399215698244, 49.93709930419922]
total_num_list [200352380, 137865536, 132515273, 127180541, 122141018, 117263252, 122197828, 132569782, 99821191, 88043354]
average accuracy 48.59520469665527
average train accuracy: 50.111566429138186
average accuracy ct 50.31419937133789
average accuracy list [45.47027303695679, 45.889588069915774, 46.566819515228275, 46.67626146316528, 46.73133657455444, 46.81178686141968, 47.22436029434204, 47.7696736907959, 48.59520469665527]
averge_train_accuracy_list [46.81238571166992, 47.05403396606445, 47.72772190093994, 48.09216026306152, 48.27985168457031, 48.68300071716308, 49.24331623077393, 49.48601612091065, 50.111566429138186]
averge_ct_accuracy_list [47.42279857635498, 47.644298706054684, 48.150298805236815, 48.453098945617675, 48.70079902648926, 49.03729911804199, 49.592399215698244, 49.93709930419922, 50.31419937133789]
total_num_list [200352380, 137865536, 132515273, 127180541, 122141018, 117263252, 122197828, 132569782, 99821191, 88043354, 100024829]
average accuracy 48.92527931213379
average train accuracy: 50.552971382141116
average accuracy ct 50.769199447631834
average accuracy list [45.47027303695679, 45.889588069915774, 46.566819515228275, 46.67626146316528, 46.73133657455444, 46.81178686141968, 47.22436029434204, 47.7696736907959, 48.59520469665527, 48.92527931213379]
averge_train_accuracy_list [46.81238571166992, 47.05403396606445, 47.72772190093994, 48.09216026306152, 48.27985168457031, 48.68300071716308, 49.24331623077393, 49.48601612091065, 50.111566429138186, 50.552971382141116]
averge_ct_accuracy_list [47.42279857635498, 47.644298706054684, 48.150298805236815, 48.453098945617675, 48.70079902648926, 49.03729911804199, 49.592399215698244, 49.93709930419922, 50.31419937133789, 50.769199447631834]
total_num_list [200352380, 137865536, 132515273, 127180541, 122141018, 117263252, 122197828, 132569782, 99821191, 88043354, 100024829, 118777049]
average accuracy 49.17873374938965
average train accuracy: 51.083985786437985
average accuracy ct 51.376899566650394
average accuracy list [45.47027303695679, 45.889588069915774, 46.566819515228275, 46.67626146316528, 46.73133657455444, 46.81178686141968, 47.22436029434204, 47.7696736907959, 48.59520469665527, 48.92527931213379, 49.17873374938965]
averge_train_accuracy_list [46.81238571166992, 47.05403396606445, 47.72772190093994, 48.09216026306152, 48.27985168457031, 48.68300071716308, 49.24331623077393, 49.48601612091065, 50.111566429138186, 50.552971382141116, 51.083985786437985]
averge_ct_accuracy_list [47.42279857635498, 47.644298706054684, 48.150298805236815, 48.453098945617675, 48.70079902648926, 49.03729911804199, 49.592399215698244, 49.93709930419922, 50.31419937133789, 50.769199447631834, 51.376899566650394]
total_num_list [200352380, 137865536, 132515273, 127180541, 122141018, 117263252, 122197828, 132569782, 99821191, 88043354, 100024829, 118777049, 106681528]
average accuracy 49.26962955474853
average train accuracy: 51.42748741149902
average accuracy ct 51.60829963684082
average accuracy list [45.47027303695679, 45.889588069915774, 46.566819515228275, 46.67626146316528, 46.73133657455444, 46.81178686141968, 47.22436029434204, 47.7696736907959, 48.59520469665527, 48.92527931213379, 49.17873374938965, 49.26962955474853]
averge_train_accuracy_list [46.81238571166992, 47.05403396606445, 47.72772190093994, 48.09216026306152, 48.27985168457031, 48.68300071716308, 49.24331623077393, 49.48601612091065, 50.111566429138186, 50.552971382141116, 51.083985786437985, 51.42748741149902]
averge_ct_accuracy_list [47.42279857635498, 47.644298706054684, 48.150298805236815, 48.453098945617675, 48.70079902648926, 49.03729911804199, 49.592399215698244, 49.93709930419922, 50.31419937133789, 50.769199447631834, 51.376899566650394, 51.60829963684082]
total_num_list [200352380, 137865536, 132515273, 127180541, 122141018, 117263252, 122197828, 132569782, 99821191, 88043354, 100024829, 118777049, 106681528, 89780457]
average accuracy 49.464270362854
average train accuracy: 51.88136150360108
average accuracy ct 51.91669967651367
average accuracy list [45.47027303695679, 45.889588069915774, 46.566819515228275, 46.67626146316528, 46.73133657455444, 46.81178686141968, 47.22436029434204, 47.7696736907959, 48.59520469665527, 48.92527931213379, 49.17873374938965, 49.26962955474853, 49.464270362854]
averge_train_accuracy_list [46.81238571166992, 47.05403396606445, 47.72772190093994, 48.09216026306152, 48.27985168457031, 48.68300071716308, 49.24331623077393, 49.48601612091065, 50.111566429138186, 50.552971382141116, 51.083985786437985, 51.42748741149902, 51.88136150360108]
averge_ct_accuracy_list [47.42279857635498, 47.644298706054684, 48.150298805236815, 48.453098945617675, 48.70079902648926, 49.03729911804199, 49.592399215698244, 49.93709930419922, 50.31419937133789, 50.769199447631834, 51.376899566650394, 51.60829963684082, 51.91669967651367]
total_num_list [200352380, 137865536, 132515273, 127180541, 122141018, 117263252, 122197828, 132569782, 99821191, 88043354, 100024829, 118777049, 106681528, 89780457, 77760910]
average accuracy 50.033947792053226
average train accuracy: 51.99292934417725
average accuracy ct 52.065799674987794
average accuracy list [45.47027303695679, 45.889588069915774, 46.566819515228275, 46.67626146316528, 46.73133657455444, 46.81178686141968, 47.22436029434204, 47.7696736907959, 48.59520469665527, 48.92527931213379, 49.17873374938965, 49.26962955474853, 49.464270362854, 50.033947792053226]
averge_train_accuracy_list [46.81238571166992, 47.05403396606445, 47.72772190093994, 48.09216026306152, 48.27985168457031, 48.68300071716308, 49.24331623077393, 49.48601612091065, 50.111566429138186, 50.552971382141116, 51.083985786437985, 51.42748741149902, 51.88136150360108, 51.99292934417725]
averge_ct_accuracy_list [47.42279857635498, 47.644298706054684, 48.150298805236815, 48.453098945617675, 48.70079902648926, 49.03729911804199, 49.592399215698244, 49.93709930419922, 50.31419937133789, 50.769199447631834, 51.376899566650394, 51.60829963684082, 51.91669967651367, 52.065799674987794]
total_num_list [200352380, 137865536, 132515273, 127180541, 122141018, 117263252, 122197828, 132569782, 99821191, 88043354, 100024829, 118777049, 106681528, 89780457, 77760910, 91614362]
average accuracy 50.24431324005127
average train accuracy: 52.090107192993166
average accuracy ct 52.317499771118165
average accuracy list [45.47027303695679, 45.889588069915774, 46.566819515228275, 46.67626146316528, 46.73133657455444, 46.81178686141968, 47.22436029434204, 47.7696736907959, 48.59520469665527, 48.92527931213379, 49.17873374938965, 49.26962955474853, 49.464270362854, 50.033947792053226, 50.24431324005127]
averge_train_accuracy_list [46.81238571166992, 47.05403396606445, 47.72772190093994, 48.09216026306152, 48.27985168457031, 48.68300071716308, 49.24331623077393, 49.48601612091065, 50.111566429138186, 50.552971382141116, 51.083985786437985, 51.42748741149902, 51.88136150360108, 51.99292934417725, 52.090107192993166]
averge_ct_accuracy_list [47.42279857635498, 47.644298706054684, 48.150298805236815, 48.453098945617675, 48.70079902648926, 49.03729911804199, 49.592399215698244, 49.93709930419922, 50.31419937133789, 50.769199447631834, 51.376899566650394, 51.60829963684082, 51.91669967651367, 52.065799674987794, 52.317499771118165]
total_num_list [200352380, 137865536, 132515273, 127180541, 122141018, 117263252, 122197828, 132569782, 99821191, 88043354, 100024829, 118777049, 106681528, 89780457, 77760910, 91614362, 79556988]
average accuracy 50.357299423217775
average train accuracy: 52.28858600616455
average accuracy ct 52.50559970855713
average accuracy list [45.47027303695679, 45.889588069915774, 46.566819515228275, 46.67626146316528, 46.73133657455444, 46.81178686141968, 47.22436029434204, 47.7696736907959, 48.59520469665527, 48.92527931213379, 49.17873374938965, 49.26962955474853, 49.464270362854, 50.033947792053226, 50.24431324005127, 50.357299423217775]
averge_train_accuracy_list [46.81238571166992, 47.05403396606445, 47.72772190093994, 48.09216026306152, 48.27985168457031, 48.68300071716308, 49.24331623077393, 49.48601612091065, 50.111566429138186, 50.552971382141116, 51.083985786437985, 51.42748741149902, 51.88136150360108, 51.99292934417725, 52.090107192993166, 52.28858600616455]
averge_ct_accuracy_list [47.42279857635498, 47.644298706054684, 48.150298805236815, 48.453098945617675, 48.70079902648926, 49.03729911804199, 49.592399215698244, 49.93709930419922, 50.31419937133789, 50.769199447631834, 51.376899566650394, 51.60829963684082, 51.91669967651367, 52.065799674987794, 52.317499771118165, 52.50559970855713]
total_num_list [200352380, 137865536, 132515273, 127180541, 122141018, 117263252, 122197828, 132569782, 99821191, 88043354, 100024829, 118777049, 106681528, 89780457, 77760910, 91614362, 79556988, 82997912]
