total_num_list [200352380, 139445495]
===============================================
round: 4
Participants: [13 92 82  1  9 19 70 84 20 63]
Accuracy before training:
[tensor(55.8140), tensor(65.1163), tensor(53.0120), tensor(32.5581), tensor(72.0930), tensor(54.6512), tensor(51.7647), tensor(58.3333), tensor(53.4884), tensor(57.3171)]
Accuracy After finetune:
[tensor(44.1860), tensor(55.8140), tensor(63.8554), tensor(39.5349), tensor(75.5814), tensor(41.8605), tensor(78.8235), tensor(76.1905), tensor(43.0233), tensor(70.7317)]
Accuracy After distillation:
[tensor(68.6047), tensor(76.7442), tensor(55.4217), tensor(63.9535), tensor(68.6047), tensor(65.1163), tensor(54.1176), tensor(57.1429), tensor(69.7674), tensor(60.9756)]
=============================================
accuracy [array(39.285713, dtype=float32), array(63.953487, dtype=float32), array(60.465115, dtype=float32), array(37.2093, dtype=float32), array(34.88372, dtype=float32), array(37.64706, dtype=float32), array(55.95238, dtype=float32), array(57.471264, dtype=float32), array(51.162792, dtype=float32), array(68.60465, dtype=float32), array(50., dtype=float32), array(57.142857, dtype=float32), array(54.65116, dtype=float32), array(68.60465, dtype=float32), array(50., dtype=float32), array(70.588234, dtype=float32), array(52.38095, dtype=float32), array(56.976746, dtype=float32), array(37.2093, dtype=float32), array(65.11628, dtype=float32), array(69.76744, dtype=float32), array(60.240963, dtype=float32), array(56.976746, dtype=float32), array(43.023254, dtype=float32), array(62.068966, dtype=float32), array(77.64706, dtype=float32), array(38.82353, dtype=float32), array(73.25581, dtype=float32), array(64.70588, dtype=float32), array(75., dtype=float32), array(43.52941, dtype=float32), array(59.302326, dtype=float32), array(50.588234, dtype=float32), array(52.38095, dtype=float32), array(46.42857, dtype=float32), array(47.058823, dtype=float32), array(68.60465, dtype=float32), array(51.764706, dtype=float32), array(81.17647, dtype=float32), array(66.666664, dtype=float32), array(67.441864, dtype=float32), array(69.04762, dtype=float32), array(56.976746, dtype=float32), array(44.186047, dtype=float32), array(56.976746, dtype=float32), array(46.511627, dtype=float32), array(70.2381, dtype=float32), array(65.47619, dtype=float32), array(52.941177, dtype=float32), array(50., dtype=float32), array(49.411766, dtype=float32), array(39.772728, dtype=float32), array(48.837208, dtype=float32), array(44.827587, dtype=float32), array(62.7907, dtype=float32), array(64.36781, dtype=float32), array(58.82353, dtype=float32), array(70.588234, dtype=float32), array(65.11628, dtype=float32), array(63.52941, dtype=float32), array(41.860466, dtype=float32), array(42.857143, dtype=float32), array(69.76744, dtype=float32), array(60.97561, dtype=float32), array(68.60465, dtype=float32), array(85.71429, dtype=float32), array(60., dtype=float32), array(68.60465, dtype=float32), array(41.860466, dtype=float32), array(43.52941, dtype=float32), array(54.117645, dtype=float32), array(55.294117, dtype=float32), array(48.192772, dtype=float32), array(66.27907, dtype=float32), array(50., dtype=float32), array(51.724136, dtype=float32), array(71.42857, dtype=float32), array(52.32558, dtype=float32), array(67.05882, dtype=float32), array(51.162792, dtype=float32), array(71.76471, dtype=float32), array(70.454544, dtype=float32), array(55.421688, dtype=float32), array(47.67442, dtype=float32), array(57.142857, dtype=float32), array(61.17647, dtype=float32), array(72.093025, dtype=float32), array(65.11628, dtype=float32), array(75.90362, dtype=float32), array(57.142857, dtype=float32), array(61.17647, dtype=float32), array(58.139534, dtype=float32), array(76.74419, dtype=float32), array(56.976746, dtype=float32), array(63.953487, dtype=float32), array(40.963856, dtype=float32), array(48.837208, dtype=float32), array(70.588234, dtype=float32), array(65.11628, dtype=float32), array(59.302326, dtype=float32)]
average accuracy 57.93223922729492
average accuracy list [57.93223922729492]
-------------------------------------------
total_num_list [200352380, 139445495, 139399226]
===============================================
round: 4
Participants: [83  5 54 78 30 86 33 74 97  8]
Accuracy before training:
[tensor(51.1628), tensor(29.4118), tensor(66.2791), tensor(65.8824), tensor(49.4118), tensor(82.5581), tensor(51.1905), tensor(56.9767), tensor(71.7647), tensor(54.6512)]
Accuracy After finetune:
[tensor(39.5349), tensor(41.1765), tensor(74.4186), tensor(75.2941), tensor(40.), tensor(89.5349), tensor(59.5238), tensor(73.2558), tensor(76.4706), tensor(47.6744)]
Accuracy After distillation:
[tensor(80.2326), tensor(62.3529), tensor(41.8605), tensor(48.2353), tensor(74.1176), tensor(61.6279), tensor(61.9048), tensor(20.9302), tensor(67.0588), tensor(60.4651)]
=============================================
accuracy [array(39.285713, dtype=float32), array(63.953487, dtype=float32), array(60.465115, dtype=float32), array(37.2093, dtype=float32), array(34.88372, dtype=float32), array(62.35294, dtype=float32), array(55.95238, dtype=float32), array(57.471264, dtype=float32), array(60.465115, dtype=float32), array(68.60465, dtype=float32), array(50., dtype=float32), array(57.142857, dtype=float32), array(54.65116, dtype=float32), array(68.60465, dtype=float32), array(50., dtype=float32), array(70.588234, dtype=float32), array(52.38095, dtype=float32), array(56.976746, dtype=float32), array(37.2093, dtype=float32), array(65.11628, dtype=float32), array(69.76744, dtype=float32), array(60.240963, dtype=float32), array(56.976746, dtype=float32), array(43.023254, dtype=float32), array(62.068966, dtype=float32), array(77.64706, dtype=float32), array(38.82353, dtype=float32), array(73.25581, dtype=float32), array(64.70588, dtype=float32), array(75., dtype=float32), array(74.117645, dtype=float32), array(59.302326, dtype=float32), array(50.588234, dtype=float32), array(61.904762, dtype=float32), array(46.42857, dtype=float32), array(47.058823, dtype=float32), array(68.60465, dtype=float32), array(51.764706, dtype=float32), array(81.17647, dtype=float32), array(66.666664, dtype=float32), array(67.441864, dtype=float32), array(69.04762, dtype=float32), array(56.976746, dtype=float32), array(44.186047, dtype=float32), array(56.976746, dtype=float32), array(46.511627, dtype=float32), array(70.2381, dtype=float32), array(65.47619, dtype=float32), array(52.941177, dtype=float32), array(50., dtype=float32), array(49.411766, dtype=float32), array(39.772728, dtype=float32), array(48.837208, dtype=float32), array(44.827587, dtype=float32), array(41.860466, dtype=float32), array(64.36781, dtype=float32), array(58.82353, dtype=float32), array(70.588234, dtype=float32), array(65.11628, dtype=float32), array(63.52941, dtype=float32), array(41.860466, dtype=float32), array(42.857143, dtype=float32), array(69.76744, dtype=float32), array(60.97561, dtype=float32), array(68.60465, dtype=float32), array(85.71429, dtype=float32), array(60., dtype=float32), array(68.60465, dtype=float32), array(41.860466, dtype=float32), array(43.52941, dtype=float32), array(54.117645, dtype=float32), array(55.294117, dtype=float32), array(48.192772, dtype=float32), array(66.27907, dtype=float32), array(20.930233, dtype=float32), array(51.724136, dtype=float32), array(71.42857, dtype=float32), array(52.32558, dtype=float32), array(48.235294, dtype=float32), array(51.162792, dtype=float32), array(71.76471, dtype=float32), array(70.454544, dtype=float32), array(55.421688, dtype=float32), array(80.23256, dtype=float32), array(57.142857, dtype=float32), array(61.17647, dtype=float32), array(61.627907, dtype=float32), array(65.11628, dtype=float32), array(75.90362, dtype=float32), array(57.142857, dtype=float32), array(61.17647, dtype=float32), array(58.139534, dtype=float32), array(76.74419, dtype=float32), array(56.976746, dtype=float32), array(63.953487, dtype=float32), array(40.963856, dtype=float32), array(48.837208, dtype=float32), array(67.05882, dtype=float32), array(65.11628, dtype=float32), array(59.302326, dtype=float32)]
average accuracy 58.170842514038085
average accuracy list [57.93223922729492, 58.170842514038085]
-------------------------------------------
total_num_list [200352380, 139445495, 139399226, 128609872]
===============================================
round: 4
Participants: [97 75 74 22 35 28 44 98 41 26]
Accuracy before training:
[tensor(65.8824), tensor(60.9195), tensor(30.2326), tensor(53.4884), tensor(51.7647), tensor(58.8235), tensor(51.1628), tensor(65.1163), tensor(67.8571), tensor(44.7059)]
Accuracy After finetune:
[tensor(72.9412), tensor(66.6667), tensor(13.9535), tensor(67.4419), tensor(58.8235), tensor(78.8235), tensor(58.1395), tensor(72.0930), tensor(80.9524), tensor(61.1765)]
Accuracy After distillation:
[tensor(37.6471), tensor(37.9310), tensor(25.5814), tensor(75.5814), tensor(43.5294), tensor(62.3529), tensor(53.4884), tensor(58.1395), tensor(54.7619), tensor(74.1176)]
=============================================
accuracy [array(39.285713, dtype=float32), array(63.953487, dtype=float32), array(60.465115, dtype=float32), array(37.2093, dtype=float32), array(34.88372, dtype=float32), array(62.35294, dtype=float32), array(55.95238, dtype=float32), array(57.471264, dtype=float32), array(60.465115, dtype=float32), array(68.60465, dtype=float32), array(50., dtype=float32), array(57.142857, dtype=float32), array(54.65116, dtype=float32), array(68.60465, dtype=float32), array(50., dtype=float32), array(70.588234, dtype=float32), array(52.38095, dtype=float32), array(56.976746, dtype=float32), array(37.2093, dtype=float32), array(65.11628, dtype=float32), array(69.76744, dtype=float32), array(60.240963, dtype=float32), array(75.5814, dtype=float32), array(43.023254, dtype=float32), array(62.068966, dtype=float32), array(77.64706, dtype=float32), array(74.117645, dtype=float32), array(73.25581, dtype=float32), array(62.35294, dtype=float32), array(75., dtype=float32), array(74.117645, dtype=float32), array(59.302326, dtype=float32), array(50.588234, dtype=float32), array(61.904762, dtype=float32), array(46.42857, dtype=float32), array(43.52941, dtype=float32), array(68.60465, dtype=float32), array(51.764706, dtype=float32), array(81.17647, dtype=float32), array(66.666664, dtype=float32), array(67.441864, dtype=float32), array(54.761906, dtype=float32), array(56.976746, dtype=float32), array(44.186047, dtype=float32), array(53.488373, dtype=float32), array(46.511627, dtype=float32), array(70.2381, dtype=float32), array(65.47619, dtype=float32), array(52.941177, dtype=float32), array(50., dtype=float32), array(49.411766, dtype=float32), array(39.772728, dtype=float32), array(48.837208, dtype=float32), array(44.827587, dtype=float32), array(41.860466, dtype=float32), array(64.36781, dtype=float32), array(58.82353, dtype=float32), array(70.588234, dtype=float32), array(65.11628, dtype=float32), array(63.52941, dtype=float32), array(41.860466, dtype=float32), array(42.857143, dtype=float32), array(69.76744, dtype=float32), array(60.97561, dtype=float32), array(68.60465, dtype=float32), array(85.71429, dtype=float32), array(60., dtype=float32), array(68.60465, dtype=float32), array(41.860466, dtype=float32), array(43.52941, dtype=float32), array(54.117645, dtype=float32), array(55.294117, dtype=float32), array(48.192772, dtype=float32), array(66.27907, dtype=float32), array(25.581396, dtype=float32), array(37.931034, dtype=float32), array(71.42857, dtype=float32), array(52.32558, dtype=float32), array(48.235294, dtype=float32), array(51.162792, dtype=float32), array(71.76471, dtype=float32), array(70.454544, dtype=float32), array(55.421688, dtype=float32), array(80.23256, dtype=float32), array(57.142857, dtype=float32), array(61.17647, dtype=float32), array(61.627907, dtype=float32), array(65.11628, dtype=float32), array(75.90362, dtype=float32), array(57.142857, dtype=float32), array(61.17647, dtype=float32), array(58.139534, dtype=float32), array(76.74419, dtype=float32), array(56.976746, dtype=float32), array(63.953487, dtype=float32), array(40.963856, dtype=float32), array(48.837208, dtype=float32), array(37.64706, dtype=float32), array(58.139534, dtype=float32), array(59.302326, dtype=float32)]
average accuracy 58.01796133041382
average accuracy list [57.93223922729492, 58.170842514038085, 58.01796133041382]
-------------------------------------------
total_num_list [200352380, 139445495, 139399226, 128609872, 134254079]
===============================================
round: 4
Participants: [93  0 27 66 21 40 28 68 91 50]
Accuracy before training:
[tensor(62.7907), tensor(30.9524), tensor(75.5814), tensor(58.8235), tensor(66.2651), tensor(66.2791), tensor(62.3529), tensor(45.3488), tensor(61.6279), tensor(45.8824)]
Accuracy After finetune:
[tensor(47.6744), tensor(35.7143), tensor(73.2558), tensor(64.7059), tensor(72.2892), tensor(79.0698), tensor(72.9412), tensor(56.9767), tensor(66.2791), tensor(62.3529)]
Accuracy After distillation:
[tensor(65.1163), tensor(52.3810), tensor(65.1163), tensor(54.1176), tensor(74.6988), tensor(59.3023), tensor(35.2941), tensor(83.7209), tensor(58.1395), tensor(65.8824)]
=============================================
accuracy [array(52.38095, dtype=float32), array(63.953487, dtype=float32), array(60.465115, dtype=float32), array(37.2093, dtype=float32), array(34.88372, dtype=float32), array(62.35294, dtype=float32), array(55.95238, dtype=float32), array(57.471264, dtype=float32), array(60.465115, dtype=float32), array(68.60465, dtype=float32), array(50., dtype=float32), array(57.142857, dtype=float32), array(54.65116, dtype=float32), array(68.60465, dtype=float32), array(50., dtype=float32), array(70.588234, dtype=float32), array(52.38095, dtype=float32), array(56.976746, dtype=float32), array(37.2093, dtype=float32), array(65.11628, dtype=float32), array(69.76744, dtype=float32), array(74.69879, dtype=float32), array(75.5814, dtype=float32), array(43.023254, dtype=float32), array(62.068966, dtype=float32), array(77.64706, dtype=float32), array(74.117645, dtype=float32), array(65.11628, dtype=float32), array(35.294117, dtype=float32), array(75., dtype=float32), array(74.117645, dtype=float32), array(59.302326, dtype=float32), array(50.588234, dtype=float32), array(61.904762, dtype=float32), array(46.42857, dtype=float32), array(43.52941, dtype=float32), array(68.60465, dtype=float32), array(51.764706, dtype=float32), array(81.17647, dtype=float32), array(66.666664, dtype=float32), array(59.302326, dtype=float32), array(54.761906, dtype=float32), array(56.976746, dtype=float32), array(44.186047, dtype=float32), array(53.488373, dtype=float32), array(46.511627, dtype=float32), array(70.2381, dtype=float32), array(65.47619, dtype=float32), array(52.941177, dtype=float32), array(50., dtype=float32), array(65.882355, dtype=float32), array(39.772728, dtype=float32), array(48.837208, dtype=float32), array(44.827587, dtype=float32), array(41.860466, dtype=float32), array(64.36781, dtype=float32), array(58.82353, dtype=float32), array(70.588234, dtype=float32), array(65.11628, dtype=float32), array(63.52941, dtype=float32), array(41.860466, dtype=float32), array(42.857143, dtype=float32), array(69.76744, dtype=float32), array(60.97561, dtype=float32), array(68.60465, dtype=float32), array(85.71429, dtype=float32), array(54.117645, dtype=float32), array(68.60465, dtype=float32), array(83.72093, dtype=float32), array(43.52941, dtype=float32), array(54.117645, dtype=float32), array(55.294117, dtype=float32), array(48.192772, dtype=float32), array(66.27907, dtype=float32), array(25.581396, dtype=float32), array(37.931034, dtype=float32), array(71.42857, dtype=float32), array(52.32558, dtype=float32), array(48.235294, dtype=float32), array(51.162792, dtype=float32), array(71.76471, dtype=float32), array(70.454544, dtype=float32), array(55.421688, dtype=float32), array(80.23256, dtype=float32), array(57.142857, dtype=float32), array(61.17647, dtype=float32), array(61.627907, dtype=float32), array(65.11628, dtype=float32), array(75.90362, dtype=float32), array(57.142857, dtype=float32), array(61.17647, dtype=float32), array(58.139534, dtype=float32), array(76.74419, dtype=float32), array(65.11628, dtype=float32), array(63.953487, dtype=float32), array(40.963856, dtype=float32), array(48.837208, dtype=float32), array(37.64706, dtype=float32), array(58.139534, dtype=float32), array(59.302326, dtype=float32)]
average accuracy 58.465995388031004
average accuracy list [57.93223922729492, 58.170842514038085, 58.01796133041382, 58.465995388031004]
-------------------------------------------
total_num_list [200352380, 139445495, 139399226, 128609872, 134254079, 105859324]
===============================================
round: 4
Participants: [77 28 41 33 96 76 30 57 26 91]
Accuracy before training:
[tensor(51.1628), tensor(38.8235), tensor(50.), tensor(63.0952), tensor(45.3488), tensor(61.9048), tensor(78.8235), tensor(71.7647), tensor(71.7647), tensor(53.4884)]
Accuracy After finetune:
[tensor(41.8605), tensor(40.), tensor(44.0476), tensor(80.9524), tensor(69.7674), tensor(79.7619), tensor(91.7647), tensor(80.), tensor(85.8824), tensor(69.7674)]
Accuracy After distillation:
[tensor(41.8605), tensor(42.3529), tensor(45.2381), tensor(22.6190), tensor(48.8372), tensor(57.1429), tensor(69.4118), tensor(36.4706), tensor(48.2353), tensor(40.6977)]
=============================================
accuracy [array(52.38095, dtype=float32), array(63.953487, dtype=float32), array(60.465115, dtype=float32), array(37.2093, dtype=float32), array(34.88372, dtype=float32), array(62.35294, dtype=float32), array(55.95238, dtype=float32), array(57.471264, dtype=float32), array(60.465115, dtype=float32), array(68.60465, dtype=float32), array(50., dtype=float32), array(57.142857, dtype=float32), array(54.65116, dtype=float32), array(68.60465, dtype=float32), array(50., dtype=float32), array(70.588234, dtype=float32), array(52.38095, dtype=float32), array(56.976746, dtype=float32), array(37.2093, dtype=float32), array(65.11628, dtype=float32), array(69.76744, dtype=float32), array(74.69879, dtype=float32), array(75.5814, dtype=float32), array(43.023254, dtype=float32), array(62.068966, dtype=float32), array(77.64706, dtype=float32), array(48.235294, dtype=float32), array(65.11628, dtype=float32), array(42.35294, dtype=float32), array(75., dtype=float32), array(69.411766, dtype=float32), array(59.302326, dtype=float32), array(50.588234, dtype=float32), array(22.619047, dtype=float32), array(46.42857, dtype=float32), array(43.52941, dtype=float32), array(68.60465, dtype=float32), array(51.764706, dtype=float32), array(81.17647, dtype=float32), array(66.666664, dtype=float32), array(59.302326, dtype=float32), array(45.238094, dtype=float32), array(56.976746, dtype=float32), array(44.186047, dtype=float32), array(53.488373, dtype=float32), array(46.511627, dtype=float32), array(70.2381, dtype=float32), array(65.47619, dtype=float32), array(52.941177, dtype=float32), array(50., dtype=float32), array(65.882355, dtype=float32), array(39.772728, dtype=float32), array(48.837208, dtype=float32), array(44.827587, dtype=float32), array(41.860466, dtype=float32), array(64.36781, dtype=float32), array(58.82353, dtype=float32), array(36.47059, dtype=float32), array(65.11628, dtype=float32), array(63.52941, dtype=float32), array(41.860466, dtype=float32), array(42.857143, dtype=float32), array(69.76744, dtype=float32), array(60.97561, dtype=float32), array(68.60465, dtype=float32), array(85.71429, dtype=float32), array(54.117645, dtype=float32), array(68.60465, dtype=float32), array(83.72093, dtype=float32), array(43.52941, dtype=float32), array(54.117645, dtype=float32), array(55.294117, dtype=float32), array(48.192772, dtype=float32), array(66.27907, dtype=float32), array(25.581396, dtype=float32), array(37.931034, dtype=float32), array(57.142857, dtype=float32), array(41.860466, dtype=float32), array(48.235294, dtype=float32), array(51.162792, dtype=float32), array(71.76471, dtype=float32), array(70.454544, dtype=float32), array(55.421688, dtype=float32), array(80.23256, dtype=float32), array(57.142857, dtype=float32), array(61.17647, dtype=float32), array(61.627907, dtype=float32), array(65.11628, dtype=float32), array(75.90362, dtype=float32), array(57.142857, dtype=float32), array(61.17647, dtype=float32), array(40.697674, dtype=float32), array(76.74419, dtype=float32), array(65.11628, dtype=float32), array(63.953487, dtype=float32), array(40.963856, dtype=float32), array(48.837208, dtype=float32), array(37.64706, dtype=float32), array(58.139534, dtype=float32), array(59.302326, dtype=float32)]
average accuracy 56.97950267791748
average accuracy list [57.93223922729492, 58.170842514038085, 58.01796133041382, 58.465995388031004, 56.97950267791748]
-------------------------------------------
total_num_list [200352380, 139445495, 139399226, 128609872, 134254079, 105859324, 123258293]
===============================================
round: 4
Participants: [94 48 63 60 50 99 49 65  4 82]
Accuracy before training:
[tensor(65.1163), tensor(43.5294), tensor(60.9756), tensor(38.3721), tensor(69.4118), tensor(55.8140), tensor(54.6512), tensor(82.1429), tensor(36.0465), tensor(59.0361)]
Accuracy After finetune:
[tensor(74.4186), tensor(63.5294), tensor(73.1707), tensor(56.9767), tensor(78.8235), tensor(70.9302), tensor(65.1163), tensor(88.0952), tensor(30.2326), tensor(59.0361)]
Accuracy After distillation:
[tensor(58.1395), tensor(55.2941), tensor(67.0732), tensor(63.9535), tensor(41.1765), tensor(56.9767), tensor(67.4419), tensor(75.), tensor(65.1163), tensor(34.9398)]
=============================================
accuracy [array(52.38095, dtype=float32), array(63.953487, dtype=float32), array(60.465115, dtype=float32), array(37.2093, dtype=float32), array(65.11628, dtype=float32), array(62.35294, dtype=float32), array(55.95238, dtype=float32), array(57.471264, dtype=float32), array(60.465115, dtype=float32), array(68.60465, dtype=float32), array(50., dtype=float32), array(57.142857, dtype=float32), array(54.65116, dtype=float32), array(68.60465, dtype=float32), array(50., dtype=float32), array(70.588234, dtype=float32), array(52.38095, dtype=float32), array(56.976746, dtype=float32), array(37.2093, dtype=float32), array(65.11628, dtype=float32), array(69.76744, dtype=float32), array(74.69879, dtype=float32), array(75.5814, dtype=float32), array(43.023254, dtype=float32), array(62.068966, dtype=float32), array(77.64706, dtype=float32), array(48.235294, dtype=float32), array(65.11628, dtype=float32), array(42.35294, dtype=float32), array(75., dtype=float32), array(69.411766, dtype=float32), array(59.302326, dtype=float32), array(50.588234, dtype=float32), array(22.619047, dtype=float32), array(46.42857, dtype=float32), array(43.52941, dtype=float32), array(68.60465, dtype=float32), array(51.764706, dtype=float32), array(81.17647, dtype=float32), array(66.666664, dtype=float32), array(59.302326, dtype=float32), array(45.238094, dtype=float32), array(56.976746, dtype=float32), array(44.186047, dtype=float32), array(53.488373, dtype=float32), array(46.511627, dtype=float32), array(70.2381, dtype=float32), array(65.47619, dtype=float32), array(55.294117, dtype=float32), array(67.441864, dtype=float32), array(41.17647, dtype=float32), array(39.772728, dtype=float32), array(48.837208, dtype=float32), array(44.827587, dtype=float32), array(41.860466, dtype=float32), array(64.36781, dtype=float32), array(58.82353, dtype=float32), array(36.47059, dtype=float32), array(65.11628, dtype=float32), array(63.52941, dtype=float32), array(63.953487, dtype=float32), array(42.857143, dtype=float32), array(69.76744, dtype=float32), array(67.07317, dtype=float32), array(68.60465, dtype=float32), array(75., dtype=float32), array(54.117645, dtype=float32), array(68.60465, dtype=float32), array(83.72093, dtype=float32), array(43.52941, dtype=float32), array(54.117645, dtype=float32), array(55.294117, dtype=float32), array(48.192772, dtype=float32), array(66.27907, dtype=float32), array(25.581396, dtype=float32), array(37.931034, dtype=float32), array(57.142857, dtype=float32), array(41.860466, dtype=float32), array(48.235294, dtype=float32), array(51.162792, dtype=float32), array(71.76471, dtype=float32), array(70.454544, dtype=float32), array(34.93976, dtype=float32), array(80.23256, dtype=float32), array(57.142857, dtype=float32), array(61.17647, dtype=float32), array(61.627907, dtype=float32), array(65.11628, dtype=float32), array(75.90362, dtype=float32), array(57.142857, dtype=float32), array(61.17647, dtype=float32), array(40.697674, dtype=float32), array(76.74419, dtype=float32), array(65.11628, dtype=float32), array(58.139534, dtype=float32), array(40.963856, dtype=float32), array(48.837208, dtype=float32), array(37.64706, dtype=float32), array(58.139534, dtype=float32), array(56.976746, dtype=float32)]
average accuracy 57.12126583099365
average accuracy list [57.93223922729492, 58.170842514038085, 58.01796133041382, 58.465995388031004, 56.97950267791748, 57.12126583099365]
-------------------------------------------
total_num_list [200352380, 139445495, 139399226, 128609872, 134254079, 105859324, 123258293, 118580651]
===============================================
round: 4
Participants: [99 55 47  0 20 16 13 14 62 67]
Accuracy before training:
[tensor(62.7907), tensor(60.9195), tensor(71.4286), tensor(46.4286), tensor(70.9302), tensor(61.9048), tensor(65.1163), tensor(43.0233), tensor(69.7674), tensor(62.7907)]
Accuracy After finetune:
[tensor(72.0930), tensor(62.0690), tensor(91.6667), tensor(59.5238), tensor(86.0465), tensor(61.9048), tensor(76.7442), tensor(45.3488), tensor(69.7674), tensor(79.0698)]
Accuracy After distillation:
[tensor(59.3023), tensor(65.5172), tensor(71.4286), tensor(58.3333), tensor(62.7907), tensor(36.9048), tensor(62.7907), tensor(46.5116), tensor(66.2791), tensor(69.7674)]
=============================================
accuracy [array(58.333332, dtype=float32), array(63.953487, dtype=float32), array(60.465115, dtype=float32), array(37.2093, dtype=float32), array(65.11628, dtype=float32), array(62.35294, dtype=float32), array(55.95238, dtype=float32), array(57.471264, dtype=float32), array(60.465115, dtype=float32), array(68.60465, dtype=float32), array(50., dtype=float32), array(57.142857, dtype=float32), array(54.65116, dtype=float32), array(62.7907, dtype=float32), array(46.511627, dtype=float32), array(70.588234, dtype=float32), array(36.904762, dtype=float32), array(56.976746, dtype=float32), array(37.2093, dtype=float32), array(65.11628, dtype=float32), array(62.7907, dtype=float32), array(74.69879, dtype=float32), array(75.5814, dtype=float32), array(43.023254, dtype=float32), array(62.068966, dtype=float32), array(77.64706, dtype=float32), array(48.235294, dtype=float32), array(65.11628, dtype=float32), array(42.35294, dtype=float32), array(75., dtype=float32), array(69.411766, dtype=float32), array(59.302326, dtype=float32), array(50.588234, dtype=float32), array(22.619047, dtype=float32), array(46.42857, dtype=float32), array(43.52941, dtype=float32), array(68.60465, dtype=float32), array(51.764706, dtype=float32), array(81.17647, dtype=float32), array(66.666664, dtype=float32), array(59.302326, dtype=float32), array(45.238094, dtype=float32), array(56.976746, dtype=float32), array(44.186047, dtype=float32), array(53.488373, dtype=float32), array(46.511627, dtype=float32), array(70.2381, dtype=float32), array(71.42857, dtype=float32), array(55.294117, dtype=float32), array(67.441864, dtype=float32), array(41.17647, dtype=float32), array(39.772728, dtype=float32), array(48.837208, dtype=float32), array(44.827587, dtype=float32), array(41.860466, dtype=float32), array(65.51724, dtype=float32), array(58.82353, dtype=float32), array(36.47059, dtype=float32), array(65.11628, dtype=float32), array(63.52941, dtype=float32), array(63.953487, dtype=float32), array(42.857143, dtype=float32), array(66.27907, dtype=float32), array(67.07317, dtype=float32), array(68.60465, dtype=float32), array(75., dtype=float32), array(54.117645, dtype=float32), array(69.76744, dtype=float32), array(83.72093, dtype=float32), array(43.52941, dtype=float32), array(54.117645, dtype=float32), array(55.294117, dtype=float32), array(48.192772, dtype=float32), array(66.27907, dtype=float32), array(25.581396, dtype=float32), array(37.931034, dtype=float32), array(57.142857, dtype=float32), array(41.860466, dtype=float32), array(48.235294, dtype=float32), array(51.162792, dtype=float32), array(71.76471, dtype=float32), array(70.454544, dtype=float32), array(34.93976, dtype=float32), array(80.23256, dtype=float32), array(57.142857, dtype=float32), array(61.17647, dtype=float32), array(61.627907, dtype=float32), array(65.11628, dtype=float32), array(75.90362, dtype=float32), array(57.142857, dtype=float32), array(61.17647, dtype=float32), array(40.697674, dtype=float32), array(76.74419, dtype=float32), array(65.11628, dtype=float32), array(58.139534, dtype=float32), array(40.963856, dtype=float32), array(48.837208, dtype=float32), array(37.64706, dtype=float32), array(58.139534, dtype=float32), array(59.302326, dtype=float32)]
average accuracy 56.93425518035889
average accuracy list [57.93223922729492, 58.170842514038085, 58.01796133041382, 58.465995388031004, 56.97950267791748, 57.12126583099365, 56.93425518035889]
-------------------------------------------
total_num_list [200352380, 139445495, 139399226, 128609872, 134254079, 105859324, 123258293, 118580651, 118986685]
===============================================
round: 4
Participants: [10 34 37 79  8 45 60  9 22 73]
Accuracy before training:
[tensor(53.5714), tensor(52.3810), tensor(48.2353), tensor(58.1395), tensor(65.1163), tensor(48.8372), tensor(67.4419), tensor(63.9535), tensor(73.2558), tensor(62.7907)]
Accuracy After finetune:
[tensor(39.2857), tensor(72.6190), tensor(69.4118), tensor(68.6047), tensor(70.9302), tensor(65.1163), tensor(66.2791), tensor(75.5814), tensor(82.5581), tensor(72.0930)]
Accuracy After distillation:
[tensor(66.6667), tensor(40.4762), tensor(36.4706), tensor(33.7209), tensor(25.5814), tensor(33.7209), tensor(61.6279), tensor(68.6047), tensor(52.3256), tensor(53.4884)]
=============================================
accuracy [array(58.333332, dtype=float32), array(63.953487, dtype=float32), array(60.465115, dtype=float32), array(37.2093, dtype=float32), array(65.11628, dtype=float32), array(62.35294, dtype=float32), array(55.95238, dtype=float32), array(57.471264, dtype=float32), array(25.581396, dtype=float32), array(68.60465, dtype=float32), array(66.666664, dtype=float32), array(57.142857, dtype=float32), array(54.65116, dtype=float32), array(62.7907, dtype=float32), array(46.511627, dtype=float32), array(70.588234, dtype=float32), array(36.904762, dtype=float32), array(56.976746, dtype=float32), array(37.2093, dtype=float32), array(65.11628, dtype=float32), array(62.7907, dtype=float32), array(74.69879, dtype=float32), array(52.32558, dtype=float32), array(43.023254, dtype=float32), array(62.068966, dtype=float32), array(77.64706, dtype=float32), array(48.235294, dtype=float32), array(65.11628, dtype=float32), array(42.35294, dtype=float32), array(75., dtype=float32), array(69.411766, dtype=float32), array(59.302326, dtype=float32), array(50.588234, dtype=float32), array(22.619047, dtype=float32), array(40.47619, dtype=float32), array(43.52941, dtype=float32), array(68.60465, dtype=float32), array(36.47059, dtype=float32), array(81.17647, dtype=float32), array(66.666664, dtype=float32), array(59.302326, dtype=float32), array(45.238094, dtype=float32), array(56.976746, dtype=float32), array(44.186047, dtype=float32), array(53.488373, dtype=float32), array(33.720932, dtype=float32), array(70.2381, dtype=float32), array(71.42857, dtype=float32), array(55.294117, dtype=float32), array(67.441864, dtype=float32), array(41.17647, dtype=float32), array(39.772728, dtype=float32), array(48.837208, dtype=float32), array(44.827587, dtype=float32), array(41.860466, dtype=float32), array(65.51724, dtype=float32), array(58.82353, dtype=float32), array(36.47059, dtype=float32), array(65.11628, dtype=float32), array(63.52941, dtype=float32), array(61.627907, dtype=float32), array(42.857143, dtype=float32), array(66.27907, dtype=float32), array(67.07317, dtype=float32), array(68.60465, dtype=float32), array(75., dtype=float32), array(54.117645, dtype=float32), array(69.76744, dtype=float32), array(83.72093, dtype=float32), array(43.52941, dtype=float32), array(54.117645, dtype=float32), array(55.294117, dtype=float32), array(48.192772, dtype=float32), array(53.488373, dtype=float32), array(25.581396, dtype=float32), array(37.931034, dtype=float32), array(57.142857, dtype=float32), array(41.860466, dtype=float32), array(48.235294, dtype=float32), array(33.720932, dtype=float32), array(71.76471, dtype=float32), array(70.454544, dtype=float32), array(34.93976, dtype=float32), array(80.23256, dtype=float32), array(57.142857, dtype=float32), array(61.17647, dtype=float32), array(61.627907, dtype=float32), array(65.11628, dtype=float32), array(75.90362, dtype=float32), array(57.142857, dtype=float32), array(61.17647, dtype=float32), array(40.697674, dtype=float32), array(76.74419, dtype=float32), array(65.11628, dtype=float32), array(58.139534, dtype=float32), array(40.963856, dtype=float32), array(48.837208, dtype=float32), array(37.64706, dtype=float32), array(58.139534, dtype=float32), array(59.302326, dtype=float32)]
average accuracy 55.853573169708255
average accuracy list [57.93223922729492, 58.170842514038085, 58.01796133041382, 58.465995388031004, 56.97950267791748, 57.12126583099365, 56.93425518035889, 55.853573169708255]
-------------------------------------------
total_num_list [200352380, 139445495, 139399226, 128609872, 134254079, 105859324, 123258293, 118580651, 118986685, 106876201]
===============================================
round: 4
Participants: [75 80 61 57 13 15 92 35 38 62]
Accuracy before training:
[tensor(34.4828), tensor(78.8235), tensor(46.4286), tensor(34.1176), tensor(63.9535), tensor(69.4118), tensor(72.0930), tensor(47.0588), tensor(83.5294), tensor(67.4419)]
Accuracy After finetune:
[tensor(42.5287), tensor(88.2353), tensor(60.7143), tensor(31.7647), tensor(69.7674), tensor(76.4706), tensor(74.4186), tensor(42.3529), tensor(92.9412), tensor(79.0698)]
Accuracy After distillation:
[tensor(36.7816), tensor(57.6471), tensor(55.9524), tensor(32.9412), tensor(31.3953), tensor(37.6471), tensor(44.1860), tensor(37.6471), tensor(55.2941), tensor(39.5349)]
=============================================
accuracy [array(58.333332, dtype=float32), array(63.953487, dtype=float32), array(60.465115, dtype=float32), array(37.2093, dtype=float32), array(65.11628, dtype=float32), array(62.35294, dtype=float32), array(55.95238, dtype=float32), array(57.471264, dtype=float32), array(25.581396, dtype=float32), array(68.60465, dtype=float32), array(66.666664, dtype=float32), array(57.142857, dtype=float32), array(54.65116, dtype=float32), array(31.39535, dtype=float32), array(46.511627, dtype=float32), array(37.64706, dtype=float32), array(36.904762, dtype=float32), array(56.976746, dtype=float32), array(37.2093, dtype=float32), array(65.11628, dtype=float32), array(62.7907, dtype=float32), array(74.69879, dtype=float32), array(52.32558, dtype=float32), array(43.023254, dtype=float32), array(62.068966, dtype=float32), array(77.64706, dtype=float32), array(48.235294, dtype=float32), array(65.11628, dtype=float32), array(42.35294, dtype=float32), array(75., dtype=float32), array(69.411766, dtype=float32), array(59.302326, dtype=float32), array(50.588234, dtype=float32), array(22.619047, dtype=float32), array(40.47619, dtype=float32), array(37.64706, dtype=float32), array(68.60465, dtype=float32), array(36.47059, dtype=float32), array(55.294117, dtype=float32), array(66.666664, dtype=float32), array(59.302326, dtype=float32), array(45.238094, dtype=float32), array(56.976746, dtype=float32), array(44.186047, dtype=float32), array(53.488373, dtype=float32), array(33.720932, dtype=float32), array(70.2381, dtype=float32), array(71.42857, dtype=float32), array(55.294117, dtype=float32), array(67.441864, dtype=float32), array(41.17647, dtype=float32), array(39.772728, dtype=float32), array(48.837208, dtype=float32), array(44.827587, dtype=float32), array(41.860466, dtype=float32), array(65.51724, dtype=float32), array(58.82353, dtype=float32), array(32.941177, dtype=float32), array(65.11628, dtype=float32), array(63.52941, dtype=float32), array(61.627907, dtype=float32), array(55.95238, dtype=float32), array(39.534885, dtype=float32), array(67.07317, dtype=float32), array(68.60465, dtype=float32), array(75., dtype=float32), array(54.117645, dtype=float32), array(69.76744, dtype=float32), array(83.72093, dtype=float32), array(43.52941, dtype=float32), array(54.117645, dtype=float32), array(55.294117, dtype=float32), array(48.192772, dtype=float32), array(53.488373, dtype=float32), array(25.581396, dtype=float32), array(36.78161, dtype=float32), array(57.142857, dtype=float32), array(41.860466, dtype=float32), array(48.235294, dtype=float32), array(33.720932, dtype=float32), array(57.64706, dtype=float32), array(70.454544, dtype=float32), array(34.93976, dtype=float32), array(80.23256, dtype=float32), array(57.142857, dtype=float32), array(61.17647, dtype=float32), array(61.627907, dtype=float32), array(65.11628, dtype=float32), array(75.90362, dtype=float32), array(57.142857, dtype=float32), array(61.17647, dtype=float32), array(40.697674, dtype=float32), array(44.186047, dtype=float32), array(65.11628, dtype=float32), array(58.139534, dtype=float32), array(40.963856, dtype=float32), array(48.837208, dtype=float32), array(37.64706, dtype=float32), array(58.139534, dtype=float32), array(59.302326, dtype=float32)]
average accuracy 54.24252521514892
average accuracy list [57.93223922729492, 58.170842514038085, 58.01796133041382, 58.465995388031004, 56.97950267791748, 57.12126583099365, 56.93425518035889, 55.853573169708255, 54.24252521514892]
-------------------------------------------
total_num_list [200352380, 139445495, 139399226, 128609872, 134254079, 105859324, 123258293, 118580651, 118986685, 106876201, 96471523]
===============================================
round: 4
Participants: [47 29 65  0  2 26 59  8 45 93]
Accuracy before training:
[tensor(67.8571), tensor(73.8095), tensor(82.1429), tensor(46.4286), tensor(68.6047), tensor(44.7059), tensor(64.7059), tensor(24.4186), tensor(40.6977), tensor(65.1163)]
Accuracy After finetune:
[tensor(78.5714), tensor(80.9524), tensor(88.0952), tensor(60.7143), tensor(83.7209), tensor(54.1176), tensor(70.5882), tensor(31.3953), tensor(46.5116), tensor(80.2326)]
Accuracy After distillation:
[tensor(45.2381), tensor(63.0952), tensor(48.8095), tensor(48.8095), tensor(51.1628), tensor(12.9412), tensor(64.7059), tensor(13.9535), tensor(10.4651), tensor(40.6977)]
=============================================
accuracy [array(48.809525, dtype=float32), array(63.953487, dtype=float32), array(51.162792, dtype=float32), array(37.2093, dtype=float32), array(65.11628, dtype=float32), array(62.35294, dtype=float32), array(55.95238, dtype=float32), array(57.471264, dtype=float32), array(13.953488, dtype=float32), array(68.60465, dtype=float32), array(66.666664, dtype=float32), array(57.142857, dtype=float32), array(54.65116, dtype=float32), array(31.39535, dtype=float32), array(46.511627, dtype=float32), array(37.64706, dtype=float32), array(36.904762, dtype=float32), array(56.976746, dtype=float32), array(37.2093, dtype=float32), array(65.11628, dtype=float32), array(62.7907, dtype=float32), array(74.69879, dtype=float32), array(52.32558, dtype=float32), array(43.023254, dtype=float32), array(62.068966, dtype=float32), array(77.64706, dtype=float32), array(12.941176, dtype=float32), array(65.11628, dtype=float32), array(42.35294, dtype=float32), array(63.095238, dtype=float32), array(69.411766, dtype=float32), array(59.302326, dtype=float32), array(50.588234, dtype=float32), array(22.619047, dtype=float32), array(40.47619, dtype=float32), array(37.64706, dtype=float32), array(68.60465, dtype=float32), array(36.47059, dtype=float32), array(55.294117, dtype=float32), array(66.666664, dtype=float32), array(59.302326, dtype=float32), array(45.238094, dtype=float32), array(56.976746, dtype=float32), array(44.186047, dtype=float32), array(53.488373, dtype=float32), array(10.4651165, dtype=float32), array(70.2381, dtype=float32), array(45.238094, dtype=float32), array(55.294117, dtype=float32), array(67.441864, dtype=float32), array(41.17647, dtype=float32), array(39.772728, dtype=float32), array(48.837208, dtype=float32), array(44.827587, dtype=float32), array(41.860466, dtype=float32), array(65.51724, dtype=float32), array(58.82353, dtype=float32), array(32.941177, dtype=float32), array(65.11628, dtype=float32), array(64.70588, dtype=float32), array(61.627907, dtype=float32), array(55.95238, dtype=float32), array(39.534885, dtype=float32), array(67.07317, dtype=float32), array(68.60465, dtype=float32), array(48.809525, dtype=float32), array(54.117645, dtype=float32), array(69.76744, dtype=float32), array(83.72093, dtype=float32), array(43.52941, dtype=float32), array(54.117645, dtype=float32), array(55.294117, dtype=float32), array(48.192772, dtype=float32), array(53.488373, dtype=float32), array(25.581396, dtype=float32), array(36.78161, dtype=float32), array(57.142857, dtype=float32), array(41.860466, dtype=float32), array(48.235294, dtype=float32), array(33.720932, dtype=float32), array(57.64706, dtype=float32), array(70.454544, dtype=float32), array(34.93976, dtype=float32), array(80.23256, dtype=float32), array(57.142857, dtype=float32), array(61.17647, dtype=float32), array(61.627907, dtype=float32), array(65.11628, dtype=float32), array(75.90362, dtype=float32), array(57.142857, dtype=float32), array(61.17647, dtype=float32), array(40.697674, dtype=float32), array(44.186047, dtype=float32), array(40.697674, dtype=float32), array(58.139534, dtype=float32), array(40.963856, dtype=float32), array(48.837208, dtype=float32), array(37.64706, dtype=float32), array(58.139534, dtype=float32), array(59.302326, dtype=float32)]
average accuracy 52.47720695495605
average accuracy list [57.93223922729492, 58.170842514038085, 58.01796133041382, 58.465995388031004, 56.97950267791748, 57.12126583099365, 56.93425518035889, 55.853573169708255, 54.24252521514892, 52.47720695495605]
-------------------------------------------
total_num_list [200352380, 139445495, 139399226, 128609872, 134254079, 105859324, 123258293, 118580651, 118986685, 106876201, 96471523, 100280922]
===============================================
round: 4
Participants: [97 25 36 40  3 34 33 27 41 89]
Accuracy before training:
[tensor(36.4706), tensor(83.5294), tensor(59.3023), tensor(61.6279), tensor(33.7209), tensor(35.7143), tensor(22.6190), tensor(63.9535), tensor(44.0476), tensor(57.1429)]
Accuracy After finetune:
[tensor(38.8235), tensor(94.1176), tensor(74.4186), tensor(70.9302), tensor(45.3488), tensor(25.), tensor(53.5714), tensor(52.3256), tensor(36.9048), tensor(79.7619)]
Accuracy After distillation:
[tensor(60.), tensor(80.), tensor(47.6744), tensor(58.1395), tensor(60.4651), tensor(19.0476), tensor(8.3333), tensor(32.5581), tensor(33.3333), tensor(30.9524)]
=============================================
accuracy [array(48.809525, dtype=float32), array(63.953487, dtype=float32), array(51.162792, dtype=float32), array(60.465115, dtype=float32), array(65.11628, dtype=float32), array(62.35294, dtype=float32), array(55.95238, dtype=float32), array(57.471264, dtype=float32), array(13.953488, dtype=float32), array(68.60465, dtype=float32), array(66.666664, dtype=float32), array(57.142857, dtype=float32), array(54.65116, dtype=float32), array(31.39535, dtype=float32), array(46.511627, dtype=float32), array(37.64706, dtype=float32), array(36.904762, dtype=float32), array(56.976746, dtype=float32), array(37.2093, dtype=float32), array(65.11628, dtype=float32), array(62.7907, dtype=float32), array(74.69879, dtype=float32), array(52.32558, dtype=float32), array(43.023254, dtype=float32), array(62.068966, dtype=float32), array(80., dtype=float32), array(12.941176, dtype=float32), array(32.55814, dtype=float32), array(42.35294, dtype=float32), array(63.095238, dtype=float32), array(69.411766, dtype=float32), array(59.302326, dtype=float32), array(50.588234, dtype=float32), array(8.333333, dtype=float32), array(19.047619, dtype=float32), array(37.64706, dtype=float32), array(47.67442, dtype=float32), array(36.47059, dtype=float32), array(55.294117, dtype=float32), array(66.666664, dtype=float32), array(58.139534, dtype=float32), array(33.333332, dtype=float32), array(56.976746, dtype=float32), array(44.186047, dtype=float32), array(53.488373, dtype=float32), array(10.4651165, dtype=float32), array(70.2381, dtype=float32), array(45.238094, dtype=float32), array(55.294117, dtype=float32), array(67.441864, dtype=float32), array(41.17647, dtype=float32), array(39.772728, dtype=float32), array(48.837208, dtype=float32), array(44.827587, dtype=float32), array(41.860466, dtype=float32), array(65.51724, dtype=float32), array(58.82353, dtype=float32), array(32.941177, dtype=float32), array(65.11628, dtype=float32), array(64.70588, dtype=float32), array(61.627907, dtype=float32), array(55.95238, dtype=float32), array(39.534885, dtype=float32), array(67.07317, dtype=float32), array(68.60465, dtype=float32), array(48.809525, dtype=float32), array(54.117645, dtype=float32), array(69.76744, dtype=float32), array(83.72093, dtype=float32), array(43.52941, dtype=float32), array(54.117645, dtype=float32), array(55.294117, dtype=float32), array(48.192772, dtype=float32), array(53.488373, dtype=float32), array(25.581396, dtype=float32), array(36.78161, dtype=float32), array(57.142857, dtype=float32), array(41.860466, dtype=float32), array(48.235294, dtype=float32), array(33.720932, dtype=float32), array(57.64706, dtype=float32), array(70.454544, dtype=float32), array(34.93976, dtype=float32), array(80.23256, dtype=float32), array(57.142857, dtype=float32), array(61.17647, dtype=float32), array(61.627907, dtype=float32), array(65.11628, dtype=float32), array(75.90362, dtype=float32), array(30.952381, dtype=float32), array(61.17647, dtype=float32), array(40.697674, dtype=float32), array(44.186047, dtype=float32), array(40.697674, dtype=float32), array(58.139534, dtype=float32), array(40.963856, dtype=float32), array(48.837208, dtype=float32), array(60., dtype=float32), array(58.139534, dtype=float32), array(59.302326, dtype=float32)]
average accuracy 51.67221705436707
average accuracy list [57.93223922729492, 58.170842514038085, 58.01796133041382, 58.465995388031004, 56.97950267791748, 57.12126583099365, 56.93425518035889, 55.853573169708255, 54.24252521514892, 52.47720695495605, 51.67221705436707]
-------------------------------------------
total_num_list [200352380, 139445495, 139399226, 128609872, 134254079, 105859324, 123258293, 118580651, 118986685, 106876201, 96471523, 100280922, 114832211]
===============================================
round: 4
Participants: [64 52 96 36  3 87 72 17  4 78]
Accuracy before training:
[tensor(73.2558), tensor(45.3488), tensor(59.3023), tensor(36.0465), tensor(56.9767), tensor(74.4186), tensor(60.2410), tensor(60.4651), tensor(52.3256), tensor(51.7647)]
Accuracy After finetune:
[tensor(77.9070), tensor(70.9302), tensor(69.7674), tensor(44.1860), tensor(68.6047), tensor(73.2558), tensor(66.2651), tensor(65.1163), tensor(70.9302), tensor(70.5882)]
Accuracy After distillation:
[tensor(69.7674), tensor(47.6744), tensor(59.3023), tensor(32.5581), tensor(43.0233), tensor(45.3488), tensor(39.7590), tensor(26.7442), tensor(48.8372), tensor(47.0588)]
=============================================
accuracy [array(48.809525, dtype=float32), array(63.953487, dtype=float32), array(51.162792, dtype=float32), array(43.023254, dtype=float32), array(48.837208, dtype=float32), array(62.35294, dtype=float32), array(55.95238, dtype=float32), array(57.471264, dtype=float32), array(13.953488, dtype=float32), array(68.60465, dtype=float32), array(66.666664, dtype=float32), array(57.142857, dtype=float32), array(54.65116, dtype=float32), array(31.39535, dtype=float32), array(46.511627, dtype=float32), array(37.64706, dtype=float32), array(36.904762, dtype=float32), array(26.744186, dtype=float32), array(37.2093, dtype=float32), array(65.11628, dtype=float32), array(62.7907, dtype=float32), array(74.69879, dtype=float32), array(52.32558, dtype=float32), array(43.023254, dtype=float32), array(62.068966, dtype=float32), array(80., dtype=float32), array(12.941176, dtype=float32), array(32.55814, dtype=float32), array(42.35294, dtype=float32), array(63.095238, dtype=float32), array(69.411766, dtype=float32), array(59.302326, dtype=float32), array(50.588234, dtype=float32), array(8.333333, dtype=float32), array(19.047619, dtype=float32), array(37.64706, dtype=float32), array(32.55814, dtype=float32), array(36.47059, dtype=float32), array(55.294117, dtype=float32), array(66.666664, dtype=float32), array(58.139534, dtype=float32), array(33.333332, dtype=float32), array(56.976746, dtype=float32), array(44.186047, dtype=float32), array(53.488373, dtype=float32), array(10.4651165, dtype=float32), array(70.2381, dtype=float32), array(45.238094, dtype=float32), array(55.294117, dtype=float32), array(67.441864, dtype=float32), array(41.17647, dtype=float32), array(39.772728, dtype=float32), array(47.67442, dtype=float32), array(44.827587, dtype=float32), array(41.860466, dtype=float32), array(65.51724, dtype=float32), array(58.82353, dtype=float32), array(32.941177, dtype=float32), array(65.11628, dtype=float32), array(64.70588, dtype=float32), array(61.627907, dtype=float32), array(55.95238, dtype=float32), array(39.534885, dtype=float32), array(67.07317, dtype=float32), array(69.76744, dtype=float32), array(48.809525, dtype=float32), array(54.117645, dtype=float32), array(69.76744, dtype=float32), array(83.72093, dtype=float32), array(43.52941, dtype=float32), array(54.117645, dtype=float32), array(55.294117, dtype=float32), array(39.759037, dtype=float32), array(53.488373, dtype=float32), array(25.581396, dtype=float32), array(36.78161, dtype=float32), array(57.142857, dtype=float32), array(41.860466, dtype=float32), array(47.058823, dtype=float32), array(33.720932, dtype=float32), array(57.64706, dtype=float32), array(70.454544, dtype=float32), array(34.93976, dtype=float32), array(80.23256, dtype=float32), array(57.142857, dtype=float32), array(61.17647, dtype=float32), array(61.627907, dtype=float32), array(45.34884, dtype=float32), array(75.90362, dtype=float32), array(30.952381, dtype=float32), array(61.17647, dtype=float32), array(40.697674, dtype=float32), array(44.186047, dtype=float32), array(40.697674, dtype=float32), array(58.139534, dtype=float32), array(40.963856, dtype=float32), array(59.302326, dtype=float32), array(60., dtype=float32), array(58.139534, dtype=float32), array(59.302326, dtype=float32)]
average accuracy 50.69239405632019
average accuracy list [57.93223922729492, 58.170842514038085, 58.01796133041382, 58.465995388031004, 56.97950267791748, 57.12126583099365, 56.93425518035889, 55.853573169708255, 54.24252521514892, 52.47720695495605, 51.67221705436707, 50.69239405632019]
-------------------------------------------
total_num_list [200352380, 139445495, 139399226, 128609872, 134254079, 105859324, 123258293, 118580651, 118986685, 106876201, 96471523, 100280922, 114832211, 100866670]
===============================================
round: 4
Participants: [19 88 14 74  6 75 66 12 11 60]
Accuracy before training:
[tensor(63.9535), tensor(72.2892), tensor(51.1628), tensor(30.2326), tensor(50.), tensor(35.6322), tensor(56.4706), tensor(55.8140), tensor(55.9524), tensor(65.1163)]
Accuracy After finetune:
[tensor(74.4186), tensor(89.1566), tensor(40.6977), tensor(51.1628), tensor(42.8571), tensor(28.7356), tensor(62.3529), tensor(47.6744), tensor(46.4286), tensor(88.3721)]
Accuracy After distillation:
[tensor(46.5116), tensor(66.2651), tensor(54.6512), tensor(16.2791), tensor(71.4286), tensor(41.3793), tensor(70.5882), tensor(51.1628), tensor(75.), tensor(29.0698)]
=============================================
accuracy [array(48.809525, dtype=float32), array(63.953487, dtype=float32), array(51.162792, dtype=float32), array(43.023254, dtype=float32), array(48.837208, dtype=float32), array(62.35294, dtype=float32), array(71.42857, dtype=float32), array(57.471264, dtype=float32), array(13.953488, dtype=float32), array(68.60465, dtype=float32), array(66.666664, dtype=float32), array(75., dtype=float32), array(51.162792, dtype=float32), array(31.39535, dtype=float32), array(54.65116, dtype=float32), array(37.64706, dtype=float32), array(36.904762, dtype=float32), array(26.744186, dtype=float32), array(37.2093, dtype=float32), array(46.511627, dtype=float32), array(62.7907, dtype=float32), array(74.69879, dtype=float32), array(52.32558, dtype=float32), array(43.023254, dtype=float32), array(62.068966, dtype=float32), array(80., dtype=float32), array(12.941176, dtype=float32), array(32.55814, dtype=float32), array(42.35294, dtype=float32), array(63.095238, dtype=float32), array(69.411766, dtype=float32), array(59.302326, dtype=float32), array(50.588234, dtype=float32), array(8.333333, dtype=float32), array(19.047619, dtype=float32), array(37.64706, dtype=float32), array(32.55814, dtype=float32), array(36.47059, dtype=float32), array(55.294117, dtype=float32), array(66.666664, dtype=float32), array(58.139534, dtype=float32), array(33.333332, dtype=float32), array(56.976746, dtype=float32), array(44.186047, dtype=float32), array(53.488373, dtype=float32), array(10.4651165, dtype=float32), array(70.2381, dtype=float32), array(45.238094, dtype=float32), array(55.294117, dtype=float32), array(67.441864, dtype=float32), array(41.17647, dtype=float32), array(39.772728, dtype=float32), array(47.67442, dtype=float32), array(44.827587, dtype=float32), array(41.860466, dtype=float32), array(65.51724, dtype=float32), array(58.82353, dtype=float32), array(32.941177, dtype=float32), array(65.11628, dtype=float32), array(64.70588, dtype=float32), array(29.069767, dtype=float32), array(55.95238, dtype=float32), array(39.534885, dtype=float32), array(67.07317, dtype=float32), array(69.76744, dtype=float32), array(48.809525, dtype=float32), array(70.588234, dtype=float32), array(69.76744, dtype=float32), array(83.72093, dtype=float32), array(43.52941, dtype=float32), array(54.117645, dtype=float32), array(55.294117, dtype=float32), array(39.759037, dtype=float32), array(53.488373, dtype=float32), array(16.27907, dtype=float32), array(41.37931, dtype=float32), array(57.142857, dtype=float32), array(41.860466, dtype=float32), array(47.058823, dtype=float32), array(33.720932, dtype=float32), array(57.64706, dtype=float32), array(70.454544, dtype=float32), array(34.93976, dtype=float32), array(80.23256, dtype=float32), array(57.142857, dtype=float32), array(61.17647, dtype=float32), array(61.627907, dtype=float32), array(45.34884, dtype=float32), array(66.26506, dtype=float32), array(30.952381, dtype=float32), array(61.17647, dtype=float32), array(40.697674, dtype=float32), array(44.186047, dtype=float32), array(40.697674, dtype=float32), array(58.139534, dtype=float32), array(40.963856, dtype=float32), array(59.302326, dtype=float32), array(60., dtype=float32), array(58.139534, dtype=float32), array(59.302326, dtype=float32)]
average accuracy 50.581885213851926
average accuracy list [57.93223922729492, 58.170842514038085, 58.01796133041382, 58.465995388031004, 56.97950267791748, 57.12126583099365, 56.93425518035889, 55.853573169708255, 54.24252521514892, 52.47720695495605, 51.67221705436707, 50.69239405632019, 50.581885213851926]
-------------------------------------------
total_num_list [200352380, 139445495, 139399226, 128609872, 134254079, 105859324, 123258293, 118580651, 118986685, 106876201, 96471523, 100280922, 114832211, 100866670, 79233623]
===============================================
round: 4
Participants: [27 84 21 64 34 38 94 40 87 93]
Accuracy before training:
[tensor(34.8837), tensor(58.3333), tensor(69.8795), tensor(70.9302), tensor(19.0476), tensor(49.4118), tensor(56.9767), tensor(53.4884), tensor(43.0233), tensor(34.8837)]
Accuracy After finetune:
[tensor(20.9302), tensor(65.4762), tensor(85.5422), tensor(76.7442), tensor(8.3333), tensor(57.6471), tensor(69.7674), tensor(54.6512), tensor(54.6512), tensor(16.2791)]
Accuracy After distillation:
[tensor(34.8837), tensor(58.3333), tensor(67.4699), tensor(47.6744), tensor(4.7619), tensor(81.1765), tensor(61.6279), tensor(18.6047), tensor(51.1628), tensor(38.3721)]
=============================================
accuracy [array(48.809525, dtype=float32), array(63.953487, dtype=float32), array(51.162792, dtype=float32), array(43.023254, dtype=float32), array(48.837208, dtype=float32), array(62.35294, dtype=float32), array(71.42857, dtype=float32), array(57.471264, dtype=float32), array(13.953488, dtype=float32), array(68.60465, dtype=float32), array(66.666664, dtype=float32), array(75., dtype=float32), array(51.162792, dtype=float32), array(31.39535, dtype=float32), array(54.65116, dtype=float32), array(37.64706, dtype=float32), array(36.904762, dtype=float32), array(26.744186, dtype=float32), array(37.2093, dtype=float32), array(46.511627, dtype=float32), array(62.7907, dtype=float32), array(67.46988, dtype=float32), array(52.32558, dtype=float32), array(43.023254, dtype=float32), array(62.068966, dtype=float32), array(80., dtype=float32), array(12.941176, dtype=float32), array(34.88372, dtype=float32), array(42.35294, dtype=float32), array(63.095238, dtype=float32), array(69.411766, dtype=float32), array(59.302326, dtype=float32), array(50.588234, dtype=float32), array(8.333333, dtype=float32), array(4.7619047, dtype=float32), array(37.64706, dtype=float32), array(32.55814, dtype=float32), array(36.47059, dtype=float32), array(81.17647, dtype=float32), array(66.666664, dtype=float32), array(18.60465, dtype=float32), array(33.333332, dtype=float32), array(56.976746, dtype=float32), array(44.186047, dtype=float32), array(53.488373, dtype=float32), array(10.4651165, dtype=float32), array(70.2381, dtype=float32), array(45.238094, dtype=float32), array(55.294117, dtype=float32), array(67.441864, dtype=float32), array(41.17647, dtype=float32), array(39.772728, dtype=float32), array(47.67442, dtype=float32), array(44.827587, dtype=float32), array(41.860466, dtype=float32), array(65.51724, dtype=float32), array(58.82353, dtype=float32), array(32.941177, dtype=float32), array(65.11628, dtype=float32), array(64.70588, dtype=float32), array(29.069767, dtype=float32), array(55.95238, dtype=float32), array(39.534885, dtype=float32), array(67.07317, dtype=float32), array(47.67442, dtype=float32), array(48.809525, dtype=float32), array(70.588234, dtype=float32), array(69.76744, dtype=float32), array(83.72093, dtype=float32), array(43.52941, dtype=float32), array(54.117645, dtype=float32), array(55.294117, dtype=float32), array(39.759037, dtype=float32), array(53.488373, dtype=float32), array(16.27907, dtype=float32), array(41.37931, dtype=float32), array(57.142857, dtype=float32), array(41.860466, dtype=float32), array(47.058823, dtype=float32), array(33.720932, dtype=float32), array(57.64706, dtype=float32), array(70.454544, dtype=float32), array(34.93976, dtype=float32), array(80.23256, dtype=float32), array(58.333332, dtype=float32), array(61.17647, dtype=float32), array(61.627907, dtype=float32), array(51.162792, dtype=float32), array(66.26506, dtype=float32), array(30.952381, dtype=float32), array(61.17647, dtype=float32), array(40.697674, dtype=float32), array(44.186047, dtype=float32), array(38.372093, dtype=float32), array(61.627907, dtype=float32), array(40.963856, dtype=float32), array(59.302326, dtype=float32), array(60., dtype=float32), array(58.139534, dtype=float32), array(59.302326, dtype=float32)]
average accuracy 50.11421142578125
average accuracy list [57.93223922729492, 58.170842514038085, 58.01796133041382, 58.465995388031004, 56.97950267791748, 57.12126583099365, 56.93425518035889, 55.853573169708255, 54.24252521514892, 52.47720695495605, 51.67221705436707, 50.69239405632019, 50.581885213851926, 50.11421142578125]
-------------------------------------------
total_num_list [200352380, 139445495, 139399226, 128609872, 134254079, 105859324, 123258293, 118580651, 118986685, 106876201, 96471523, 100280922, 114832211, 100866670, 79233623, 91609025]
===============================================
round: 4
Participants: [47 83  4 43 25 56 15 66 48 29]
Accuracy before training:
[tensor(41.6667), tensor(79.0698), tensor(46.5116), tensor(46.5116), tensor(78.8235), tensor(64.7059), tensor(49.4118), tensor(69.4118), tensor(60.), tensor(63.0952)]
Accuracy After finetune:
[tensor(45.2381), tensor(91.8605), tensor(32.5581), tensor(76.7442), tensor(94.1176), tensor(65.8824), tensor(54.1176), tensor(76.4706), tensor(58.8235), tensor(52.3810)]
Accuracy After distillation:
[tensor(5.9524), tensor(38.3721), tensor(43.0233), tensor(34.8837), tensor(60.), tensor(63.5294), tensor(38.8235), tensor(61.1765), tensor(35.2941), tensor(28.5714)]
=============================================
accuracy [array(48.809525, dtype=float32), array(63.953487, dtype=float32), array(51.162792, dtype=float32), array(43.023254, dtype=float32), array(43.023254, dtype=float32), array(62.35294, dtype=float32), array(71.42857, dtype=float32), array(57.471264, dtype=float32), array(13.953488, dtype=float32), array(68.60465, dtype=float32), array(66.666664, dtype=float32), array(75., dtype=float32), array(51.162792, dtype=float32), array(31.39535, dtype=float32), array(54.65116, dtype=float32), array(38.82353, dtype=float32), array(36.904762, dtype=float32), array(26.744186, dtype=float32), array(37.2093, dtype=float32), array(46.511627, dtype=float32), array(62.7907, dtype=float32), array(67.46988, dtype=float32), array(52.32558, dtype=float32), array(43.023254, dtype=float32), array(62.068966, dtype=float32), array(60., dtype=float32), array(12.941176, dtype=float32), array(34.88372, dtype=float32), array(42.35294, dtype=float32), array(28.571428, dtype=float32), array(69.411766, dtype=float32), array(59.302326, dtype=float32), array(50.588234, dtype=float32), array(8.333333, dtype=float32), array(4.7619047, dtype=float32), array(37.64706, dtype=float32), array(32.55814, dtype=float32), array(36.47059, dtype=float32), array(81.17647, dtype=float32), array(66.666664, dtype=float32), array(18.60465, dtype=float32), array(33.333332, dtype=float32), array(56.976746, dtype=float32), array(34.88372, dtype=float32), array(53.488373, dtype=float32), array(10.4651165, dtype=float32), array(70.2381, dtype=float32), array(5.952381, dtype=float32), array(35.294117, dtype=float32), array(67.441864, dtype=float32), array(41.17647, dtype=float32), array(39.772728, dtype=float32), array(47.67442, dtype=float32), array(44.827587, dtype=float32), array(41.860466, dtype=float32), array(65.51724, dtype=float32), array(63.52941, dtype=float32), array(32.941177, dtype=float32), array(65.11628, dtype=float32), array(64.70588, dtype=float32), array(29.069767, dtype=float32), array(55.95238, dtype=float32), array(39.534885, dtype=float32), array(67.07317, dtype=float32), array(47.67442, dtype=float32), array(48.809525, dtype=float32), array(61.17647, dtype=float32), array(69.76744, dtype=float32), array(83.72093, dtype=float32), array(43.52941, dtype=float32), array(54.117645, dtype=float32), array(55.294117, dtype=float32), array(39.759037, dtype=float32), array(53.488373, dtype=float32), array(16.27907, dtype=float32), array(41.37931, dtype=float32), array(57.142857, dtype=float32), array(41.860466, dtype=float32), array(47.058823, dtype=float32), array(33.720932, dtype=float32), array(57.64706, dtype=float32), array(70.454544, dtype=float32), array(34.93976, dtype=float32), array(38.372093, dtype=float32), array(58.333332, dtype=float32), array(61.17647, dtype=float32), array(61.627907, dtype=float32), array(51.162792, dtype=float32), array(66.26506, dtype=float32), array(30.952381, dtype=float32), array(61.17647, dtype=float32), array(40.697674, dtype=float32), array(44.186047, dtype=float32), array(38.372093, dtype=float32), array(61.627907, dtype=float32), array(40.963856, dtype=float32), array(59.302326, dtype=float32), array(60., dtype=float32), array(58.139534, dtype=float32), array(59.302326, dtype=float32)]
average accuracy 48.37105463027954
average accuracy list [57.93223922729492, 58.170842514038085, 58.01796133041382, 58.465995388031004, 56.97950267791748, 57.12126583099365, 56.93425518035889, 55.853573169708255, 54.24252521514892, 52.47720695495605, 51.67221705436707, 50.69239405632019, 50.581885213851926, 50.11421142578125, 48.37105463027954]
-------------------------------------------
