Warm up stage:accuracy: tensor(19.5874)
Warm up stage:accuracy: tensor(19.5874)
Warm up stage:accuracy: tensor(19.5874)
Warm up stage:accuracy: tensor(19.5874)
Warm up stage:accuracy: tensor(19.5874)
Warm up stage:accuracy: tensor(19.5874)
Warm up stage:accuracy: tensor(19.5874)
Warm up stage:accuracy: tensor(19.5874)
Warm up stage:accuracy: tensor(19.5874)
Warm up stage:accuracy: tensor(19.5874)
Warm up stage:accuracy: tensor(19.5874)
Warm up stage:accuracy: tensor(19.5874)
Warm up stage:accuracy: tensor(19.5874)
Warm up stage:accuracy: tensor(19.5874)
Warm up stage:accuracy: tensor(19.5874)
Warm up stage:accuracy: tensor(19.5874)
Warm up stage:accuracy: tensor(19.5874)
Warm up stage:accuracy: tensor(19.5874)
Warm up stage:accuracy: tensor(19.5874)
Warm up stage:accuracy: tensor(19.5874)
Warm up stage:accuracy: tensor(19.5874)
Warm up stage:accuracy: tensor(19.5874)
Warm up stage:accuracy: tensor(19.5874)
Warm up stage:accuracy: tensor(19.5874)
Warm up stage:accuracy: tensor(19.5874)
Warm up stage:accuracy: tensor(19.5874)
Warm up stage:accuracy: tensor(19.5874)
Warm up stage:accuracy: tensor(19.5874)
Warm up stage:accuracy: tensor(19.5874)
Warm up stage:accuracy: tensor(19.5874)
Warm up stage:accuracy: tensor(19.5874)
Warm up stage:accuracy: tensor(19.5874)
Warm up stage:accuracy: tensor(19.5874)
Warm up stage:accuracy: tensor(19.5874)
Warm up stage:accuracy: tensor(19.5874)
Warm up stage:accuracy: tensor(19.5874)
Warm up stage:accuracy: tensor(19.5874)
Warm up stage:accuracy: tensor(19.5874)
Warm up stage:accuracy: tensor(19.5874)
Warm up stage:accuracy: tensor(19.5874)
Warm up stage:accuracy: tensor(19.5874)
Warm up stage:accuracy: tensor(19.5874)
Warm up stage:accuracy: tensor(19.5874)
Warm up stage:accuracy: tensor(19.5874)
Warm up stage:accuracy: tensor(19.5874)
Warm up stage:accuracy: tensor(19.5874)
Warm up stage:accuracy: tensor(19.5874)
Warm up stage:accuracy: tensor(19.5874)
Warm up stage:accuracy: tensor(19.5874)
Warm up stage:accuracy: tensor(19.5874)
Warm up stage:accuracy: tensor(19.5874)
Warm up stage:accuracy: tensor(19.5874)
Warm up stage:accuracy: tensor(19.5874)
Warm up stage:accuracy: tensor(19.5874)
Warm up stage:accuracy: tensor(19.5874)
Warm up stage:accuracy: tensor(19.5874)
Warm up stage:accuracy: tensor(19.5874)
Warm up stage:accuracy: tensor(19.5874)
Warm up stage:accuracy: tensor(19.5874)
Warm up stage:accuracy: tensor(19.5874)
Warm up stage:accuracy: tensor(19.5874)
Warm up stage:accuracy: tensor(19.5874)
Warm up stage:accuracy: tensor(19.5874)
Warm up stage:accuracy: tensor(19.5874)
Warm up stage:accuracy: tensor(19.5874)
Warm up stage:accuracy: tensor(19.5874)
Warm up stage:accuracy: tensor(19.5874)
Warm up stage:accuracy: tensor(19.5874)
Warm up stage:accuracy: tensor(19.5874)
Warm up stage:accuracy: tensor(19.5874)
Warm up stage:accuracy: tensor(19.5874)
Warm up stage:accuracy: tensor(19.5874)
Warm up stage:accuracy: tensor(19.5874)
Warm up stage:accuracy: tensor(19.5874)
Warm up stage:accuracy: tensor(19.5874)
Warm up stage:accuracy: tensor(19.5874)
Warm up stage:accuracy: tensor(19.5874)
Warm up stage:accuracy: tensor(19.5874)
Warm up stage:accuracy: tensor(19.5874)
Warm up stage:accuracy: tensor(19.5874)
Warm up stage:accuracy: tensor(19.5874)
Warm up stage:accuracy: tensor(19.5874)
Warm up stage:accuracy: tensor(19.5874)
Warm up stage:accuracy: tensor(19.5874)
Warm up stage:accuracy: tensor(19.5874)
Warm up stage:accuracy: tensor(19.5874)
Warm up stage:accuracy: tensor(19.5874)
Warm up stage:accuracy: tensor(19.5874)
Warm up stage:accuracy: tensor(19.5874)
Warm up stage:accuracy: tensor(19.5874)
Warm up stage:accuracy: tensor(19.5874)
Warm up stage:accuracy: tensor(19.5874)
Warm up stage:accuracy: tensor(19.5874)
Warm up stage:accuracy: tensor(19.5874)
Warm up stage:accuracy: tensor(19.5874)
Warm up stage:accuracy: tensor(19.5874)
Warm up stage:accuracy: tensor(19.5874)
Warm up stage:accuracy: tensor(19.5874)
Warm up stage:accuracy: tensor(19.5874)
Warm up stage:accuracy: tensor(19.5874)
Warm up stage:accuracy: tensor(19.5874)
Warm up stage:accuracy: tensor(19.5874)
Warm up stage:accuracy: tensor(19.5874)
Warm up stage:accuracy: tensor(19.5874)
Warm up stage:accuracy: tensor(19.5874)
Warm up stage:accuracy: tensor(19.5874)
Warm up stage:accuracy: tensor(19.5874)
Warm up stage:accuracy: tensor(19.5874)
Warm up stage:accuracy: tensor(19.5874)
Warm up stage:accuracy: tensor(19.5874)
Warm up stage:accuracy: tensor(19.5874)
Warm up stage:accuracy: tensor(19.5874)
Warm up stage:accuracy: tensor(19.5874)
Warm up stage:accuracy: tensor(19.5874)
Warm up stage:accuracy: tensor(19.5874)
Warm up stage:accuracy: tensor(19.5874)
Warm up stage:accuracy: tensor(19.5874)
Warm up stage:accuracy: tensor(19.5874)
Warm up stage:accuracy: tensor(19.5874)
Warm up stage:accuracy: tensor(19.5874)
total_num_list [200352380, 131910081]
===============================================
round: 0
Participants: [73 34 23 81 60 89 51 32 37 44]
Accuracy before training:
[tensor(19.5489), tensor(15.0376), tensor(11.5385), tensor(14.0625), tensor(21.9697), tensor(18.9394), tensor(21.2121), tensor(19.5489), tensor(18.9394), tensor(19.8473)]
Accuracy After finetune:
[tensor(20.3008), tensor(15.0376), tensor(11.5385), tensor(14.0625), tensor(22.7273), tensor(18.1818), tensor(21.9697), tensor(19.5489), tensor(19.6970), tensor(19.8473)]
Accuracy After distillation:
[tensor(20.3008), tensor(15.0376), tensor(11.5385), tensor(12.5000), tensor(21.9697), tensor(18.1818), tensor(21.2121), tensor(19.5489), tensor(19.6970), tensor(19.0840)]
=============================================
accuracy [array(20.454546, dtype=float32), array(19.548872, dtype=float32), array(16.27907, dtype=float32), array(16.666666, dtype=float32), array(16.535433, dtype=float32), array(13.533834, dtype=float32), array(15.151515, dtype=float32), array(15.671641, dtype=float32), array(17.647058, dtype=float32), array(19.08397, dtype=float32), array(17.424242, dtype=float32), array(21.374046, dtype=float32), array(12.121212, dtype=float32), array(19.69697, dtype=float32), array(16.153847, dtype=float32), array(14.925373, dtype=float32), array(15.789474, dtype=float32), array(25.384615, dtype=float32), array(17.557251, dtype=float32), array(18.796993, dtype=float32), array(12.121212, dtype=float32), array(16.923077, dtype=float32), array(20., dtype=float32), array(11.538462, dtype=float32), array(18.32061, dtype=float32), array(16.296297, dtype=float32), array(11.627907, dtype=float32), array(17.692308, dtype=float32), array(14.285714, dtype=float32), array(15.151515, dtype=float32), array(16.030535, dtype=float32), array(23.484848, dtype=float32), array(19.548872, dtype=float32), array(17.910448, dtype=float32), array(15.037594, dtype=float32), array(17.424242, dtype=float32), array(12.307693, dtype=float32), array(19.69697, dtype=float32), array(19.23077, dtype=float32), array(11.450381, dtype=float32), array(18.045113, dtype=float32), array(17.293234, dtype=float32), array(20.76923, dtype=float32), array(21.374046, dtype=float32), array(19.08397, dtype=float32), array(20.454546, dtype=float32), array(25., dtype=float32), array(11.450381, dtype=float32), array(15.267176, dtype=float32), array(21.052631, dtype=float32), array(20.3125, dtype=float32), array(21.212122, dtype=float32), array(22.900763, dtype=float32), array(15.267176, dtype=float32), array(22.727272, dtype=float32), array(17.692308, dtype=float32), array(22.900763, dtype=float32), array(16.793894, dtype=float32), array(15.151515, dtype=float32), array(18.045113, dtype=float32), array(21.969696, dtype=float32), array(20.155039, dtype=float32), array(12.686567, dtype=float32), array(17.557251, dtype=float32), array(21.969696, dtype=float32), array(23.076923, dtype=float32), array(21.212122, dtype=float32), array(18.939394, dtype=float32), array(15.503876, dtype=float32), array(18.181818, dtype=float32), array(14.503817, dtype=float32), array(22.727272, dtype=float32), array(18.181818, dtype=float32), array(20.300753, dtype=float32), array(12.121212, dtype=float32), array(21.374046, dtype=float32), array(16.666666, dtype=float32), array(18.045113, dtype=float32), array(17.692308, dtype=float32), array(23.255814, dtype=float32), array(12.5, dtype=float32), array(12.5, dtype=float32), array(17.557251, dtype=float32), array(15.671641, dtype=float32), array(11.627907, dtype=float32), array(26.923077, dtype=float32), array(16.153847, dtype=float32), array(16.153847, dtype=float32), array(16.793894, dtype=float32), array(18.181818, dtype=float32), array(21.374046, dtype=float32), array(20.930233, dtype=float32), array(18.461538, dtype=float32), array(21.374046, dtype=float32), array(14.7286825, dtype=float32), array(15.151515, dtype=float32), array(17.424242, dtype=float32), array(22.307692, dtype=float32), array(17.910448, dtype=float32), array(18.32061, dtype=float32)]
average accuracy 17.868373680114747
average accuracy list [17.868373680114747]
-------------------------------------------
total_num_list [200352380, 131910081, 127131819]
===============================================
round: 1
Participants: [31 74 41 85 40 54 32 56  6  3]
Accuracy before training:
[tensor(24.2424), tensor(12.8788), tensor(17.2932), tensor(26.9231), tensor(18.0451), tensor(22.7273), tensor(19.5489), tensor(22.9008), tensor(15.9091), tensor(16.6667)]
Accuracy After finetune:
[tensor(23.4848), tensor(12.8788), tensor(16.5414), tensor(26.9231), tensor(18.0451), tensor(22.7273), tensor(20.3008), tensor(22.1374), tensor(15.9091), tensor(16.6667)]
Accuracy After distillation:
[tensor(23.4848), tensor(12.8788), tensor(17.2932), tensor(26.9231), tensor(18.7970), tensor(22.7273), tensor(19.5489), tensor(22.9008), tensor(15.9091), tensor(16.6667)]
=============================================
accuracy [array(20.454546, dtype=float32), array(19.548872, dtype=float32), array(16.27907, dtype=float32), array(16.666666, dtype=float32), array(16.535433, dtype=float32), array(13.533834, dtype=float32), array(15.909091, dtype=float32), array(15.671641, dtype=float32), array(17.647058, dtype=float32), array(19.08397, dtype=float32), array(17.424242, dtype=float32), array(21.374046, dtype=float32), array(12.121212, dtype=float32), array(19.69697, dtype=float32), array(16.153847, dtype=float32), array(14.925373, dtype=float32), array(15.789474, dtype=float32), array(25.384615, dtype=float32), array(17.557251, dtype=float32), array(18.796993, dtype=float32), array(12.121212, dtype=float32), array(16.923077, dtype=float32), array(20., dtype=float32), array(11.538462, dtype=float32), array(18.32061, dtype=float32), array(16.296297, dtype=float32), array(11.627907, dtype=float32), array(17.692308, dtype=float32), array(14.285714, dtype=float32), array(15.151515, dtype=float32), array(16.030535, dtype=float32), array(23.484848, dtype=float32), array(19.548872, dtype=float32), array(17.910448, dtype=float32), array(15.037594, dtype=float32), array(17.424242, dtype=float32), array(12.307693, dtype=float32), array(19.69697, dtype=float32), array(19.23077, dtype=float32), array(11.450381, dtype=float32), array(18.796993, dtype=float32), array(17.293234, dtype=float32), array(20.76923, dtype=float32), array(21.374046, dtype=float32), array(19.08397, dtype=float32), array(20.454546, dtype=float32), array(25., dtype=float32), array(11.450381, dtype=float32), array(15.267176, dtype=float32), array(21.052631, dtype=float32), array(20.3125, dtype=float32), array(21.212122, dtype=float32), array(22.900763, dtype=float32), array(15.267176, dtype=float32), array(22.727272, dtype=float32), array(17.692308, dtype=float32), array(22.900763, dtype=float32), array(16.793894, dtype=float32), array(15.151515, dtype=float32), array(18.045113, dtype=float32), array(21.969696, dtype=float32), array(20.155039, dtype=float32), array(12.686567, dtype=float32), array(17.557251, dtype=float32), array(21.969696, dtype=float32), array(23.076923, dtype=float32), array(21.212122, dtype=float32), array(18.939394, dtype=float32), array(15.503876, dtype=float32), array(18.181818, dtype=float32), array(14.503817, dtype=float32), array(22.727272, dtype=float32), array(18.181818, dtype=float32), array(20.300753, dtype=float32), array(12.878788, dtype=float32), array(21.374046, dtype=float32), array(16.666666, dtype=float32), array(18.045113, dtype=float32), array(17.692308, dtype=float32), array(23.255814, dtype=float32), array(12.5, dtype=float32), array(12.5, dtype=float32), array(17.557251, dtype=float32), array(15.671641, dtype=float32), array(11.627907, dtype=float32), array(26.923077, dtype=float32), array(16.153847, dtype=float32), array(16.153847, dtype=float32), array(16.793894, dtype=float32), array(18.181818, dtype=float32), array(21.374046, dtype=float32), array(20.930233, dtype=float32), array(18.461538, dtype=float32), array(21.374046, dtype=float32), array(14.7286825, dtype=float32), array(15.151515, dtype=float32), array(17.424242, dtype=float32), array(22.307692, dtype=float32), array(17.910448, dtype=float32), array(18.32061, dtype=float32)]
average accuracy 17.891044006347656
average accuracy list [17.868373680114747, 17.891044006347656]
-------------------------------------------
total_num_list [200352380, 131910081, 127131819, 117464209]
===============================================
round: 2
Participants: [63 73 29 50 75 35 40  3 97 15]
Accuracy before training:
[tensor(17.5573), tensor(21.0526), tensor(15.1515), tensor(20.3125), tensor(21.3740), tensor(16.6667), tensor(18.0451), tensor(16.6667), tensor(22.3077), tensor(13.4328)]
Accuracy After finetune:
[tensor(17.5573), tensor(21.0526), tensor(14.3939), tensor(20.3125), tensor(21.3740), tensor(17.4242), tensor(18.7970), tensor(16.6667), tensor(22.3077), tensor(14.1791)]
Accuracy After distillation:
[tensor(17.5573), tensor(21.0526), tensor(15.9091), tensor(18.7500), tensor(21.3740), tensor(17.4242), tensor(18.7970), tensor(15.9091), tensor(22.3077), tensor(14.9254)]
=============================================
accuracy [array(20.454546, dtype=float32), array(19.548872, dtype=float32), array(16.27907, dtype=float32), array(15.909091, dtype=float32), array(16.535433, dtype=float32), array(13.533834, dtype=float32), array(15.909091, dtype=float32), array(15.671641, dtype=float32), array(17.647058, dtype=float32), array(19.08397, dtype=float32), array(17.424242, dtype=float32), array(21.374046, dtype=float32), array(12.121212, dtype=float32), array(19.69697, dtype=float32), array(16.153847, dtype=float32), array(14.925373, dtype=float32), array(15.789474, dtype=float32), array(25.384615, dtype=float32), array(17.557251, dtype=float32), array(18.796993, dtype=float32), array(12.121212, dtype=float32), array(16.923077, dtype=float32), array(20., dtype=float32), array(11.538462, dtype=float32), array(18.32061, dtype=float32), array(16.296297, dtype=float32), array(11.627907, dtype=float32), array(17.692308, dtype=float32), array(14.285714, dtype=float32), array(15.909091, dtype=float32), array(16.030535, dtype=float32), array(23.484848, dtype=float32), array(19.548872, dtype=float32), array(17.910448, dtype=float32), array(15.037594, dtype=float32), array(17.424242, dtype=float32), array(12.307693, dtype=float32), array(19.69697, dtype=float32), array(19.23077, dtype=float32), array(11.450381, dtype=float32), array(18.796993, dtype=float32), array(17.293234, dtype=float32), array(20.76923, dtype=float32), array(21.374046, dtype=float32), array(19.08397, dtype=float32), array(20.454546, dtype=float32), array(25., dtype=float32), array(11.450381, dtype=float32), array(15.267176, dtype=float32), array(21.052631, dtype=float32), array(18.75, dtype=float32), array(21.212122, dtype=float32), array(22.900763, dtype=float32), array(15.267176, dtype=float32), array(22.727272, dtype=float32), array(17.692308, dtype=float32), array(22.900763, dtype=float32), array(16.793894, dtype=float32), array(15.151515, dtype=float32), array(18.045113, dtype=float32), array(21.969696, dtype=float32), array(20.155039, dtype=float32), array(12.686567, dtype=float32), array(17.557251, dtype=float32), array(21.969696, dtype=float32), array(23.076923, dtype=float32), array(21.212122, dtype=float32), array(18.939394, dtype=float32), array(15.503876, dtype=float32), array(18.181818, dtype=float32), array(14.503817, dtype=float32), array(22.727272, dtype=float32), array(18.181818, dtype=float32), array(21.052631, dtype=float32), array(12.878788, dtype=float32), array(21.374046, dtype=float32), array(16.666666, dtype=float32), array(18.045113, dtype=float32), array(17.692308, dtype=float32), array(23.255814, dtype=float32), array(12.5, dtype=float32), array(12.5, dtype=float32), array(17.557251, dtype=float32), array(15.671641, dtype=float32), array(11.627907, dtype=float32), array(26.923077, dtype=float32), array(16.153847, dtype=float32), array(16.153847, dtype=float32), array(16.793894, dtype=float32), array(18.181818, dtype=float32), array(21.374046, dtype=float32), array(20.930233, dtype=float32), array(18.461538, dtype=float32), array(21.374046, dtype=float32), array(14.7286825, dtype=float32), array(15.151515, dtype=float32), array(17.424242, dtype=float32), array(22.307692, dtype=float32), array(17.910448, dtype=float32), array(18.32061, dtype=float32)]
average accuracy 17.882937803268433
average accuracy list [17.868373680114747, 17.891044006347656, 17.882937803268433]
-------------------------------------------
total_num_list [200352380, 131910081, 127131819, 117464209, 119326128]
===============================================
round: 3
Participants: [ 3 57 30 95 11 49 18 99  1 51]
Accuracy before training:
[tensor(16.6667), tensor(16.7939), tensor(15.2672), tensor(16.6667), tensor(21.3740), tensor(20.3008), tensor(16.7939), tensor(18.3206), tensor(20.3008), tensor(21.9697)]
Accuracy After finetune:
[tensor(16.6667), tensor(16.7939), tensor(16.0305), tensor(15.9091), tensor(20.6107), tensor(21.0526), tensor(17.5573), tensor(17.5573), tensor(18.7970), tensor(21.9697)]
Accuracy After distillation:
[tensor(31.0606), tensor(16.7939), tensor(16.0305), tensor(16.6667), tensor(21.3740), tensor(20.3008), tensor(16.7939), tensor(18.3206), tensor(19.5489), tensor(21.9697)]
=============================================
accuracy [array(20.454546, dtype=float32), array(19.548872, dtype=float32), array(16.27907, dtype=float32), array(31.060606, dtype=float32), array(16.535433, dtype=float32), array(13.533834, dtype=float32), array(15.909091, dtype=float32), array(15.671641, dtype=float32), array(17.647058, dtype=float32), array(19.08397, dtype=float32), array(17.424242, dtype=float32), array(21.374046, dtype=float32), array(12.121212, dtype=float32), array(19.69697, dtype=float32), array(16.153847, dtype=float32), array(14.925373, dtype=float32), array(15.789474, dtype=float32), array(25.384615, dtype=float32), array(16.793894, dtype=float32), array(18.796993, dtype=float32), array(12.121212, dtype=float32), array(16.923077, dtype=float32), array(20., dtype=float32), array(11.538462, dtype=float32), array(18.32061, dtype=float32), array(16.296297, dtype=float32), array(11.627907, dtype=float32), array(17.692308, dtype=float32), array(14.285714, dtype=float32), array(15.909091, dtype=float32), array(16.030535, dtype=float32), array(23.484848, dtype=float32), array(19.548872, dtype=float32), array(17.910448, dtype=float32), array(15.037594, dtype=float32), array(17.424242, dtype=float32), array(12.307693, dtype=float32), array(19.69697, dtype=float32), array(19.23077, dtype=float32), array(11.450381, dtype=float32), array(18.796993, dtype=float32), array(17.293234, dtype=float32), array(20.76923, dtype=float32), array(21.374046, dtype=float32), array(19.08397, dtype=float32), array(20.454546, dtype=float32), array(25., dtype=float32), array(11.450381, dtype=float32), array(15.267176, dtype=float32), array(20.300753, dtype=float32), array(18.75, dtype=float32), array(21.969696, dtype=float32), array(22.900763, dtype=float32), array(15.267176, dtype=float32), array(22.727272, dtype=float32), array(17.692308, dtype=float32), array(22.900763, dtype=float32), array(16.793894, dtype=float32), array(15.151515, dtype=float32), array(18.045113, dtype=float32), array(21.969696, dtype=float32), array(20.155039, dtype=float32), array(12.686567, dtype=float32), array(17.557251, dtype=float32), array(21.969696, dtype=float32), array(23.076923, dtype=float32), array(21.212122, dtype=float32), array(18.939394, dtype=float32), array(15.503876, dtype=float32), array(18.181818, dtype=float32), array(14.503817, dtype=float32), array(22.727272, dtype=float32), array(18.181818, dtype=float32), array(21.052631, dtype=float32), array(12.878788, dtype=float32), array(21.374046, dtype=float32), array(16.666666, dtype=float32), array(18.045113, dtype=float32), array(17.692308, dtype=float32), array(23.255814, dtype=float32), array(12.5, dtype=float32), array(12.5, dtype=float32), array(17.557251, dtype=float32), array(15.671641, dtype=float32), array(11.627907, dtype=float32), array(26.923077, dtype=float32), array(16.153847, dtype=float32), array(16.153847, dtype=float32), array(16.793894, dtype=float32), array(18.181818, dtype=float32), array(21.374046, dtype=float32), array(20.930233, dtype=float32), array(18.461538, dtype=float32), array(21.374046, dtype=float32), array(14.7286825, dtype=float32), array(16.666666, dtype=float32), array(17.424242, dtype=float32), array(22.307692, dtype=float32), array(17.910448, dtype=float32), array(18.32061, dtype=float32)]
average accuracy 18.04202784538269
average accuracy list [17.868373680114747, 17.891044006347656, 17.882937803268433, 18.04202784538269]
-------------------------------------------
total_num_list [200352380, 131910081, 127131819, 117464209, 119326128, 119442145]
===============================================
round: 4
Participants: [ 2 39  0 82 99 65 68 10 51 67]
Accuracy before training:
[tensor(17.0543), tensor(11.4504), tensor(20.4545), tensor(17.5573), tensor(18.3206), tensor(23.0769), tensor(16.2791), tensor(16.6667), tensor(21.2121), tensor(18.9394)]
Accuracy After finetune:
[tensor(17.0543), tensor(11.4504), tensor(20.4545), tensor(16.7939), tensor(18.3206), tensor(23.0769), tensor(17.8295), tensor(17.4242), tensor(21.2121), tensor(18.1818)]
Accuracy After distillation:
[tensor(17.0543), tensor(11.4504), tensor(20.4545), tensor(17.5573), tensor(18.3206), tensor(23.0769), tensor(16.2791), tensor(17.4242), tensor(32.5758), tensor(18.9394)]
=============================================
accuracy [array(20.454546, dtype=float32), array(19.548872, dtype=float32), array(17.054264, dtype=float32), array(31.060606, dtype=float32), array(16.535433, dtype=float32), array(13.533834, dtype=float32), array(15.909091, dtype=float32), array(15.671641, dtype=float32), array(17.647058, dtype=float32), array(19.08397, dtype=float32), array(17.424242, dtype=float32), array(21.374046, dtype=float32), array(12.121212, dtype=float32), array(19.69697, dtype=float32), array(16.153847, dtype=float32), array(14.925373, dtype=float32), array(15.789474, dtype=float32), array(25.384615, dtype=float32), array(16.793894, dtype=float32), array(18.796993, dtype=float32), array(12.121212, dtype=float32), array(16.923077, dtype=float32), array(20., dtype=float32), array(11.538462, dtype=float32), array(18.32061, dtype=float32), array(16.296297, dtype=float32), array(11.627907, dtype=float32), array(17.692308, dtype=float32), array(14.285714, dtype=float32), array(15.909091, dtype=float32), array(16.030535, dtype=float32), array(23.484848, dtype=float32), array(19.548872, dtype=float32), array(17.910448, dtype=float32), array(15.037594, dtype=float32), array(17.424242, dtype=float32), array(12.307693, dtype=float32), array(19.69697, dtype=float32), array(19.23077, dtype=float32), array(11.450381, dtype=float32), array(18.796993, dtype=float32), array(17.293234, dtype=float32), array(20.76923, dtype=float32), array(21.374046, dtype=float32), array(19.08397, dtype=float32), array(20.454546, dtype=float32), array(25., dtype=float32), array(11.450381, dtype=float32), array(15.267176, dtype=float32), array(20.300753, dtype=float32), array(18.75, dtype=float32), array(32.575756, dtype=float32), array(22.900763, dtype=float32), array(15.267176, dtype=float32), array(22.727272, dtype=float32), array(17.692308, dtype=float32), array(22.900763, dtype=float32), array(16.793894, dtype=float32), array(15.151515, dtype=float32), array(18.045113, dtype=float32), array(21.969696, dtype=float32), array(20.155039, dtype=float32), array(12.686567, dtype=float32), array(17.557251, dtype=float32), array(21.969696, dtype=float32), array(23.076923, dtype=float32), array(21.212122, dtype=float32), array(18.939394, dtype=float32), array(16.27907, dtype=float32), array(18.181818, dtype=float32), array(14.503817, dtype=float32), array(22.727272, dtype=float32), array(18.181818, dtype=float32), array(21.052631, dtype=float32), array(12.878788, dtype=float32), array(21.374046, dtype=float32), array(16.666666, dtype=float32), array(18.045113, dtype=float32), array(17.692308, dtype=float32), array(23.255814, dtype=float32), array(12.5, dtype=float32), array(12.5, dtype=float32), array(17.557251, dtype=float32), array(15.671641, dtype=float32), array(11.627907, dtype=float32), array(26.923077, dtype=float32), array(16.153847, dtype=float32), array(16.153847, dtype=float32), array(16.793894, dtype=float32), array(18.181818, dtype=float32), array(21.374046, dtype=float32), array(20.930233, dtype=float32), array(18.461538, dtype=float32), array(21.374046, dtype=float32), array(14.7286825, dtype=float32), array(16.666666, dtype=float32), array(17.424242, dtype=float32), array(22.307692, dtype=float32), array(17.910448, dtype=float32), array(18.32061, dtype=float32)]
average accuracy 18.163592329025267
average accuracy list [17.868373680114747, 17.891044006347656, 17.882937803268433, 18.04202784538269, 18.163592329025267]
-------------------------------------------
total_num_list [200352380, 131910081, 127131819, 117464209, 119326128, 119442145, 109631256]
===============================================
round: 5
Participants: [72 20 19 58 31 15 73 13 43 81]
Accuracy before training:
[tensor(17.4242), tensor(12.8788), tensor(18.0451), tensor(15.1515), tensor(24.2424), tensor(14.9254), tensor(20.3008), tensor(19.6970), tensor(21.3740), tensor(14.8438)]
Accuracy After finetune:
[tensor(17.4242), tensor(12.1212), tensor(18.7970), tensor(15.1515), tensor(23.4848), tensor(14.9254), tensor(21.0526), tensor(19.6970), tensor(21.3740), tensor(13.2812)]
Accuracy After distillation:
[tensor(18.1818), tensor(12.8788), tensor(18.0451), tensor(15.1515), tensor(23.4848), tensor(14.9254), tensor(28.5714), tensor(19.6970), tensor(21.3740), tensor(14.8438)]
=============================================
accuracy [array(20.454546, dtype=float32), array(19.548872, dtype=float32), array(17.054264, dtype=float32), array(31.060606, dtype=float32), array(16.535433, dtype=float32), array(13.533834, dtype=float32), array(15.909091, dtype=float32), array(15.671641, dtype=float32), array(17.647058, dtype=float32), array(19.08397, dtype=float32), array(17.424242, dtype=float32), array(21.374046, dtype=float32), array(12.121212, dtype=float32), array(19.69697, dtype=float32), array(16.153847, dtype=float32), array(14.925373, dtype=float32), array(15.789474, dtype=float32), array(25.384615, dtype=float32), array(16.793894, dtype=float32), array(18.045113, dtype=float32), array(12.878788, dtype=float32), array(16.923077, dtype=float32), array(20., dtype=float32), array(11.538462, dtype=float32), array(18.32061, dtype=float32), array(16.296297, dtype=float32), array(11.627907, dtype=float32), array(17.692308, dtype=float32), array(14.285714, dtype=float32), array(15.909091, dtype=float32), array(16.030535, dtype=float32), array(23.484848, dtype=float32), array(19.548872, dtype=float32), array(17.910448, dtype=float32), array(15.037594, dtype=float32), array(17.424242, dtype=float32), array(12.307693, dtype=float32), array(19.69697, dtype=float32), array(19.23077, dtype=float32), array(11.450381, dtype=float32), array(18.796993, dtype=float32), array(17.293234, dtype=float32), array(20.76923, dtype=float32), array(21.374046, dtype=float32), array(19.08397, dtype=float32), array(20.454546, dtype=float32), array(25., dtype=float32), array(11.450381, dtype=float32), array(15.267176, dtype=float32), array(20.300753, dtype=float32), array(18.75, dtype=float32), array(32.575756, dtype=float32), array(22.900763, dtype=float32), array(15.267176, dtype=float32), array(22.727272, dtype=float32), array(17.692308, dtype=float32), array(22.900763, dtype=float32), array(16.793894, dtype=float32), array(15.151515, dtype=float32), array(18.045113, dtype=float32), array(21.969696, dtype=float32), array(20.155039, dtype=float32), array(12.686567, dtype=float32), array(17.557251, dtype=float32), array(21.969696, dtype=float32), array(23.076923, dtype=float32), array(21.212122, dtype=float32), array(18.939394, dtype=float32), array(16.27907, dtype=float32), array(18.181818, dtype=float32), array(14.503817, dtype=float32), array(22.727272, dtype=float32), array(18.181818, dtype=float32), array(28.571428, dtype=float32), array(12.878788, dtype=float32), array(21.374046, dtype=float32), array(16.666666, dtype=float32), array(18.045113, dtype=float32), array(17.692308, dtype=float32), array(23.255814, dtype=float32), array(12.5, dtype=float32), array(14.84375, dtype=float32), array(17.557251, dtype=float32), array(15.671641, dtype=float32), array(11.627907, dtype=float32), array(26.923077, dtype=float32), array(16.153847, dtype=float32), array(16.153847, dtype=float32), array(16.793894, dtype=float32), array(18.181818, dtype=float32), array(21.374046, dtype=float32), array(20.930233, dtype=float32), array(18.461538, dtype=float32), array(21.374046, dtype=float32), array(14.7286825, dtype=float32), array(16.666666, dtype=float32), array(17.424242, dtype=float32), array(22.307692, dtype=float32), array(17.910448, dtype=float32), array(18.32061, dtype=float32)]
average accuracy 18.26227475166321
average accuracy list [17.868373680114747, 17.891044006347656, 17.882937803268433, 18.04202784538269, 18.163592329025267, 18.26227475166321]
-------------------------------------------
total_num_list [200352380, 131910081, 127131819, 117464209, 119326128, 119442145, 109631256, 114481090]
